#
# There is insufficient memory for the Java Runtime Environment to continue.
# Native memory allocation (malloc) failed to allocate 1514896 bytes for Chunk::new
# Possible reasons:
#   The system is out of physical RAM or swap space
#   The process is running with CompressedOops enabled, and the Java Heap may be blocking the growth of the native heap
# Possible solutions:
#   Reduce memory load on the system
#   Increase physical memory or swap space
#   Check if swap backing store is full
#   Decrease Java heap size (-Xmx/-Xms)
#   Decrease number of Java threads
#   Decrease Java thread stack sizes (-Xss)
#   Set larger code cache with -XX:ReservedCodeCacheSize=
#   JVM is running with Unscaled Compressed Oops mode in which the Java heap is
#     placed in the first 4GB address space. The Java Heap base address is the
#     maximum limit for the native heap growth. Please use -XX:HeapBaseMinAddress
#     to set the Java Heap base and to place the Java Heap above 4GB virtual address.
# This output file may be truncated or incomplete.
#
#  Out of Memory Error (src/hotspot/share/memory/arena.cpp:197), pid=3020, tid=14956
#
# JRE version: OpenJDK Runtime Environment (11.0.15) (build 11.0.15+0-b2043.56-8887301)
# Java VM: OpenJDK 64-Bit Server VM (11.0.15+0-b2043.56-8887301, mixed mode, tiered, compressed oops, g1 gc, windows-amd64)
# No core dump will be written. Minidumps are not enabled by default on client versions of Windows
#

---------------  S U M M A R Y ------------

Command Line: --add-opens=java.base/java.util=ALL-UNNAMED --add-opens=java.base/java.lang=ALL-UNNAMED --add-opens=java.base/java.lang.invoke=ALL-UNNAMED --add-opens=java.base/java.util=ALL-UNNAMED --add-opens=java.prefs/java.util.prefs=ALL-UNNAMED --add-opens=java.prefs/java.util.prefs=ALL-UNNAMED --add-opens=java.base/java.nio.charset=ALL-UNNAMED --add-opens=java.base/java.net=ALL-UNNAMED --add-opens=java.base/java.util.concurrent.atomic=ALL-UNNAMED -Xmx2048m -Dfile.encoding=UTF-8 -Duser.country=US -Duser.language=en -Duser.variant org.gradle.launcher.daemon.bootstrap.GradleDaemon 7.5

Host: Intel(R) Core(TM) i3-1005G1 CPU @ 1.20GHz, 4 cores, 11G,  Windows 11 , 64 bit Build 22621 (10.0.22621.1635)
Time: Fri Jun  9 22:59:02 2023 Malay Peninsula Standard Time elapsed time: 9287.451721 seconds (0d 2h 34m 47s)

---------------  T H R E A D  ---------------

Current thread (0x00000204a2695000):  JavaThread "C2 CompilerThread0" daemon [_thread_in_native, id=14956, stack(0x0000006cb3500000,0x0000006cb3600000)]


Current CompileTask:
C2:9287452 34671 % !   4       org.apache.xerces.impl.XMLDocumentFragmentScannerImpl$FragmentContentDispatcher::dispatch @ 0 (1128 bytes)

Stack: [0x0000006cb3500000,0x0000006cb3600000]
Native frames: (J=compiled Java code, j=interpreted, Vv=VM code, C=native code)
V  [jvm.dll+0x64135a]
V  [jvm.dll+0x7d39f9]
V  [jvm.dll+0x7d51b9]
V  [jvm.dll+0x7d58a3]
V  [jvm.dll+0x2691c5]
V  [jvm.dll+0xc1a5c]
V  [jvm.dll+0xc200c]
V  [jvm.dll+0x377462]
V  [jvm.dll+0x342495]
V  [jvm.dll+0x34186a]
V  [jvm.dll+0x2214bd]
V  [jvm.dll+0x220498]
V  [jvm.dll+0x19e851]
V  [jvm.dll+0x230479]
V  [jvm.dll+0x22e5ef]
V  [jvm.dll+0x794de1]
V  [jvm.dll+0x78dc24]
V  [jvm.dll+0x6400f6]
C  [ucrtbase.dll+0x29363]
C  [KERNEL32.DLL+0x126ad]
C  [ntdll.dll+0x5a9f8]


---------------  P R O C E S S  ---------------

Threads class SMR info:
_java_thread_list=0x00000204ad4c5f40, length=88, elements={
0x00000204881df000, 0x00000204a2633800, 0x00000204a2636800, 0x00000204a268f800,
0x00000204a2692800, 0x00000204a2694000, 0x00000204a2695000, 0x00000204a2696000,
0x00000204a26a2800, 0x00000204a27f9800, 0x00000204a486d800, 0x00000204a29f8000,
0x00000204a459b000, 0x00000204a5459800, 0x00000204a5458000, 0x00000204a545a800,
0x00000204a545b000, 0x00000204a5455800, 0x00000204a5457000, 0x00000204a2e5e000,
0x00000204a2e5c800, 0x00000204a2e5f000, 0x00000204a2e5a000, 0x00000204a2e5a800,
0x00000204a537f000, 0x00000204a97d6000, 0x00000204a2e61000, 0x00000204ac224000,
0x00000204ac225000, 0x00000204a97d3000, 0x00000204a97d1800, 0x00000204a97d2000,
0x00000204a97d0800, 0x00000204a97d3800, 0x00000204a97d4800, 0x00000204a97d5800,
0x00000204a97cf800, 0x00000204a97d7000, 0x00000204a97db000, 0x00000204a97dc000,
0x00000204a97d8000, 0x00000204a97d8800, 0x00000204a97d9800, 0x00000204a5373800,
0x00000204a5372000, 0x00000204a5372800, 0x00000204a5374800, 0x00000204a5375000,
0x00000204a5376000, 0x00000204a5370800, 0x00000204a5377000, 0x00000204a5371000,
0x00000204a537b800, 0x00000204a5379800, 0x00000204a537b000, 0x00000204a5377800,
0x00000204a537a000, 0x00000204a537c800, 0x00000204a537d800, 0x00000204a537e000,
0x00000204a5378800, 0x00000204ac226800, 0x00000204ac22b800, 0x00000204ac227800,
0x00000204ac229800, 0x00000204ac22a800, 0x00000204ac225800, 0x00000204ac22d000,
0x00000204ac22e000, 0x00000204ac228000, 0x00000204ac22e800, 0x00000204ac229000,
0x00000204ac22f800, 0x00000204ac230800, 0x00000204ac231000, 0x00000204ac232000,
0x00000204ac232800, 0x00000204ad42d000, 0x00000204ad42f800, 0x00000204ad431000,
0x00000204ad42d800, 0x00000204ad430000, 0x00000204ad432000, 0x00000204ad433800,
0x00000204ad434000, 0x00000204ad42e800, 0x00000204ad436800, 0x00000204a42fe800
}

Java Threads: ( => current thread )
  0x00000204881df000 JavaThread "main" [_thread_blocked, id=4668, stack(0x0000006cb2900000,0x0000006cb2a00000)]
  0x00000204a2633800 JavaThread "Reference Handler" daemon [_thread_blocked, id=2916, stack(0x0000006cb3000000,0x0000006cb3100000)]
  0x00000204a2636800 JavaThread "Finalizer" daemon [_thread_blocked, id=15412, stack(0x0000006cb3100000,0x0000006cb3200000)]
  0x00000204a268f800 JavaThread "Signal Dispatcher" daemon [_thread_blocked, id=7280, stack(0x0000006cb3200000,0x0000006cb3300000)]
  0x00000204a2692800 JavaThread "Attach Listener" daemon [_thread_blocked, id=1544, stack(0x0000006cb3300000,0x0000006cb3400000)]
  0x00000204a2694000 JavaThread "Service Thread" daemon [_thread_blocked, id=924, stack(0x0000006cb3400000,0x0000006cb3500000)]
=>0x00000204a2695000 JavaThread "C2 CompilerThread0" daemon [_thread_in_native, id=14956, stack(0x0000006cb3500000,0x0000006cb3600000)]
  0x00000204a2696000 JavaThread "C1 CompilerThread0" daemon [_thread_in_native, id=11328, stack(0x0000006cb3600000,0x0000006cb3700000)]
  0x00000204a26a2800 JavaThread "Sweeper thread" daemon [_thread_blocked, id=13740, stack(0x0000006cb3700000,0x0000006cb3800000)]
  0x00000204a27f9800 JavaThread "Common-Cleaner" daemon [_thread_blocked, id=15772, stack(0x0000006cb3800000,0x0000006cb3900000)]
  0x00000204a486d800 JavaThread "Daemon health stats" [_thread_blocked, id=10256, stack(0x0000006cb3e00000,0x0000006cb3f00000)]
  0x00000204a29f8000 JavaThread "Incoming local TCP Connector on port 50131" [_thread_in_native, id=4656, stack(0x0000006cb3a00000,0x0000006cb3b00000)]
  0x00000204a459b000 JavaThread "Daemon periodic checks" [_thread_blocked, id=4012, stack(0x0000006cb3f00000,0x0000006cb4000000)]
  0x00000204a5459800 JavaThread "Cache worker for journal cache (C:\Users\Acer\.gradle\caches\journal-1)" [_thread_blocked, id=16916, stack(0x0000006cb4800000,0x0000006cb4900000)]
  0x00000204a5458000 JavaThread "File lock request listener" [_thread_in_native, id=15032, stack(0x0000006cb4900000,0x0000006cb4a00000)]
  0x00000204a545a800 JavaThread "Cache worker for file hash cache (C:\Users\Acer\.gradle\caches\7.5\fileHashes)" [_thread_blocked, id=19424, stack(0x0000006cb4a00000,0x0000006cb4b00000)]
  0x00000204a545b000 JavaThread "File watcher server" daemon [_thread_in_native, id=4796, stack(0x0000006cb4600000,0x0000006cb4700000)]
  0x00000204a5455800 JavaThread "File watcher consumer" daemon [_thread_blocked, id=6444, stack(0x0000006cb4b00000,0x0000006cb4c00000)]
  0x00000204a5457000 JavaThread "Cache worker for file content cache (C:\Users\Acer\.gradle\caches\7.5\fileContent)" [_thread_blocked, id=4664, stack(0x0000006cb4e00000,0x0000006cb4f00000)]
  0x00000204a2e5e000 JavaThread "Cache worker for execution history cache (C:\Users\Acer\.gradle\caches\7.5\executionHistory)" [_thread_blocked, id=4032, stack(0x0000006cb5100000,0x0000006cb5200000)]
  0x00000204a2e5c800 JavaThread "jar transforms" [_thread_blocked, id=616, stack(0x0000006cb5200000,0x0000006cb5300000)]
  0x00000204a2e5f000 JavaThread "jar transforms Thread 2" [_thread_blocked, id=3628, stack(0x0000006cb5400000,0x0000006cb5500000)]
  0x00000204a2e5a000 JavaThread "jar transforms Thread 3" [_thread_blocked, id=7028, stack(0x0000006cb5500000,0x0000006cb5600000)]
  0x00000204a2e5a800 JavaThread "jar transforms Thread 4" [_thread_blocked, id=7600, stack(0x0000006cb5600000,0x0000006cb5700000)]
  0x00000204a537f000 JavaThread "Memory manager" [_thread_blocked, id=5536, stack(0x0000006cb8200000,0x0000006cb8300000)]
  0x00000204a97d6000 JavaThread "Cache worker for Java compile cache (C:\Users\Acer\.gradle\caches\7.5\javaCompile)" [_thread_blocked, id=10224, stack(0x0000006cb9300000,0x0000006cb9400000)]
  0x00000204a2e61000 JavaThread "ForkJoinPool.commonPool-worker-3" daemon [_thread_blocked, id=6964, stack(0x0000006cb7e00000,0x0000006cb7f00000)]
  0x00000204ac224000 JavaThread "Daemon Thread 16" [_thread_blocked, id=2132, stack(0x0000006cb2700000,0x0000006cb2800000)]
  0x00000204ac225000 JavaThread "Daemon worker Thread 16" [_thread_blocked, id=3724, stack(0x0000006cb4100000,0x0000006cb4200000)]
  0x00000204a97d3000 JavaThread "included builds" [_thread_blocked, id=17460, stack(0x0000006cb8000000,0x0000006cb8100000)]
  0x00000204a97d1800 JavaThread "Handler for socket connection from /127.0.0.1:50131 to /127.0.0.1:62920" [_thread_in_native, id=6152, stack(0x0000006cb2600000,0x0000006cb2700000)]
  0x00000204a97d2000 JavaThread "Cancel handler" [_thread_blocked, id=6180, stack(0x0000006cb2800000,0x0000006cb2900000)]
  0x00000204a97d0800 JavaThread "Asynchronous log dispatcher for DefaultDaemonConnection: socket connection from /127.0.0.1:50131 to /127.0.0.1:62920" [_thread_blocked, id=8436, stack(0x0000006cb4000000,0x0000006cb4100000)]
  0x00000204a97d3800 JavaThread "Stdin handler" [_thread_blocked, id=17108, stack(0x0000006cb4200000,0x0000006cb4300000)]
  0x00000204a97d4800 JavaThread "Daemon client event forwarder" [_thread_blocked, id=16680, stack(0x0000006cb4300000,0x0000006cb4400000)]
  0x00000204a97d5800 JavaThread "Cache worker for checksums cache (D:\PILLDISPENSER_WIP\BottomNavigation\.gradle\7.5\checksums)" [_thread_blocked, id=4124, stack(0x0000006cb4400000,0x0000006cb4500000)]
  0x00000204a97cf800 JavaThread "Cache worker for cache directory md-rule (C:\Users\Acer\.gradle\caches\7.5\md-rule)" [_thread_blocked, id=3256, stack(0x0000006cb4500000,0x0000006cb4600000)]
  0x00000204a97d7000 JavaThread "Cache worker for file hash cache (D:\PILLDISPENSER_WIP\BottomNavigation\.gradle\7.5\fileHashes)" [_thread_blocked, id=3644, stack(0x0000006cb4700000,0x0000006cb4800000)]
  0x00000204a97db000 JavaThread "Cache worker for cache directory md-supplier (C:\Users\Acer\.gradle\caches\7.5\md-supplier)" [_thread_blocked, id=16880, stack(0x0000006cb4c00000,0x0000006cb4d00000)]
  0x00000204a97dc000 JavaThread "Cache worker for dependencies-accessors (D:\PILLDISPENSER_WIP\BottomNavigation\.gradle\7.5\dependencies-accessors)" [_thread_blocked, id=10336, stack(0x0000006cb4d00000,0x0000006cb4e00000)]
  0x00000204a97d8000 JavaThread "Cache worker for Build Output Cleanup Cache (D:\PILLDISPENSER_WIP\BottomNavigation\.gradle\buildOutputCleanup)" [_thread_blocked, id=7584, stack(0x0000006cb4f00000,0x0000006cb5000000)]
  0x00000204a97d8800 JavaThread "Unconstrained build operations" [_thread_blocked, id=4060, stack(0x0000006cb5000000,0x0000006cb5100000)]
  0x00000204a97d9800 JavaThread "Unconstrained build operations Thread 2" [_thread_blocked, id=8872, stack(0x0000006cb5300000,0x0000006cb5400000)]
  0x00000204a5373800 JavaThread "Unconstrained build operations Thread 3" [_thread_blocked, id=18208, stack(0x0000006cb5700000,0x0000006cb5800000)]
  0x00000204a5372000 JavaThread "Unconstrained build operations Thread 4" [_thread_blocked, id=5584, stack(0x0000006cb5800000,0x0000006cb5900000)]
  0x00000204a5372800 JavaThread "Unconstrained build operations Thread 5" [_thread_blocked, id=3928, stack(0x0000006cb5900000,0x0000006cb5a00000)]
  0x00000204a5374800 JavaThread "Unconstrained build operations Thread 6" [_thread_blocked, id=2180, stack(0x0000006cb5a00000,0x0000006cb5b00000)]
  0x00000204a5375000 JavaThread "Unconstrained build operations Thread 7" [_thread_blocked, id=16380, stack(0x0000006cb5b00000,0x0000006cb5c00000)]
  0x00000204a5376000 JavaThread "Unconstrained build operations Thread 8" [_thread_blocked, id=9600, stack(0x0000006cb5c00000,0x0000006cb5d00000)]
  0x00000204a5370800 JavaThread "Unconstrained build operations Thread 9" [_thread_blocked, id=6648, stack(0x0000006cb5d00000,0x0000006cb5e00000)]
  0x00000204a5377000 JavaThread "Unconstrained build operations Thread 10" [_thread_blocked, id=17852, stack(0x0000006cb5e00000,0x0000006cb5f00000)]
  0x00000204a5371000 JavaThread "Unconstrained build operations Thread 11" [_thread_blocked, id=19316, stack(0x0000006cb5f00000,0x0000006cb6000000)]
  0x00000204a537b800 JavaThread "Unconstrained build operations Thread 12" [_thread_blocked, id=14392, stack(0x0000006cb6000000,0x0000006cb6100000)]
  0x00000204a5379800 JavaThread "Unconstrained build operations Thread 13" [_thread_blocked, id=10372, stack(0x0000006cb6100000,0x0000006cb6200000)]
  0x00000204a537b000 JavaThread "Unconstrained build operations Thread 14" [_thread_blocked, id=14100, stack(0x0000006cb6200000,0x0000006cb6300000)]
  0x00000204a5377800 JavaThread "Unconstrained build operations Thread 15" [_thread_blocked, id=3340, stack(0x0000006cb6300000,0x0000006cb6400000)]
  0x00000204a537a000 JavaThread "Unconstrained build operations Thread 16" [_thread_blocked, id=12032, stack(0x0000006cb6400000,0x0000006cb6500000)]
  0x00000204a537c800 JavaThread "Unconstrained build operations Thread 17" [_thread_blocked, id=15660, stack(0x0000006cb6500000,0x0000006cb6600000)]
  0x00000204a537d800 JavaThread "Unconstrained build operations Thread 18" [_thread_blocked, id=12152, stack(0x0000006cb6600000,0x0000006cb6700000)]
  0x00000204a537e000 JavaThread "Unconstrained build operations Thread 19" [_thread_blocked, id=8744, stack(0x0000006cb6700000,0x0000006cb6800000)]
  0x00000204a5378800 JavaThread "Unconstrained build operations Thread 20" [_thread_blocked, id=3572, stack(0x0000006cb6800000,0x0000006cb6900000)]
  0x00000204ac226800 JavaThread "Unconstrained build operations Thread 21" [_thread_blocked, id=19408, stack(0x0000006cb6900000,0x0000006cb6a00000)]
  0x00000204ac22b800 JavaThread "Unconstrained build operations Thread 22" [_thread_blocked, id=9868, stack(0x0000006cb6a00000,0x0000006cb6b00000)]
  0x00000204ac227800 JavaThread "Unconstrained build operations Thread 23" [_thread_blocked, id=17072, stack(0x0000006cb6b00000,0x0000006cb6c00000)]
  0x00000204ac229800 JavaThread "Unconstrained build operations Thread 24" [_thread_blocked, id=12060, stack(0x0000006cb6c00000,0x0000006cb6d00000)]
  0x00000204ac22a800 JavaThread "Unconstrained build operations Thread 25" [_thread_blocked, id=18764, stack(0x0000006cb6d00000,0x0000006cb6e00000)]
  0x00000204ac225800 JavaThread "Unconstrained build operations Thread 26" [_thread_blocked, id=2364, stack(0x0000006cb6e00000,0x0000006cb6f00000)]
  0x00000204ac22d000 JavaThread "Unconstrained build operations Thread 27" [_thread_blocked, id=17332, stack(0x0000006cb6f00000,0x0000006cb7000000)]
  0x00000204ac22e000 JavaThread "Unconstrained build operations Thread 28" [_thread_blocked, id=11272, stack(0x0000006cb7000000,0x0000006cb7100000)]
  0x00000204ac228000 JavaThread "Unconstrained build operations Thread 29" [_thread_blocked, id=8916, stack(0x0000006cb7100000,0x0000006cb7200000)]
  0x00000204ac22e800 JavaThread "Unconstrained build operations Thread 30" [_thread_blocked, id=10204, stack(0x0000006cb7200000,0x0000006cb7300000)]
  0x00000204ac229000 JavaThread "Unconstrained build operations Thread 31" [_thread_blocked, id=8164, stack(0x0000006cb7300000,0x0000006cb7400000)]
  0x00000204ac22f800 JavaThread "Unconstrained build operations Thread 32" [_thread_blocked, id=18412, stack(0x0000006cb7400000,0x0000006cb7500000)]
  0x00000204ac230800 JavaThread "Unconstrained build operations Thread 33" [_thread_blocked, id=17016, stack(0x0000006cb7500000,0x0000006cb7600000)]
  0x00000204ac231000 JavaThread "Unconstrained build operations Thread 34" [_thread_blocked, id=4508, stack(0x0000006cb7600000,0x0000006cb7700000)]
  0x00000204ac232000 JavaThread "Unconstrained build operations Thread 35" [_thread_blocked, id=6492, stack(0x0000006cb7700000,0x0000006cb7800000)]
  0x00000204ac232800 JavaThread "Unconstrained build operations Thread 36" [_thread_blocked, id=6776, stack(0x0000006cb7800000,0x0000006cb7900000)]
  0x00000204ad42d000 JavaThread "Unconstrained build operations Thread 37" [_thread_blocked, id=15636, stack(0x0000006cb7900000,0x0000006cb7a00000)]
  0x00000204ad42f800 JavaThread "Unconstrained build operations Thread 38" [_thread_blocked, id=5576, stack(0x0000006cb7a00000,0x0000006cb7b00000)]
  0x00000204ad431000 JavaThread "Unconstrained build operations Thread 39" [_thread_blocked, id=18956, stack(0x0000006cb7b00000,0x0000006cb7c00000)]
  0x00000204ad42d800 JavaThread "Unconstrained build operations Thread 40" [_thread_blocked, id=17124, stack(0x0000006cb7c00000,0x0000006cb7d00000)]
  0x00000204ad430000 JavaThread "build event listener" [_thread_blocked, id=16248, stack(0x0000006cb7d00000,0x0000006cb7e00000)]
  0x00000204ad432000 JavaThread "included builds" [_thread_blocked, id=18992, stack(0x0000006cb8100000,0x0000006cb8200000)]
  0x00000204ad433800 JavaThread "Execution worker" [_thread_in_Java, id=576, stack(0x0000006cb8500000,0x0000006cb8600000)]
  0x00000204ad434000 JavaThread "Execution worker Thread 2" [_thread_blocked, id=7564, stack(0x0000006cb8600000,0x0000006cb8700000)]
  0x00000204ad42e800 JavaThread "Execution worker Thread 3" [_thread_blocked, id=18516, stack(0x0000006cb8700000,0x0000006cb8800000)]
  0x00000204ad436800 JavaThread "Cache worker for execution history cache (D:\PILLDISPENSER_WIP\BottomNavigation\.gradle\7.5\executionHistory)" [_thread_blocked, id=16080, stack(0x0000006cb8800000,0x0000006cb8900000)]
  0x00000204a42fe800 JavaThread "C2 CompilerThread1" daemon [_thread_in_native, id=7944, stack(0x0000006cb7f00000,0x0000006cb8000000)]

Other Threads:
  0x00000204a1e27800 VMThread "VM Thread" [stack: 0x0000006cb2f00000,0x0000006cb3000000] [id=7272]
  0x00000204a2834000 WatcherThread [stack: 0x0000006cb3900000,0x0000006cb3a00000] [id=604]
  0x00000204881f7800 GCTaskThread "GC Thread#0" [stack: 0x0000006cb2a00000,0x0000006cb2b00000] [id=4824]
  0x00000204a3500000 GCTaskThread "GC Thread#1" [stack: 0x0000006cb3b00000,0x0000006cb3c00000] [id=9724]
  0x00000204a2bcd800 GCTaskThread "GC Thread#2" [stack: 0x0000006cb3c00000,0x0000006cb3d00000] [id=17236]
  0x00000204a33d6800 GCTaskThread "GC Thread#3" [stack: 0x0000006cb3d00000,0x0000006cb3e00000] [id=6772]
  0x000002048822b000 ConcurrentGCThread "G1 Main Marker" [stack: 0x0000006cb2b00000,0x0000006cb2c00000] [id=4296]
  0x000002048822c000 ConcurrentGCThread "G1 Conc#0" [stack: 0x0000006cb2c00000,0x0000006cb2d00000] [id=13288]
  0x00000204a1c72800 ConcurrentGCThread "G1 Refine#0" [stack: 0x0000006cb2d00000,0x0000006cb2e00000] [id=4380]
  0x00000204a827e800 ConcurrentGCThread "G1 Refine#1" [stack: 0x0000006cb8300000,0x0000006cb8400000] [id=15924]
  0x00000204abd77800 ConcurrentGCThread "G1 Refine#2" [stack: 0x0000006cb8400000,0x0000006cb8500000] [id=17604]
  0x00000204a1c74000 ConcurrentGCThread "G1 Young RemSet Sampling" [stack: 0x0000006cb2e00000,0x0000006cb2f00000] [id=17896]

Threads with active compile tasks:
C2 CompilerThread0  9287566 34671 % !   4       org.apache.xerces.impl.XMLDocumentFragmentScannerImpl$FragmentContentDispatcher::dispatch @ 0 (1128 bytes)
C2 CompilerThread1  9287566 34731       4       com.android.ide.common.resources.NodeUtils::updateNamespace (167 bytes)

VM state:not at safepoint (normal execution)

VM Mutex/Monitor currently owned by a thread: None

Heap address: 0x0000000080000000, size: 2048 MB, Compressed Oops mode: 32-bit
Narrow klass base: 0x0000000000000000, Narrow klass shift: 3
Compressed class space size: 1073741824 Address: 0x0000000100000000

Heap:
 garbage-first heap   total 325632K, used 178786K [0x0000000080000000, 0x0000000100000000)
  region size 1024K, 51 young (52224K), 11 survivors (11264K)
 Metaspace       used 140235K, capacity 145867K, committed 146076K, reserved 1175552K
  class space    used 17095K, capacity 19067K, committed 19224K, reserved 1048576K
Heap Regions: E=young(eden), S=young(survivor), O=old, HS=humongous(starts), HC=humongous(continues), CS=collection set, F=free, A=archive, TAMS=top-at-mark-start (previous, next)
|   0|0x0000000080000000, 0x0000000080100000, 0x0000000080100000|100%|HS|  |TAMS 0x0000000080100000, 0x0000000080000000| Complete 
|   1|0x0000000080100000, 0x0000000080200000, 0x0000000080200000|100%|HC|  |TAMS 0x0000000080200000, 0x0000000080100000| Complete 
|   2|0x0000000080200000, 0x0000000080300000, 0x0000000080300000|100%|HC|  |TAMS 0x0000000080300000, 0x0000000080200000| Complete 
|   3|0x0000000080300000, 0x0000000080400000, 0x0000000080400000|100%| O|  |TAMS 0x0000000080400000, 0x0000000080300000| Untracked 
|   4|0x0000000080400000, 0x0000000080500000, 0x0000000080500000|100%| O|  |TAMS 0x0000000080500000, 0x0000000080400000| Untracked 
|   5|0x0000000080500000, 0x0000000080600000, 0x0000000080600000|100%| O|  |TAMS 0x0000000080600000, 0x0000000080500000| Complete 
|   6|0x0000000080600000, 0x0000000080700000, 0x0000000080700000|100%| O|  |TAMS 0x0000000080700000, 0x0000000080600000| Untracked 
|   7|0x0000000080700000, 0x0000000080800000, 0x0000000080800000|100%| O|  |TAMS 0x0000000080800000, 0x0000000080700000| Untracked 
|   8|0x0000000080800000, 0x0000000080900000, 0x0000000080900000|100%| O|  |TAMS 0x0000000080900000, 0x0000000080800000| Untracked 
|   9|0x0000000080900000, 0x0000000080a00000, 0x0000000080a00000|100%| O|  |TAMS 0x0000000080a00000, 0x0000000080900000| Untracked 
|  10|0x0000000080a00000, 0x0000000080b00000, 0x0000000080b00000|100%| O|  |TAMS 0x0000000080b00000, 0x0000000080a00000| Complete 
|  11|0x0000000080b00000, 0x0000000080c00000, 0x0000000080c00000|100%| O|  |TAMS 0x0000000080c00000, 0x0000000080b00000| Complete 
|  12|0x0000000080c00000, 0x0000000080d00000, 0x0000000080d00000|100%| O|  |TAMS 0x0000000080d00000, 0x0000000080c00000| Untracked 
|  13|0x0000000080d00000, 0x0000000080e00000, 0x0000000080e00000|100%| O|  |TAMS 0x0000000080e00000, 0x0000000080d00000| Untracked 
|  14|0x0000000080e00000, 0x0000000080f00000, 0x0000000080f00000|100%| O|  |TAMS 0x0000000080f00000, 0x0000000080e00000| Untracked 
|  15|0x0000000080f00000, 0x0000000081000000, 0x0000000081000000|100%| O|  |TAMS 0x0000000081000000, 0x0000000080f00000| Untracked 
|  16|0x0000000081000000, 0x0000000081100000, 0x0000000081100000|100%| O|  |TAMS 0x0000000081100000, 0x0000000081000000| Complete 
|  17|0x0000000081100000, 0x0000000081200000, 0x0000000081200000|100%|HS|  |TAMS 0x0000000081200000, 0x0000000081100000| Complete 
|  18|0x0000000081200000, 0x0000000081300000, 0x0000000081300000|100%| O|  |TAMS 0x0000000081300000, 0x0000000081200000| Complete 
|  19|0x0000000081300000, 0x0000000081400000, 0x0000000081400000|100%| O|  |TAMS 0x0000000081400000, 0x0000000081300000| Complete 
|  20|0x0000000081400000, 0x0000000081500000, 0x0000000081500000|100%| O|  |TAMS 0x0000000081500000, 0x0000000081400000| Complete 
|  21|0x0000000081500000, 0x0000000081600000, 0x0000000081600000|100%| O|  |TAMS 0x0000000081600000, 0x0000000081500000| Complete 
|  22|0x0000000081600000, 0x0000000081700000, 0x0000000081700000|100%| O|  |TAMS 0x0000000081700000, 0x0000000081600000| Complete 
|  23|0x0000000081700000, 0x0000000081800000, 0x0000000081800000|100%| O|  |TAMS 0x0000000081800000, 0x0000000081700000| Complete 
|  24|0x0000000081800000, 0x0000000081900000, 0x0000000081900000|100%|HS|  |TAMS 0x0000000081900000, 0x0000000081800000| Complete 
|  25|0x0000000081900000, 0x0000000081a00000, 0x0000000081a00000|100%| O|  |TAMS 0x0000000081a00000, 0x0000000081900000| Complete 
|  26|0x0000000081a00000, 0x0000000081b00000, 0x0000000081b00000|100%|HS|  |TAMS 0x0000000081a00000, 0x0000000081a00000| Complete 
|  27|0x0000000081b00000, 0x0000000081c00000, 0x0000000081c00000|100%| O|  |TAMS 0x0000000081c00000, 0x0000000081b00000| Complete 
|  28|0x0000000081c00000, 0x0000000081d00000, 0x0000000081d00000|100%| O|  |TAMS 0x0000000081d00000, 0x0000000081c00000| Complete 
|  29|0x0000000081d00000, 0x0000000081e00000, 0x0000000081e00000|100%| O|  |TAMS 0x0000000081e00000, 0x0000000081d00000| Complete 
|  30|0x0000000081e00000, 0x0000000081f00000, 0x0000000081f00000|100%|HS|  |TAMS 0x0000000081e00000, 0x0000000081e00000| Complete 
|  31|0x0000000081f00000, 0x0000000082000000, 0x0000000082000000|100%| O|  |TAMS 0x0000000082000000, 0x0000000081f00000| Complete 
|  32|0x0000000082000000, 0x0000000082100000, 0x0000000082100000|100%| O|  |TAMS 0x0000000082100000, 0x0000000082000000| Untracked 
|  33|0x0000000082100000, 0x0000000082200000, 0x0000000082200000|100%| O|  |TAMS 0x0000000082200000, 0x0000000082100000| Complete 
|  34|0x0000000082200000, 0x0000000082300000, 0x0000000082300000|100%|HS|  |TAMS 0x0000000082200000, 0x0000000082200000| Complete 
|  35|0x0000000082300000, 0x0000000082400000, 0x0000000082400000|100%| O|  |TAMS 0x0000000082400000, 0x0000000082300000| Untracked 
|  36|0x0000000082400000, 0x0000000082500000, 0x0000000082500000|100%|HS|  |TAMS 0x0000000082400000, 0x0000000082400000| Complete 
|  37|0x0000000082500000, 0x0000000082600000, 0x0000000082600000|100%| O|  |TAMS 0x0000000082600000, 0x0000000082500000| Complete 
|  38|0x0000000082600000, 0x0000000082600000, 0x0000000082700000|  0%| F|  |TAMS 0x0000000082600000, 0x0000000082600000| Untracked 
|  39|0x0000000082700000, 0x0000000082800000, 0x0000000082800000|100%| O|  |TAMS 0x0000000082800000, 0x0000000082700000| Complete 
|  40|0x0000000082800000, 0x0000000082800000, 0x0000000082900000|  0%| F|  |TAMS 0x0000000082800000, 0x0000000082800000| Untracked 
|  41|0x0000000082900000, 0x0000000082a00000, 0x0000000082a00000|100%| O|  |TAMS 0x0000000082a00000, 0x0000000082900000| Complete 
|  42|0x0000000082a00000, 0x0000000082b00000, 0x0000000082b00000|100%| O|  |TAMS 0x0000000082b00000, 0x0000000082a00000| Untracked 
|  43|0x0000000082b00000, 0x0000000082c00000, 0x0000000082c00000|100%| O|  |TAMS 0x0000000082c00000, 0x0000000082b00000| Untracked 
|  44|0x0000000082c00000, 0x0000000082d00000, 0x0000000082d00000|100%| O|  |TAMS 0x0000000082d00000, 0x0000000082c00000| Untracked 
|  45|0x0000000082d00000, 0x0000000082e00000, 0x0000000082e00000|100%| O|  |TAMS 0x0000000082e00000, 0x0000000082d00000| Complete 
|  46|0x0000000082e00000, 0x0000000082f00000, 0x0000000082f00000|100%| O|  |TAMS 0x0000000082f00000, 0x0000000082e00000| Untracked 
|  47|0x0000000082f00000, 0x0000000083000000, 0x0000000083000000|100%| O|  |TAMS 0x0000000083000000, 0x0000000082f00000| Untracked 
|  48|0x0000000083000000, 0x0000000083100000, 0x0000000083100000|100%| O|  |TAMS 0x0000000083100000, 0x0000000083000000| Untracked 
|  49|0x0000000083100000, 0x0000000083200000, 0x0000000083200000|100%| O|  |TAMS 0x0000000083200000, 0x0000000083100000| Untracked 
|  50|0x0000000083200000, 0x0000000083300000, 0x0000000083300000|100%| O|  |TAMS 0x0000000083300000, 0x0000000083200000| Untracked 
|  51|0x0000000083300000, 0x0000000083400000, 0x0000000083400000|100%| O|  |TAMS 0x0000000083400000, 0x0000000083300000| Untracked 
|  52|0x0000000083400000, 0x0000000083500000, 0x0000000083500000|100%| O|  |TAMS 0x0000000083500000, 0x0000000083400000| Complete 
|  53|0x0000000083500000, 0x0000000083600000, 0x0000000083600000|100%| O|  |TAMS 0x0000000083600000, 0x0000000083500000| Complete 
|  54|0x0000000083600000, 0x0000000083700000, 0x0000000083700000|100%| O|  |TAMS 0x0000000083700000, 0x0000000083600000| Complete 
|  55|0x0000000083700000, 0x0000000083800000, 0x0000000083800000|100%| O|  |TAMS 0x0000000083800000, 0x0000000083700000| Complete 
|  56|0x0000000083800000, 0x0000000083900000, 0x0000000083900000|100%| O|  |TAMS 0x0000000083900000, 0x0000000083800000| Untracked 
|  57|0x0000000083900000, 0x0000000083a00000, 0x0000000083a00000|100%| O|  |TAMS 0x0000000083a00000, 0x0000000083900000| Complete 
|  58|0x0000000083a00000, 0x0000000083b00000, 0x0000000083b00000|100%| O|  |TAMS 0x0000000083b00000, 0x0000000083a00000| Complete 
|  59|0x0000000083b00000, 0x0000000083b00000, 0x0000000083c00000|  0%| F|  |TAMS 0x0000000083b00000, 0x0000000083b00000| Untracked 
|  60|0x0000000083c00000, 0x0000000083d00000, 0x0000000083d00000|100%| O|  |TAMS 0x0000000083d00000, 0x0000000083c00000| Complete 
|  61|0x0000000083d00000, 0x0000000083e00000, 0x0000000083e00000|100%| O|  |TAMS 0x0000000083e00000, 0x0000000083d00000| Complete 
|  62|0x0000000083e00000, 0x0000000083f00000, 0x0000000083f00000|100%| O|  |TAMS 0x0000000083f00000, 0x0000000083e00000| Complete 
|  63|0x0000000083f00000, 0x0000000084000000, 0x0000000084000000|100%| O|  |TAMS 0x0000000084000000, 0x0000000083f00000| Complete 
|  64|0x0000000084000000, 0x0000000084100000, 0x0000000084100000|100%| O|  |TAMS 0x0000000084100000, 0x0000000084000000| Untracked 
|  65|0x0000000084100000, 0x0000000084200000, 0x0000000084200000|100%| O|  |TAMS 0x0000000084200000, 0x0000000084100000| Untracked 
|  66|0x0000000084200000, 0x0000000084300000, 0x0000000084300000|100%| O|  |TAMS 0x0000000084300000, 0x0000000084200000| Complete 
|  67|0x0000000084300000, 0x0000000084400000, 0x0000000084400000|100%| O|  |TAMS 0x0000000084400000, 0x0000000084300000| Untracked 
|  68|0x0000000084400000, 0x0000000084500000, 0x0000000084500000|100%| O|  |TAMS 0x0000000084500000, 0x0000000084400000| Complete 
|  69|0x0000000084500000, 0x0000000084600000, 0x0000000084600000|100%| O|  |TAMS 0x0000000084600000, 0x0000000084500000| Complete 
|  70|0x0000000084600000, 0x0000000084700000, 0x0000000084700000|100%| O|  |TAMS 0x0000000084700000, 0x0000000084600000| Complete 
|  71|0x0000000084700000, 0x0000000084800000, 0x0000000084800000|100%| O|  |TAMS 0x0000000084800000, 0x0000000084700000| Complete 
|  72|0x0000000084800000, 0x0000000084900000, 0x0000000084900000|100%| O|  |TAMS 0x0000000084900000, 0x0000000084800000| Complete 
|  73|0x0000000084900000, 0x0000000084a00000, 0x0000000084a00000|100%| O|  |TAMS 0x0000000084a00000, 0x0000000084900000| Complete 
|  74|0x0000000084a00000, 0x0000000084b00000, 0x0000000084b00000|100%|HS|  |TAMS 0x0000000084a00000, 0x0000000084a00000| Complete 
|  75|0x0000000084b00000, 0x0000000084c00000, 0x0000000084c00000|100%|HC|  |TAMS 0x0000000084b00000, 0x0000000084b00000| Complete 
|  76|0x0000000084c00000, 0x0000000084d00000, 0x0000000084d00000|100%|HS|  |TAMS 0x0000000084c00000, 0x0000000084c00000| Complete 
|  77|0x0000000084d00000, 0x0000000084e00000, 0x0000000084e00000|100%|HC|  |TAMS 0x0000000084d00000, 0x0000000084d00000| Complete 
|  78|0x0000000084e00000, 0x0000000084f00000, 0x0000000084f00000|100%| O|  |TAMS 0x0000000084f00000, 0x0000000084e00000| Complete 
|  79|0x0000000084f00000, 0x0000000084f00000, 0x0000000085000000|  0%| F|  |TAMS 0x0000000084f00000, 0x0000000084f00000| Untracked 
|  80|0x0000000085000000, 0x0000000085100000, 0x0000000085100000|100%| O|  |TAMS 0x0000000085100000, 0x0000000085000000| Complete 
|  81|0x0000000085100000, 0x0000000085200000, 0x0000000085200000|100%| O|  |TAMS 0x0000000085200000, 0x0000000085100000| Complete 
|  82|0x0000000085200000, 0x0000000085200000, 0x0000000085300000|  0%| F|  |TAMS 0x0000000085200000, 0x0000000085200000| Untracked 
|  83|0x0000000085300000, 0x0000000085400000, 0x0000000085400000|100%| O|  |TAMS 0x0000000085400000, 0x0000000085300000| Untracked 
|  84|0x0000000085400000, 0x0000000085500000, 0x0000000085500000|100%| O|  |TAMS 0x0000000085500000, 0x0000000085400000| Complete 
|  85|0x0000000085500000, 0x0000000085600000, 0x0000000085600000|100%| O|  |TAMS 0x0000000085600000, 0x0000000085500000| Complete 
|  86|0x0000000085600000, 0x0000000085700000, 0x0000000085700000|100%| O|  |TAMS 0x0000000085700000, 0x0000000085600000| Complete 
|  87|0x0000000085700000, 0x0000000085800000, 0x0000000085800000|100%| O|  |TAMS 0x0000000085800000, 0x0000000085700000| Untracked 
|  88|0x0000000085800000, 0x0000000085900000, 0x0000000085900000|100%| O|  |TAMS 0x0000000085900000, 0x0000000085800000| Untracked 
|  89|0x0000000085900000, 0x0000000085a00000, 0x0000000085a00000|100%| O|  |TAMS 0x0000000085a00000, 0x0000000085900000| Complete 
|  90|0x0000000085a00000, 0x0000000085b00000, 0x0000000085b00000|100%| O|  |TAMS 0x0000000085b00000, 0x0000000085a00000| Complete 
|  91|0x0000000085b00000, 0x0000000085c00000, 0x0000000085c00000|100%| O|  |TAMS 0x0000000085c00000, 0x0000000085b00000| Complete 
|  92|0x0000000085c00000, 0x0000000085ce3600, 0x0000000085d00000| 88%| O|  |TAMS 0x0000000085ce3600, 0x0000000085c00000| Untracked 
|  93|0x0000000085d00000, 0x0000000085e00000, 0x0000000085e00000|100%|HS|  |TAMS 0x0000000085d00000, 0x0000000085d00000| Complete 
|  94|0x0000000085e00000, 0x0000000085f00000, 0x0000000085f00000|100%|HC|  |TAMS 0x0000000085e00000, 0x0000000085e00000| Complete 
|  95|0x0000000085f00000, 0x0000000086000000, 0x0000000086000000|100%| O|  |TAMS 0x0000000086000000, 0x0000000085f00000| Complete 
|  96|0x0000000086000000, 0x0000000086000000, 0x0000000086100000|  0%| F|  |TAMS 0x0000000086000000, 0x0000000086000000| Untracked 
|  97|0x0000000086100000, 0x0000000086200000, 0x0000000086200000|100%| O|  |TAMS 0x0000000086200000, 0x0000000086100000| Complete 
|  98|0x0000000086200000, 0x0000000086300000, 0x0000000086300000|100%| O|  |TAMS 0x0000000086300000, 0x0000000086200000| Untracked 
|  99|0x0000000086300000, 0x0000000086400000, 0x0000000086400000|100%| O|  |TAMS 0x0000000086400000, 0x0000000086300000| Complete 
| 100|0x0000000086400000, 0x0000000086500000, 0x0000000086500000|100%| O|  |TAMS 0x0000000086500000, 0x0000000086400000| Untracked 
| 101|0x0000000086500000, 0x0000000086600000, 0x0000000086600000|100%| O|  |TAMS 0x0000000086600000, 0x0000000086500000| Untracked 
| 102|0x0000000086600000, 0x0000000086700000, 0x0000000086700000|100%| O|  |TAMS 0x0000000086700000, 0x0000000086600000| Complete 
| 103|0x0000000086700000, 0x0000000086700000, 0x0000000086800000|  0%| F|  |TAMS 0x0000000086700000, 0x0000000086700000| Untracked 
| 104|0x0000000086800000, 0x0000000086800000, 0x0000000086900000|  0%| F|  |TAMS 0x0000000086800000, 0x0000000086800000| Untracked 
| 105|0x0000000086900000, 0x0000000086900000, 0x0000000086a00000|  0%| F|  |TAMS 0x0000000086900000, 0x0000000086900000| Untracked 
| 106|0x0000000086a00000, 0x0000000086a00000, 0x0000000086b00000|  0%| F|  |TAMS 0x0000000086a00000, 0x0000000086a00000| Untracked 
| 107|0x0000000086b00000, 0x0000000086c00000, 0x0000000086c00000|100%| O|  |TAMS 0x0000000086c00000, 0x0000000086b00000| Untracked 
| 108|0x0000000086c00000, 0x0000000086d00000, 0x0000000086d00000|100%| O|  |TAMS 0x0000000086d00000, 0x0000000086c00000| Complete 
| 109|0x0000000086d00000, 0x0000000086e00000, 0x0000000086e00000|100%| O|  |TAMS 0x0000000086e00000, 0x0000000086d00000| Untracked 
| 110|0x0000000086e00000, 0x0000000086e00000, 0x0000000086f00000|  0%| F|  |TAMS 0x0000000086e00000, 0x0000000086e00000| Untracked 
| 111|0x0000000086f00000, 0x0000000086f00000, 0x0000000087000000|  0%| F|  |TAMS 0x0000000086f00000, 0x0000000086f00000| Untracked 
| 112|0x0000000087000000, 0x0000000087100000, 0x0000000087100000|100%| O|  |TAMS 0x0000000087100000, 0x0000000087000000| Complete 
| 113|0x0000000087100000, 0x0000000087100000, 0x0000000087200000|  0%| F|  |TAMS 0x0000000087100000, 0x0000000087100000| Untracked 
| 114|0x0000000087200000, 0x0000000087200000, 0x0000000087300000|  0%| F|  |TAMS 0x0000000087200000, 0x0000000087200000| Untracked 
| 115|0x0000000087300000, 0x0000000087400000, 0x0000000087400000|100%| O|  |TAMS 0x0000000087400000, 0x0000000087300000| Complete 
| 116|0x0000000087400000, 0x0000000087400000, 0x0000000087500000|  0%| F|  |TAMS 0x0000000087400000, 0x0000000087400000| Untracked 
| 117|0x0000000087500000, 0x0000000087600000, 0x0000000087600000|100%| O|  |TAMS 0x0000000087600000, 0x0000000087500000| Complete 
| 118|0x0000000087600000, 0x0000000087700000, 0x0000000087700000|100%| O|  |TAMS 0x0000000087700000, 0x0000000087600000| Complete 
| 119|0x0000000087700000, 0x0000000087700000, 0x0000000087800000|  0%| F|  |TAMS 0x0000000087700000, 0x0000000087700000| Untracked 
| 120|0x0000000087800000, 0x0000000087800000, 0x0000000087900000|  0%| F|  |TAMS 0x0000000087800000, 0x0000000087800000| Untracked 
| 121|0x0000000087900000, 0x0000000087900000, 0x0000000087a00000|  0%| F|  |TAMS 0x0000000087900000, 0x0000000087900000| Untracked 
| 122|0x0000000087a00000, 0x0000000087a00000, 0x0000000087b00000|  0%| F|  |TAMS 0x0000000087a00000, 0x0000000087a00000| Untracked 
| 123|0x0000000087b00000, 0x0000000087b00000, 0x0000000087c00000|  0%| F|  |TAMS 0x0000000087b00000, 0x0000000087b00000| Untracked 
| 124|0x0000000087c00000, 0x0000000087c00000, 0x0000000087d00000|  0%| F|  |TAMS 0x0000000087c00000, 0x0000000087c00000| Untracked 
| 125|0x0000000087d00000, 0x0000000087e00000, 0x0000000087e00000|100%| O|  |TAMS 0x0000000087e00000, 0x0000000087d00000| Complete 
| 126|0x0000000087e00000, 0x0000000087e00000, 0x0000000087f00000|  0%| F|  |TAMS 0x0000000087e00000, 0x0000000087e00000| Untracked 
| 127|0x0000000087f00000, 0x0000000087f00000, 0x0000000088000000|  0%| F|  |TAMS 0x0000000087f00000, 0x0000000087f00000| Untracked 
| 128|0x0000000088000000, 0x0000000088100000, 0x0000000088100000|100%| O|  |TAMS 0x0000000088100000, 0x0000000088000000| Untracked 
| 129|0x0000000088100000, 0x0000000088200000, 0x0000000088200000|100%| O|  |TAMS 0x0000000088200000, 0x0000000088100000| Complete 
| 130|0x0000000088200000, 0x0000000088300000, 0x0000000088300000|100%| O|  |TAMS 0x0000000088300000, 0x0000000088200000| Untracked 
| 131|0x0000000088300000, 0x0000000088400000, 0x0000000088400000|100%| O|  |TAMS 0x0000000088400000, 0x0000000088300000| Complete 
| 132|0x0000000088400000, 0x0000000088500000, 0x0000000088500000|100%| O|  |TAMS 0x0000000088500000, 0x0000000088400000| Complete 
| 133|0x0000000088500000, 0x0000000088500000, 0x0000000088600000|  0%| F|  |TAMS 0x0000000088500000, 0x0000000088500000| Untracked 
| 134|0x0000000088600000, 0x0000000088700000, 0x0000000088700000|100%| O|  |TAMS 0x0000000088700000, 0x0000000088600000| Untracked 
| 135|0x0000000088700000, 0x0000000088700000, 0x0000000088800000|  0%| F|  |TAMS 0x0000000088700000, 0x0000000088700000| Untracked 
| 136|0x0000000088800000, 0x0000000088800000, 0x0000000088900000|  0%| F|  |TAMS 0x0000000088800000, 0x0000000088800000| Untracked 
| 137|0x0000000088900000, 0x0000000088900000, 0x0000000088a00000|  0%| F|  |TAMS 0x0000000088900000, 0x0000000088900000| Untracked 
| 138|0x0000000088a00000, 0x0000000088b00000, 0x0000000088b00000|100%| O|  |TAMS 0x0000000088b00000, 0x0000000088a00000| Complete 
| 139|0x0000000088b00000, 0x0000000088c00000, 0x0000000088c00000|100%| O|  |TAMS 0x0000000088c00000, 0x0000000088b00000| Untracked 
| 140|0x0000000088c00000, 0x0000000088d00000, 0x0000000088d00000|100%| O|  |TAMS 0x0000000088d00000, 0x0000000088c00000| Untracked 
| 141|0x0000000088d00000, 0x0000000088e00000, 0x0000000088e00000|100%| O|  |TAMS 0x0000000088e00000, 0x0000000088d00000| Untracked 
| 142|0x0000000088e00000, 0x0000000088f00000, 0x0000000088f00000|100%| O|  |TAMS 0x0000000088f00000, 0x0000000088e00000| Untracked 
| 143|0x0000000088f00000, 0x0000000089000000, 0x0000000089000000|100%| O|  |TAMS 0x0000000089000000, 0x0000000088f00000| Untracked 
| 144|0x0000000089000000, 0x0000000089100000, 0x0000000089100000|100%| O|  |TAMS 0x0000000089100000, 0x0000000089000000| Untracked 
| 145|0x0000000089100000, 0x0000000089200000, 0x0000000089200000|100%| O|  |TAMS 0x0000000089200000, 0x0000000089100000| Complete 
| 146|0x0000000089200000, 0x0000000089300000, 0x0000000089300000|100%| O|  |TAMS 0x0000000089300000, 0x0000000089200000| Untracked 
| 147|0x0000000089300000, 0x0000000089300000, 0x0000000089400000|  0%| F|  |TAMS 0x0000000089300000, 0x0000000089300000| Untracked 
| 148|0x0000000089400000, 0x0000000089400000, 0x0000000089500000|  0%| F|  |TAMS 0x0000000089400000, 0x0000000089400000| Untracked 
| 149|0x0000000089500000, 0x0000000089600000, 0x0000000089600000|100%| O|  |TAMS 0x0000000089600000, 0x0000000089500000| Untracked 
| 150|0x0000000089600000, 0x0000000089600000, 0x0000000089700000|  0%| F|  |TAMS 0x0000000089600000, 0x0000000089600000| Untracked 
| 151|0x0000000089700000, 0x0000000089700000, 0x0000000089800000|  0%| F|  |TAMS 0x0000000089700000, 0x0000000089700000| Untracked 
| 152|0x0000000089800000, 0x0000000089800000, 0x0000000089900000|  0%| F|  |TAMS 0x0000000089800000, 0x0000000089800000| Untracked 
| 153|0x0000000089900000, 0x0000000089900000, 0x0000000089a00000|  0%| F|  |TAMS 0x0000000089900000, 0x0000000089900000| Untracked 
| 154|0x0000000089a00000, 0x0000000089a00000, 0x0000000089b00000|  0%| F|  |TAMS 0x0000000089a00000, 0x0000000089a00000| Untracked 
| 155|0x0000000089b00000, 0x0000000089b00000, 0x0000000089c00000|  0%| F|  |TAMS 0x0000000089b00000, 0x0000000089b00000| Untracked 
| 156|0x0000000089c00000, 0x0000000089c00000, 0x0000000089d00000|  0%| F|  |TAMS 0x0000000089c00000, 0x0000000089c00000| Untracked 
| 157|0x0000000089d00000, 0x0000000089d00000, 0x0000000089e00000|  0%| F|  |TAMS 0x0000000089d00000, 0x0000000089d00000| Untracked 
| 158|0x0000000089e00000, 0x0000000089e00000, 0x0000000089f00000|  0%| F|  |TAMS 0x0000000089e00000, 0x0000000089e00000| Untracked 
| 159|0x0000000089f00000, 0x0000000089f00000, 0x000000008a000000|  0%| F|  |TAMS 0x0000000089f00000, 0x0000000089f00000| Untracked 
| 160|0x000000008a000000, 0x000000008a000000, 0x000000008a100000|  0%| F|  |TAMS 0x000000008a000000, 0x000000008a000000| Untracked 
| 161|0x000000008a100000, 0x000000008a200000, 0x000000008a200000|100%| O|  |TAMS 0x000000008a200000, 0x000000008a100000| Complete 
| 162|0x000000008a200000, 0x000000008a300000, 0x000000008a300000|100%| O|  |TAMS 0x000000008a300000, 0x000000008a200000| Complete 
| 163|0x000000008a300000, 0x000000008a400000, 0x000000008a400000|100%| O|  |TAMS 0x000000008a400000, 0x000000008a300000| Complete 
| 164|0x000000008a400000, 0x000000008a500000, 0x000000008a500000|100%| O|  |TAMS 0x000000008a500000, 0x000000008a400000| Complete 
| 165|0x000000008a500000, 0x000000008a500000, 0x000000008a600000|  0%| F|  |TAMS 0x000000008a500000, 0x000000008a500000| Untracked 
| 166|0x000000008a600000, 0x000000008a600000, 0x000000008a700000|  0%| F|  |TAMS 0x000000008a600000, 0x000000008a600000| Untracked 
| 167|0x000000008a700000, 0x000000008a700000, 0x000000008a800000|  0%| F|  |TAMS 0x000000008a700000, 0x000000008a700000| Untracked 
| 168|0x000000008a800000, 0x000000008a800000, 0x000000008a900000|  0%| F|  |TAMS 0x000000008a800000, 0x000000008a800000| Untracked 
| 169|0x000000008a900000, 0x000000008a900000, 0x000000008aa00000|  0%| F|  |TAMS 0x000000008a900000, 0x000000008a900000| Untracked 
| 170|0x000000008aa00000, 0x000000008aa00000, 0x000000008ab00000|  0%| F|  |TAMS 0x000000008aa00000, 0x000000008aa00000| Untracked 
| 171|0x000000008ab00000, 0x000000008ab00000, 0x000000008ac00000|  0%| F|  |TAMS 0x000000008ab00000, 0x000000008ab00000| Untracked 
| 172|0x000000008ac00000, 0x000000008ac00000, 0x000000008ad00000|  0%| F|  |TAMS 0x000000008ac00000, 0x000000008ac00000| Untracked 
| 173|0x000000008ad00000, 0x000000008ad00000, 0x000000008ae00000|  0%| F|  |TAMS 0x000000008ad00000, 0x000000008ad00000| Untracked 
| 174|0x000000008ae00000, 0x000000008ae00000, 0x000000008af00000|  0%| F|  |TAMS 0x000000008ae00000, 0x000000008ae00000| Untracked 
| 175|0x000000008af00000, 0x000000008af00000, 0x000000008b000000|  0%| F|  |TAMS 0x000000008af00000, 0x000000008af00000| Untracked 
| 176|0x000000008b000000, 0x000000008b000000, 0x000000008b100000|  0%| F|  |TAMS 0x000000008b000000, 0x000000008b000000| Untracked 
| 177|0x000000008b100000, 0x000000008b100000, 0x000000008b200000|  0%| F|  |TAMS 0x000000008b100000, 0x000000008b100000| Untracked 
| 178|0x000000008b200000, 0x000000008b200000, 0x000000008b300000|  0%| F|  |TAMS 0x000000008b200000, 0x000000008b200000| Untracked 
| 179|0x000000008b300000, 0x000000008b300000, 0x000000008b400000|  0%| F|  |TAMS 0x000000008b300000, 0x000000008b300000| Untracked 
| 180|0x000000008b400000, 0x000000008b400000, 0x000000008b500000|  0%| F|  |TAMS 0x000000008b400000, 0x000000008b400000| Untracked 
| 181|0x000000008b500000, 0x000000008b500000, 0x000000008b600000|  0%| F|  |TAMS 0x000000008b500000, 0x000000008b500000| Untracked 
| 182|0x000000008b600000, 0x000000008b600000, 0x000000008b700000|  0%| F|  |TAMS 0x000000008b600000, 0x000000008b600000| Untracked 
| 183|0x000000008b700000, 0x000000008b700000, 0x000000008b800000|  0%| F|  |TAMS 0x000000008b700000, 0x000000008b700000| Untracked 
| 184|0x000000008b800000, 0x000000008b800000, 0x000000008b900000|  0%| F|  |TAMS 0x000000008b800000, 0x000000008b800000| Untracked 
| 185|0x000000008b900000, 0x000000008b900000, 0x000000008ba00000|  0%| F|  |TAMS 0x000000008b900000, 0x000000008b900000| Untracked 
| 186|0x000000008ba00000, 0x000000008ba00000, 0x000000008bb00000|  0%| F|  |TAMS 0x000000008ba00000, 0x000000008ba00000| Untracked 
| 187|0x000000008bb00000, 0x000000008bb00000, 0x000000008bc00000|  0%| F|  |TAMS 0x000000008bb00000, 0x000000008bb00000| Untracked 
| 188|0x000000008bc00000, 0x000000008bc00000, 0x000000008bd00000|  0%| F|  |TAMS 0x000000008bc00000, 0x000000008bc00000| Untracked 
| 189|0x000000008bd00000, 0x000000008bd00000, 0x000000008be00000|  0%| F|  |TAMS 0x000000008bd00000, 0x000000008bd00000| Untracked 
| 190|0x000000008be00000, 0x000000008be00000, 0x000000008bf00000|  0%| F|  |TAMS 0x000000008be00000, 0x000000008be00000| Untracked 
| 191|0x000000008bf00000, 0x000000008bf00000, 0x000000008c000000|  0%| F|  |TAMS 0x000000008bf00000, 0x000000008bf00000| Untracked 
| 192|0x000000008c000000, 0x000000008c000000, 0x000000008c100000|  0%| F|  |TAMS 0x000000008c000000, 0x000000008c000000| Untracked 
| 193|0x000000008c100000, 0x000000008c100000, 0x000000008c200000|  0%| F|  |TAMS 0x000000008c100000, 0x000000008c100000| Untracked 
| 194|0x000000008c200000, 0x000000008c200000, 0x000000008c300000|  0%| F|  |TAMS 0x000000008c200000, 0x000000008c200000| Untracked 
| 195|0x000000008c300000, 0x000000008c300000, 0x000000008c400000|  0%| F|  |TAMS 0x000000008c300000, 0x000000008c300000| Untracked 
| 196|0x000000008c400000, 0x000000008c400000, 0x000000008c500000|  0%| F|  |TAMS 0x000000008c400000, 0x000000008c400000| Untracked 
| 197|0x000000008c500000, 0x000000008c500000, 0x000000008c600000|  0%| F|  |TAMS 0x000000008c500000, 0x000000008c500000| Untracked 
| 198|0x000000008c600000, 0x000000008c600000, 0x000000008c700000|  0%| F|  |TAMS 0x000000008c600000, 0x000000008c600000| Untracked 
| 199|0x000000008c700000, 0x000000008c700000, 0x000000008c800000|  0%| F|  |TAMS 0x000000008c700000, 0x000000008c700000| Untracked 
| 200|0x000000008c800000, 0x000000008c800000, 0x000000008c900000|  0%| F|  |TAMS 0x000000008c800000, 0x000000008c800000| Untracked 
| 201|0x000000008c900000, 0x000000008c900000, 0x000000008ca00000|  0%| F|  |TAMS 0x000000008c900000, 0x000000008c900000| Untracked 
| 202|0x000000008ca00000, 0x000000008ca00000, 0x000000008cb00000|  0%| F|  |TAMS 0x000000008ca00000, 0x000000008ca00000| Untracked 
| 203|0x000000008cb00000, 0x000000008cb00000, 0x000000008cc00000|  0%| F|  |TAMS 0x000000008cb00000, 0x000000008cb00000| Untracked 
| 204|0x000000008cc00000, 0x000000008cc00000, 0x000000008cd00000|  0%| F|  |TAMS 0x000000008cc00000, 0x000000008cc00000| Untracked 
| 205|0x000000008cd00000, 0x000000008cd00000, 0x000000008ce00000|  0%| F|  |TAMS 0x000000008cd00000, 0x000000008cd00000| Untracked 
| 206|0x000000008ce00000, 0x000000008ce00000, 0x000000008cf00000|  0%| F|  |TAMS 0x000000008ce00000, 0x000000008ce00000| Untracked 
| 207|0x000000008cf00000, 0x000000008cf00000, 0x000000008d000000|  0%| F|  |TAMS 0x000000008cf00000, 0x000000008cf00000| Untracked 
| 208|0x000000008d000000, 0x000000008d000000, 0x000000008d100000|  0%| F|  |TAMS 0x000000008d000000, 0x000000008d000000| Untracked 
| 209|0x000000008d100000, 0x000000008d100000, 0x000000008d200000|  0%| F|  |TAMS 0x000000008d100000, 0x000000008d100000| Untracked 
| 210|0x000000008d200000, 0x000000008d200000, 0x000000008d300000|  0%| F|  |TAMS 0x000000008d200000, 0x000000008d200000| Untracked 
| 211|0x000000008d300000, 0x000000008d300000, 0x000000008d400000|  0%| F|  |TAMS 0x000000008d300000, 0x000000008d300000| Untracked 
| 212|0x000000008d400000, 0x000000008d400000, 0x000000008d500000|  0%| F|  |TAMS 0x000000008d400000, 0x000000008d400000| Untracked 
| 213|0x000000008d500000, 0x000000008d500000, 0x000000008d600000|  0%| F|  |TAMS 0x000000008d500000, 0x000000008d500000| Untracked 
| 214|0x000000008d600000, 0x000000008d600000, 0x000000008d700000|  0%| F|  |TAMS 0x000000008d600000, 0x000000008d600000| Untracked 
| 215|0x000000008d700000, 0x000000008d700000, 0x000000008d800000|  0%| F|  |TAMS 0x000000008d700000, 0x000000008d700000| Untracked 
| 216|0x000000008d800000, 0x000000008d800000, 0x000000008d900000|  0%| F|  |TAMS 0x000000008d800000, 0x000000008d800000| Untracked 
| 217|0x000000008d900000, 0x000000008d900000, 0x000000008da00000|  0%| F|  |TAMS 0x000000008d900000, 0x000000008d900000| Untracked 
| 218|0x000000008da00000, 0x000000008da00000, 0x000000008db00000|  0%| F|  |TAMS 0x000000008da00000, 0x000000008da00000| Untracked 
| 219|0x000000008db00000, 0x000000008db00000, 0x000000008dc00000|  0%| F|  |TAMS 0x000000008db00000, 0x000000008db00000| Untracked 
| 220|0x000000008dc00000, 0x000000008dc00000, 0x000000008dd00000|  0%| F|  |TAMS 0x000000008dc00000, 0x000000008dc00000| Untracked 
| 221|0x000000008dd00000, 0x000000008dd00000, 0x000000008de00000|  0%| F|  |TAMS 0x000000008dd00000, 0x000000008dd00000| Untracked 
| 222|0x000000008de00000, 0x000000008de00000, 0x000000008df00000|  0%| F|  |TAMS 0x000000008de00000, 0x000000008de00000| Untracked 
| 223|0x000000008df00000, 0x000000008df00000, 0x000000008e000000|  0%| F|  |TAMS 0x000000008df00000, 0x000000008df00000| Untracked 
| 224|0x000000008e000000, 0x000000008e000000, 0x000000008e100000|  0%| F|  |TAMS 0x000000008e000000, 0x000000008e000000| Untracked 
| 225|0x000000008e100000, 0x000000008e100000, 0x000000008e200000|  0%| F|  |TAMS 0x000000008e100000, 0x000000008e100000| Untracked 
| 226|0x000000008e200000, 0x000000008e200000, 0x000000008e300000|  0%| F|  |TAMS 0x000000008e200000, 0x000000008e200000| Untracked 
| 227|0x000000008e300000, 0x000000008e300000, 0x000000008e400000|  0%| F|  |TAMS 0x000000008e300000, 0x000000008e300000| Untracked 
| 228|0x000000008e400000, 0x000000008e400000, 0x000000008e500000|  0%| F|  |TAMS 0x000000008e400000, 0x000000008e400000| Untracked 
| 229|0x000000008e500000, 0x000000008e500000, 0x000000008e600000|  0%| F|  |TAMS 0x000000008e500000, 0x000000008e500000| Untracked 
| 230|0x000000008e600000, 0x000000008e600000, 0x000000008e700000|  0%| F|  |TAMS 0x000000008e600000, 0x000000008e600000| Untracked 
| 231|0x000000008e700000, 0x000000008e700000, 0x000000008e800000|  0%| F|  |TAMS 0x000000008e700000, 0x000000008e700000| Untracked 
| 232|0x000000008e800000, 0x000000008e800000, 0x000000008e900000|  0%| F|  |TAMS 0x000000008e800000, 0x000000008e800000| Untracked 
| 233|0x000000008e900000, 0x000000008e900000, 0x000000008ea00000|  0%| F|  |TAMS 0x000000008e900000, 0x000000008e900000| Untracked 
| 234|0x000000008ea00000, 0x000000008ea00000, 0x000000008eb00000|  0%| F|  |TAMS 0x000000008ea00000, 0x000000008ea00000| Untracked 
| 235|0x000000008eb00000, 0x000000008eb00000, 0x000000008ec00000|  0%| F|  |TAMS 0x000000008eb00000, 0x000000008eb00000| Untracked 
| 236|0x000000008ec00000, 0x000000008ec00000, 0x000000008ed00000|  0%| F|  |TAMS 0x000000008ec00000, 0x000000008ec00000| Untracked 
| 237|0x000000008ed00000, 0x000000008ed00000, 0x000000008ee00000|  0%| F|  |TAMS 0x000000008ed00000, 0x000000008ed00000| Untracked 
| 238|0x000000008ee00000, 0x000000008ee00000, 0x000000008ef00000|  0%| F|  |TAMS 0x000000008ee00000, 0x000000008ee00000| Untracked 
| 239|0x000000008ef00000, 0x000000008ef00000, 0x000000008f000000|  0%| F|  |TAMS 0x000000008ef00000, 0x000000008ef00000| Untracked 
| 240|0x000000008f000000, 0x000000008f000000, 0x000000008f100000|  0%| F|  |TAMS 0x000000008f000000, 0x000000008f000000| Untracked 
| 241|0x000000008f100000, 0x000000008f100000, 0x000000008f200000|  0%| F|  |TAMS 0x000000008f100000, 0x000000008f100000| Untracked 
| 242|0x000000008f200000, 0x000000008f200000, 0x000000008f300000|  0%| F|  |TAMS 0x000000008f200000, 0x000000008f200000| Untracked 
| 243|0x000000008f300000, 0x000000008f300000, 0x000000008f400000|  0%| F|  |TAMS 0x000000008f300000, 0x000000008f300000| Untracked 
| 244|0x000000008f400000, 0x000000008f400000, 0x000000008f500000|  0%| F|  |TAMS 0x000000008f400000, 0x000000008f400000| Untracked 
| 245|0x000000008f500000, 0x000000008f500000, 0x000000008f600000|  0%| F|  |TAMS 0x000000008f500000, 0x000000008f500000| Untracked 
| 246|0x000000008f600000, 0x000000008f600000, 0x000000008f700000|  0%| F|  |TAMS 0x000000008f600000, 0x000000008f600000| Untracked 
| 247|0x000000008f700000, 0x000000008f700000, 0x000000008f800000|  0%| F|  |TAMS 0x000000008f700000, 0x000000008f700000| Untracked 
| 248|0x000000008f800000, 0x000000008f800000, 0x000000008f900000|  0%| F|  |TAMS 0x000000008f800000, 0x000000008f800000| Untracked 
| 249|0x000000008f900000, 0x000000008f900000, 0x000000008fa00000|  0%| F|  |TAMS 0x000000008f900000, 0x000000008f900000| Untracked 
| 250|0x000000008fa00000, 0x000000008fab5270, 0x000000008fb00000| 70%| S|CS|TAMS 0x000000008fa00000, 0x000000008fa00000| Complete 
| 251|0x000000008fb00000, 0x000000008fc00000, 0x000000008fc00000|100%| S|CS|TAMS 0x000000008fb00000, 0x000000008fb00000| Complete 
| 252|0x000000008fc00000, 0x000000008fd00000, 0x000000008fd00000|100%| S|CS|TAMS 0x000000008fc00000, 0x000000008fc00000| Complete 
| 253|0x000000008fd00000, 0x000000008fe00000, 0x000000008fe00000|100%| S|CS|TAMS 0x000000008fd00000, 0x000000008fd00000| Complete 
| 254|0x000000008fe00000, 0x000000008ff00000, 0x000000008ff00000|100%| S|CS|TAMS 0x000000008fe00000, 0x000000008fe00000| Complete 
| 255|0x000000008ff00000, 0x0000000090000000, 0x0000000090000000|100%| S|CS|TAMS 0x000000008ff00000, 0x000000008ff00000| Complete 
| 256|0x0000000090000000, 0x0000000090100000, 0x0000000090100000|100%| S|CS|TAMS 0x0000000090000000, 0x0000000090000000| Complete 
| 257|0x0000000090100000, 0x0000000090200000, 0x0000000090200000|100%| S|CS|TAMS 0x0000000090100000, 0x0000000090100000| Complete 
| 258|0x0000000090200000, 0x0000000090300000, 0x0000000090300000|100%| S|CS|TAMS 0x0000000090200000, 0x0000000090200000| Complete 
| 259|0x0000000090300000, 0x0000000090400000, 0x0000000090400000|100%| S|CS|TAMS 0x0000000090300000, 0x0000000090300000| Complete 
| 260|0x0000000090400000, 0x0000000090500000, 0x0000000090500000|100%| S|CS|TAMS 0x0000000090400000, 0x0000000090400000| Complete 
| 261|0x0000000090500000, 0x0000000090500000, 0x0000000090600000|  0%| F|  |TAMS 0x0000000090500000, 0x0000000090500000| Untracked 
| 262|0x0000000090600000, 0x0000000090600000, 0x0000000090700000|  0%| F|  |TAMS 0x0000000090600000, 0x0000000090600000| Untracked 
| 263|0x0000000090700000, 0x0000000090700000, 0x0000000090800000|  0%| F|  |TAMS 0x0000000090700000, 0x0000000090700000| Untracked 
| 264|0x0000000090800000, 0x0000000090800000, 0x0000000090900000|  0%| F|  |TAMS 0x0000000090800000, 0x0000000090800000| Untracked 
| 265|0x0000000090900000, 0x0000000090900000, 0x0000000090a00000|  0%| F|  |TAMS 0x0000000090900000, 0x0000000090900000| Untracked 
| 266|0x0000000090a00000, 0x0000000090a00000, 0x0000000090b00000|  0%| F|  |TAMS 0x0000000090a00000, 0x0000000090a00000| Untracked 
| 267|0x0000000090b00000, 0x0000000090b00000, 0x0000000090c00000|  0%| F|  |TAMS 0x0000000090b00000, 0x0000000090b00000| Untracked 
| 268|0x0000000090c00000, 0x0000000090c00000, 0x0000000090d00000|  0%| F|  |TAMS 0x0000000090c00000, 0x0000000090c00000| Untracked 
| 269|0x0000000090d00000, 0x0000000090d00000, 0x0000000090e00000|  0%| F|  |TAMS 0x0000000090d00000, 0x0000000090d00000| Untracked 
| 270|0x0000000090e00000, 0x0000000090e00000, 0x0000000090f00000|  0%| F|  |TAMS 0x0000000090e00000, 0x0000000090e00000| Untracked 
| 271|0x0000000090f00000, 0x0000000090f00000, 0x0000000091000000|  0%| F|  |TAMS 0x0000000090f00000, 0x0000000090f00000| Untracked 
| 272|0x0000000091000000, 0x0000000091000000, 0x0000000091100000|  0%| F|  |TAMS 0x0000000091000000, 0x0000000091000000| Untracked 
| 273|0x0000000091100000, 0x0000000091100000, 0x0000000091200000|  0%| F|  |TAMS 0x0000000091100000, 0x0000000091100000| Untracked 
| 274|0x0000000091200000, 0x0000000091200000, 0x0000000091300000|  0%| F|  |TAMS 0x0000000091200000, 0x0000000091200000| Untracked 
| 275|0x0000000091300000, 0x0000000091300000, 0x0000000091400000|  0%| F|  |TAMS 0x0000000091300000, 0x0000000091300000| Untracked 
| 276|0x0000000091400000, 0x0000000091400000, 0x0000000091500000|  0%| F|  |TAMS 0x0000000091400000, 0x0000000091400000| Untracked 
| 277|0x0000000091500000, 0x0000000091500000, 0x0000000091600000|  0%| F|  |TAMS 0x0000000091500000, 0x0000000091500000| Untracked 
| 278|0x0000000091600000, 0x0000000091680800, 0x0000000091700000| 50%| E|  |TAMS 0x0000000091600000, 0x0000000091600000| Complete 
| 279|0x0000000091700000, 0x0000000091800000, 0x0000000091800000|100%| E|CS|TAMS 0x0000000091700000, 0x0000000091700000| Complete 
| 280|0x0000000091800000, 0x0000000091900000, 0x0000000091900000|100%| E|CS|TAMS 0x0000000091800000, 0x0000000091800000| Complete 
| 281|0x0000000091900000, 0x0000000091a00000, 0x0000000091a00000|100%| E|CS|TAMS 0x0000000091900000, 0x0000000091900000| Complete 
| 282|0x0000000091a00000, 0x0000000091b00000, 0x0000000091b00000|100%| E|CS|TAMS 0x0000000091a00000, 0x0000000091a00000| Complete 
| 283|0x0000000091b00000, 0x0000000091c00000, 0x0000000091c00000|100%| E|CS|TAMS 0x0000000091b00000, 0x0000000091b00000| Complete 
| 284|0x0000000091c00000, 0x0000000091d00000, 0x0000000091d00000|100%| E|CS|TAMS 0x0000000091c00000, 0x0000000091c00000| Complete 
| 285|0x0000000091d00000, 0x0000000091e00000, 0x0000000091e00000|100%| E|CS|TAMS 0x0000000091d00000, 0x0000000091d00000| Complete 
| 286|0x0000000091e00000, 0x0000000091f00000, 0x0000000091f00000|100%| E|CS|TAMS 0x0000000091e00000, 0x0000000091e00000| Complete 
| 287|0x0000000091f00000, 0x0000000092000000, 0x0000000092000000|100%| E|CS|TAMS 0x0000000091f00000, 0x0000000091f00000| Complete 
| 288|0x0000000092000000, 0x0000000092100000, 0x0000000092100000|100%| E|CS|TAMS 0x0000000092000000, 0x0000000092000000| Complete 
| 289|0x0000000092100000, 0x0000000092200000, 0x0000000092200000|100%| E|CS|TAMS 0x0000000092100000, 0x0000000092100000| Complete 
| 290|0x0000000092200000, 0x0000000092300000, 0x0000000092300000|100%| E|CS|TAMS 0x0000000092200000, 0x0000000092200000| Complete 
| 291|0x0000000092300000, 0x0000000092400000, 0x0000000092400000|100%| E|CS|TAMS 0x0000000092300000, 0x0000000092300000| Complete 
| 292|0x0000000092400000, 0x0000000092500000, 0x0000000092500000|100%| E|CS|TAMS 0x0000000092400000, 0x0000000092400000| Complete 
| 293|0x0000000092500000, 0x0000000092600000, 0x0000000092600000|100%| E|CS|TAMS 0x0000000092500000, 0x0000000092500000| Complete 
| 294|0x0000000092600000, 0x0000000092700000, 0x0000000092700000|100%| E|CS|TAMS 0x0000000092600000, 0x0000000092600000| Complete 
| 295|0x0000000092700000, 0x0000000092800000, 0x0000000092800000|100%| E|CS|TAMS 0x0000000092700000, 0x0000000092700000| Complete 
| 296|0x0000000092800000, 0x0000000092900000, 0x0000000092900000|100%| E|CS|TAMS 0x0000000092800000, 0x0000000092800000| Complete 
| 297|0x0000000092900000, 0x0000000092a00000, 0x0000000092a00000|100%| E|CS|TAMS 0x0000000092900000, 0x0000000092900000| Complete 
| 298|0x0000000092a00000, 0x0000000092b00000, 0x0000000092b00000|100%| E|CS|TAMS 0x0000000092a00000, 0x0000000092a00000| Complete 
| 299|0x0000000092b00000, 0x0000000092c00000, 0x0000000092c00000|100%| E|CS|TAMS 0x0000000092b00000, 0x0000000092b00000| Complete 
| 300|0x0000000092c00000, 0x0000000092d00000, 0x0000000092d00000|100%| E|CS|TAMS 0x0000000092c00000, 0x0000000092c00000| Complete 
| 301|0x0000000092d00000, 0x0000000092e00000, 0x0000000092e00000|100%| E|CS|TAMS 0x0000000092d00000, 0x0000000092d00000| Complete 
| 302|0x0000000092e00000, 0x0000000092f00000, 0x0000000092f00000|100%| E|CS|TAMS 0x0000000092e00000, 0x0000000092e00000| Complete 
| 303|0x0000000092f00000, 0x0000000093000000, 0x0000000093000000|100%| E|CS|TAMS 0x0000000092f00000, 0x0000000092f00000| Complete 
| 304|0x0000000093000000, 0x0000000093100000, 0x0000000093100000|100%| E|CS|TAMS 0x0000000093000000, 0x0000000093000000| Complete 
| 305|0x0000000093100000, 0x0000000093200000, 0x0000000093200000|100%| E|CS|TAMS 0x0000000093100000, 0x0000000093100000| Complete 
| 306|0x0000000093200000, 0x0000000093300000, 0x0000000093300000|100%| E|CS|TAMS 0x0000000093200000, 0x0000000093200000| Complete 
| 307|0x0000000093300000, 0x0000000093400000, 0x0000000093400000|100%| E|CS|TAMS 0x0000000093300000, 0x0000000093300000| Complete 
| 308|0x0000000093400000, 0x0000000093500000, 0x0000000093500000|100%| E|CS|TAMS 0x0000000093400000, 0x0000000093400000| Complete 
| 309|0x0000000093500000, 0x0000000093600000, 0x0000000093600000|100%| E|CS|TAMS 0x0000000093500000, 0x0000000093500000| Complete 
| 310|0x0000000093600000, 0x0000000093700000, 0x0000000093700000|100%| E|CS|TAMS 0x0000000093600000, 0x0000000093600000| Complete 
| 311|0x0000000093700000, 0x0000000093800000, 0x0000000093800000|100%| E|CS|TAMS 0x0000000093700000, 0x0000000093700000| Complete 
| 312|0x0000000093800000, 0x0000000093900000, 0x0000000093900000|100%| E|CS|TAMS 0x0000000093800000, 0x0000000093800000| Complete 
| 313|0x0000000093900000, 0x0000000093a00000, 0x0000000093a00000|100%| E|CS|TAMS 0x0000000093900000, 0x0000000093900000| Complete 
| 314|0x0000000093a00000, 0x0000000093b00000, 0x0000000093b00000|100%| E|CS|TAMS 0x0000000093a00000, 0x0000000093a00000| Complete 
| 315|0x0000000093b00000, 0x0000000093c00000, 0x0000000093c00000|100%| E|CS|TAMS 0x0000000093b00000, 0x0000000093b00000| Complete 
| 316|0x0000000093c00000, 0x0000000093d00000, 0x0000000093d00000|100%| E|CS|TAMS 0x0000000093c00000, 0x0000000093c00000| Complete 
| 317|0x0000000093d00000, 0x0000000093e00000, 0x0000000093e00000|100%| E|CS|TAMS 0x0000000093d00000, 0x0000000093d00000| Complete 

Card table byte_map: [0x000002049b100000,0x000002049b500000] _byte_map_base: 0x000002049ad00000

Marking Bits (Prev, Next): (CMBitMap*) 0x0000020488221fd8, (CMBitMap*) 0x0000020488222010
 Prev Bits: [0x000002049b900000, 0x000002049d900000)
 Next Bits: [0x000002049d900000, 0x000002049f900000)

Polling page: 0x00000204879b0000

Metaspace:

Usage:
  Non-class:    123.83 MB capacity,   120.25 MB ( 97%) used,     2.95 MB (  2%) free+waste,   639.00 KB ( <1%) overhead. 
      Class:     18.62 MB capacity,    16.69 MB ( 90%) used,     1.65 MB (  9%) free+waste,   279.75 KB (  1%) overhead. 
       Both:    142.45 MB capacity,   136.95 MB ( 96%) used,     4.60 MB (  3%) free+waste,   918.75 KB ( <1%) overhead. 

Virtual space:
  Non-class space:      124.00 MB reserved,     123.88 MB (>99%) committed 
      Class space:        1.00 GB reserved,      18.77 MB (  2%) committed 
             Both:        1.12 GB reserved,     142.65 MB ( 12%) committed 

Chunk freelists:
   Non-Class:  52.00 KB
       Class:  69.00 KB
        Both:  121.00 KB

MaxMetaspaceSize: 17179869184.00 GB
CompressedClassSpaceSize: 1.00 GB
Initial GC threshold: 20.80 MB
Current GC threshold: 237.75 MB
CDS: off

CodeHeap 'non-profiled nmethods': size=120064Kb used=30164Kb max_used=30164Kb free=89899Kb
 bounds [0x00000204937c0000, 0x0000020495540000, 0x000002049ad00000]
CodeHeap 'profiled nmethods': size=120000Kb used=64330Kb max_used=64330Kb free=55669Kb
 bounds [0x000002048c290000, 0x0000020490170000, 0x00000204937c0000]
CodeHeap 'non-nmethods': size=5696Kb used=2483Kb max_used=2571Kb free=3212Kb
 bounds [0x000002048bd00000, 0x000002048bfa0000, 0x000002048c290000]
 total_blobs=29722 nmethods=28711 adapters=921
 compilation: enabled
              stopped_count=0, restarted_count=0
 full_count=0

Compilation events (20 events):
Event: 9285.873 Thread 0x00000204a2696000 nmethod 34661 0x0000020490104390 code [0x00000204901045a0, 0x0000020490104c58]
Event: 9286.153 Thread 0x00000204a2695000 34662       4       org.apache.xerces.impl.dtd.XMLDTDValidator::getFeatureDefault (36 bytes)
Event: 9286.161 Thread 0x00000204a2695000 nmethod 34662 0x000002049552b990 code [0x000002049552bb20, 0x000002049552c118]
Event: 9286.311 Thread 0x00000204a2696000 34663       3       org.apache.xerces.dom.ElementImpl::setAttributeNodeNS (113 bytes)
Event: 9286.311 Thread 0x00000204a2696000 nmethod 34663 0x0000020490104e10 code [0x00000204901050a0, 0x0000020490105ba8]
Event: 9286.344 Thread 0x00000204a2695000 34664       4       org.apache.xerces.impl.XMLEntityManager$CharacterBufferPool::init (33 bytes)
Event: 9286.349 Thread 0x00000204a2695000 nmethod 34664 0x000002049552c290 code [0x000002049552c440, 0x000002049552c818]
Event: 9286.362 Thread 0x00000204a2696000 34665       3       org.apache.xerces.util.NamespaceSupport::getDeclaredPrefixAt (19 bytes)
Event: 9286.362 Thread 0x00000204a2696000 nmethod 34665 0x0000020490105f10 code [0x00000204901060c0, 0x0000020490106218]
Event: 9286.415 Thread 0x00000204a2695000 34666       4       java.util.WeakHashMap::transfer (107 bytes)
Event: 9286.425 Thread 0x00000204a2695000 nmethod 34666 0x000002049552c910 code [0x000002049552caa0, 0x000002049552ce78]
Event: 9286.503 Thread 0x00000204a2695000 34667       4       org.apache.xerces.parsers.XML11Configuration::checkProperty (188 bytes)
Event: 9286.525 Thread 0x00000204a2695000 nmethod 34667 0x000002049552d010 code [0x000002049552d1e0, 0x000002049552da98]
Event: 9286.801 Thread 0x00000204a2695000 34668   !   4       org.apache.xerces.parsers.SecuritySupport$3::run (28 bytes)
Event: 9286.802 Thread 0x00000204a2695000 nmethod 34668 0x000002049552e010 code [0x000002049552e1a0, 0x000002049552e278]
Event: 9286.802 Thread 0x00000204a2695000 34669       4       org.apache.xerces.impl.dtd.XMLDTDProcessor::getFeatureDefault (36 bytes)
Event: 9286.808 Thread 0x00000204a2695000 nmethod 34669 0x000002049552e390 code [0x000002049552e520, 0x000002049552eb18]
Event: 9286.808 Thread 0x00000204a2695000 34670       4       org.apache.xerces.impl.dtd.XMLDTDProcessor::getPropertyDefault (36 bytes)
Event: 9286.817 Thread 0x00000204a2695000 nmethod 34670 0x000002049552ec90 code [0x000002049552ee20, 0x000002049552f418]
Event: 9287.188 Thread 0x00000204a2695000 34671 % !   4       org.apache.xerces.impl.XMLDocumentFragmentScannerImpl$FragmentContentDispatcher::dispatch @ 0 (1128 bytes)

GC Heap History (20 events):
Event: 8827.961 GC heap before
{Heap before GC invocations=287 (full 0):
 garbage-first heap   total 325632K, used 205837K [0x0000000080000000, 0x0000000100000000)
  region size 1024K, 71 young (72704K), 2 survivors (2048K)
 Metaspace       used 139820K, capacity 145415K, committed 145436K, reserved 1175552K
  class space    used 17094K, capacity 19077K, committed 19096K, reserved 1048576K
}
Event: 8827.973 GC heap after
{Heap after GC invocations=288 (full 0):
 garbage-first heap   total 325632K, used 122399K [0x0000000080000000, 0x0000000100000000)
  region size 1024K, 7 young (7168K), 7 survivors (7168K)
 Metaspace       used 139820K, capacity 145415K, committed 145436K, reserved 1175552K
  class space    used 17094K, capacity 19077K, committed 19096K, reserved 1048576K
}
Event: 8830.261 GC heap before
{Heap before GC invocations=289 (full 0):
 garbage-first heap   total 325632K, used 256543K [0x0000000080000000, 0x0000000100000000)
  region size 1024K, 120 young (122880K), 7 survivors (7168K)
 Metaspace       used 139706K, capacity 145220K, committed 145436K, reserved 1175552K
  class space    used 17058K, capacity 19008K, committed 19096K, reserved 1048576K
}
Event: 8830.286 GC heap after
{Heap after GC invocations=290 (full 0):
 garbage-first heap   total 325632K, used 127759K [0x0000000080000000, 0x0000000100000000)
  region size 1024K, 12 young (12288K), 12 survivors (12288K)
 Metaspace       used 139706K, capacity 145220K, committed 145436K, reserved 1175552K
  class space    used 17058K, capacity 19008K, committed 19096K, reserved 1048576K
}
Event: 8830.301 GC heap before
{Heap before GC invocations=290 (full 0):
 garbage-first heap   total 325632K, used 130831K [0x0000000080000000, 0x0000000100000000)
  region size 1024K, 15 young (15360K), 12 survivors (12288K)
 Metaspace       used 139707K, capacity 145220K, committed 145436K, reserved 1175552K
  class space    used 17058K, capacity 19008K, committed 19096K, reserved 1048576K
}
Event: 8830.323 GC heap after
{Heap after GC invocations=291 (full 0):
 garbage-first heap   total 325632K, used 124826K [0x0000000080000000, 0x0000000100000000)
  region size 1024K, 2 young (2048K), 2 survivors (2048K)
 Metaspace       used 139707K, capacity 145220K, committed 145436K, reserved 1175552K
  class space    used 17058K, capacity 19008K, committed 19096K, reserved 1048576K
}
Event: 8830.371 GC heap before
{Heap before GC invocations=291 (full 0):
 garbage-first heap   total 325632K, used 129946K [0x0000000080000000, 0x0000000100000000)
  region size 1024K, 8 young (8192K), 2 survivors (2048K)
 Metaspace       used 139707K, capacity 145220K, committed 145436K, reserved 1175552K
  class space    used 17058K, capacity 19008K, committed 19096K, reserved 1048576K
}
Event: 8830.382 GC heap after
{Heap after GC invocations=292 (full 0):
 garbage-first heap   total 325632K, used 124163K [0x0000000080000000, 0x0000000100000000)
  region size 1024K, 1 young (1024K), 1 survivors (1024K)
 Metaspace       used 139707K, capacity 145220K, committed 145436K, reserved 1175552K
  class space    used 17058K, capacity 19008K, committed 19096K, reserved 1048576K
}
Event: 9235.690 GC heap before
{Heap before GC invocations=293 (full 0):
 garbage-first heap   total 325632K, used 258307K [0x0000000080000000, 0x0000000100000000)
  region size 1024K, 116 young (118784K), 1 survivors (1024K)
 Metaspace       used 139745K, capacity 145320K, committed 145820K, reserved 1175552K
  class space    used 17059K, capacity 19040K, committed 19224K, reserved 1048576K
}
Event: 9235.698 GC heap after
{Heap after GC invocations=294 (full 0):
 garbage-first heap   total 325632K, used 127572K [0x0000000080000000, 0x0000000100000000)
  region size 1024K, 5 young (5120K), 5 survivors (5120K)
 Metaspace       used 139745K, capacity 145320K, committed 145820K, reserved 1175552K
  class space    used 17059K, capacity 19040K, committed 19224K, reserved 1048576K
}
Event: 9235.804 GC heap before
{Heap before GC invocations=294 (full 0):
 garbage-first heap   total 325632K, used 137812K [0x0000000080000000, 0x0000000100000000)
  region size 1024K, 15 young (15360K), 5 survivors (5120K)
 Metaspace       used 139745K, capacity 145320K, committed 145820K, reserved 1175552K
  class space    used 17059K, capacity 19040K, committed 19224K, reserved 1048576K
}
Event: 9235.813 GC heap after
{Heap after GC invocations=295 (full 0):
 garbage-first heap   total 325632K, used 123011K [0x0000000080000000, 0x0000000100000000)
  region size 1024K, 2 young (2048K), 2 survivors (2048K)
 Metaspace       used 139745K, capacity 145320K, committed 145820K, reserved 1175552K
  class space    used 17059K, capacity 19040K, committed 19224K, reserved 1048576K
}
Event: 9235.855 GC heap before
{Heap before GC invocations=295 (full 0):
 garbage-first heap   total 325632K, used 131203K [0x0000000080000000, 0x0000000100000000)
  region size 1024K, 11 young (11264K), 2 survivors (2048K)
 Metaspace       used 139745K, capacity 145320K, committed 145820K, reserved 1175552K
  class space    used 17059K, capacity 19040K, committed 19224K, reserved 1048576K
}
Event: 9235.862 GC heap after
{Heap after GC invocations=296 (full 0):
 garbage-first heap   total 325632K, used 123384K [0x0000000080000000, 0x0000000100000000)
  region size 1024K, 3 young (3072K), 3 survivors (3072K)
 Metaspace       used 139745K, capacity 145320K, committed 145820K, reserved 1175552K
  class space    used 17059K, capacity 19040K, committed 19224K, reserved 1048576K
}
Event: 9279.940 GC heap before
{Heap before GC invocations=297 (full 0):
 garbage-first heap   total 325632K, used 231928K [0x0000000080000000, 0x0000000100000000)
  region size 1024K, 108 young (110592K), 3 survivors (3072K)
 Metaspace       used 139983K, capacity 145611K, committed 145820K, reserved 1175552K
  class space    used 17082K, capacity 19067K, committed 19224K, reserved 1048576K
}
Event: 9279.959 GC heap after
{Heap after GC invocations=298 (full 0):
 garbage-first heap   total 325632K, used 130524K [0x0000000080000000, 0x0000000100000000)
  region size 1024K, 10 young (10240K), 10 survivors (10240K)
 Metaspace       used 139983K, capacity 145611K, committed 145820K, reserved 1175552K
  class space    used 17082K, capacity 19067K, committed 19224K, reserved 1048576K
}
Event: 9281.385 GC heap before
{Heap before GC invocations=298 (full 0):
 garbage-first heap   total 325632K, used 135644K [0x0000000080000000, 0x0000000100000000)
  region size 1024K, 15 young (15360K), 10 survivors (10240K)
 Metaspace       used 140046K, capacity 145739K, committed 146076K, reserved 1175552K
  class space    used 17088K, capacity 19067K, committed 19224K, reserved 1048576K
}
Event: 9281.398 GC heap after
{Heap after GC invocations=299 (full 0):
 garbage-first heap   total 325632K, used 119040K [0x0000000080000000, 0x0000000100000000)
  region size 1024K, 2 young (2048K), 2 survivors (2048K)
 Metaspace       used 140046K, capacity 145739K, committed 146076K, reserved 1175552K
  class space    used 17088K, capacity 19067K, committed 19224K, reserved 1048576K
}
Event: 9285.758 GC heap before
{Heap before GC invocations=299 (full 0):
 garbage-first heap   total 325632K, used 173312K [0x0000000080000000, 0x0000000100000000)
  region size 1024K, 57 young (58368K), 2 survivors (2048K)
 Metaspace       used 140149K, capacity 145803K, committed 146076K, reserved 1175552K
  class space    used 17089K, capacity 19067K, committed 19224K, reserved 1048576K
}
Event: 9285.787 GC heap after
{Heap after GC invocations=300 (full 0):
 garbage-first heap   total 325632K, used 128610K [0x0000000080000000, 0x0000000100000000)
  region size 1024K, 11 young (11264K), 11 survivors (11264K)
 Metaspace       used 140149K, capacity 145803K, committed 146076K, reserved 1175552K
  class space    used 17089K, capacity 19067K, committed 19224K, reserved 1048576K
}

Deoptimization events (20 events):
Event: 9284.091 Thread 0x00000204ad433800 DEOPT PACKING pc=0x00000204900c0570 sp=0x0000006cb85fa680
Event: 9284.091 Thread 0x00000204ad433800 DEOPT UNPACKING pc=0x000002048bd49d0e sp=0x0000006cb85f9c38 mode 0
Event: 9285.295 Thread 0x00000204ad433800 DEOPT PACKING pc=0x00000204900c0570 sp=0x0000006cb85fa6b0
Event: 9285.295 Thread 0x00000204ad433800 DEOPT UNPACKING pc=0x000002048bd49d0e sp=0x0000006cb85f9c68 mode 0
Event: 9285.792 Thread 0x00000204ad433800 Uncommon trap: trap_request=0xffffff4d fr.pc=0x0000020495527454 relative=0x0000000000000934
Event: 9285.792 Thread 0x00000204ad433800 Uncommon trap: reason=unstable_if action=reinterpret pc=0x0000020495527454 method=org.apache.xerces.dom.NamedNodeMapImpl.findNamePoint(Ljava/lang/String;Ljava/lang/String;)I @ 105 c2
Event: 9285.792 Thread 0x00000204ad433800 DEOPT PACKING pc=0x0000020495527454 sp=0x0000006cb85fa2b0
Event: 9285.792 Thread 0x00000204ad433800 DEOPT UNPACKING pc=0x000002048bd085af sp=0x0000006cb85fa240 mode 2
Event: 9285.794 Thread 0x00000204ad433800 DEOPT PACKING pc=0x00000204900c0570 sp=0x0000006cb85fa690
Event: 9285.794 Thread 0x00000204ad433800 DEOPT UNPACKING pc=0x000002048bd49d0e sp=0x0000006cb85f9c48 mode 0
Event: 9285.794 Thread 0x00000204ad433800 Uncommon trap: trap_request=0xffffffde fr.pc=0x0000020494598334 relative=0x0000000000001ad4
Event: 9285.794 Thread 0x00000204ad433800 Uncommon trap: reason=class_check action=maybe_recompile pc=0x0000020494598334 method=org.apache.xerces.impl.XMLDocumentFragmentScannerImpl.scanContent()I @ 82 c2
Event: 9285.794 Thread 0x00000204ad433800 DEOPT PACKING pc=0x0000020494598334 sp=0x0000006cb85fa790
Event: 9285.794 Thread 0x00000204ad433800 DEOPT UNPACKING pc=0x000002048bd085af sp=0x0000006cb85fa6d8 mode 2
Event: 9286.415 Thread 0x00000204ad433800 DEOPT PACKING pc=0x000002048decb361 sp=0x0000006cb85fa280
Event: 9286.415 Thread 0x00000204ad433800 DEOPT UNPACKING pc=0x000002048bd49d0e sp=0x0000006cb85f9708 mode 0
Event: 9287.254 Thread 0x00000204ad433800 Uncommon trap: trap_request=0xffffff4d fr.pc=0x00000204954e37bc relative=0x000000000000077c
Event: 9287.254 Thread 0x00000204ad433800 Uncommon trap: reason=unstable_if action=reinterpret pc=0x00000204954e37bc method=com.android.utils.PositionXmlParser$DomBuilder.findOpeningTag(Lcom/android/utils/PositionXmlParser$Position;)Lcom/android/utils/PositionXmlParser$Position; @ 81 c2
Event: 9287.254 Thread 0x00000204ad433800 DEOPT PACKING pc=0x00000204954e37bc sp=0x0000006cb85fa400
Event: 9287.254 Thread 0x00000204ad433800 DEOPT UNPACKING pc=0x000002048bd085af sp=0x0000006cb85fa378 mode 2

Classes redefined (0 events):
No events

Internal exceptions (20 events):
Event: 9235.591 Thread 0x00000204ac225000 Exception <a 'java/lang/NoClassDefFoundError'{0x000000008cd58b68}: org/jetbrains/kotlin/gradle/plugin/KotlinBasePluginWrapper> (0x000000008cd58b68) thrown at [src/hotspot/share/oops/constantPool.cpp, line 775]
Event: 9235.673 Thread 0x00000204ac225000 Exception <a 'sun/nio/fs/WindowsException'{0x000000008cce9ce8}> (0x000000008cce9ce8) thrown at [src/hotspot/share/prims/jni.cpp, line 617]
Event: 9235.678 Thread 0x00000204ac225000 Exception <a 'sun/nio/fs/WindowsException'{0x000000008cb8c628}> (0x000000008cb8c628) thrown at [src/hotspot/share/prims/jni.cpp, line 617]
Event: 9235.678 Thread 0x00000204ac225000 Exception <a 'sun/nio/fs/WindowsException'{0x000000008cb8d868}> (0x000000008cb8d868) thrown at [src/hotspot/share/prims/jni.cpp, line 617]
Event: 9235.678 Thread 0x00000204ac225000 Exception <a 'sun/nio/fs/WindowsException'{0x000000008cb8eaf8}> (0x000000008cb8eaf8) thrown at [src/hotspot/share/prims/jni.cpp, line 617]
Event: 9235.678 Thread 0x00000204ac225000 Exception <a 'sun/nio/fs/WindowsException'{0x000000008cb90078}> (0x000000008cb90078) thrown at [src/hotspot/share/prims/jni.cpp, line 617]
Event: 9236.219 Thread 0x00000204a97d3000 Exception <a 'java/lang/ClassNotFoundException'{0x0000000091c28b20}: sun/misc/SharedSecrets> (0x0000000091c28b20) thrown at [src/hotspot/share/classfile/systemDictionary.cpp, line 230]
Event: 9236.222 Thread 0x00000204a97d3000 Implicit null exception at 0x00000204953dd061 to 0x00000204953dd330
Event: 9236.274 Thread 0x00000204a97d0800 Exception <a 'sun/nio/fs/WindowsException'{0x0000000091682fe8}> (0x0000000091682fe8) thrown at [src/hotspot/share/prims/jni.cpp, line 617]
Event: 9236.888 Thread 0x00000204ac225000 Exception <a 'sun/nio/fs/WindowsException'{0x000000009036be00}> (0x000000009036be00) thrown at [src/hotspot/share/prims/jni.cpp, line 617]
Event: 9236.888 Thread 0x00000204ac225000 Exception <a 'sun/nio/fs/WindowsException'{0x000000009036be88}> (0x000000009036be88) thrown at [src/hotspot/share/prims/jni.cpp, line 617]
Event: 9236.889 Thread 0x00000204ac225000 Exception <a 'sun/nio/fs/WindowsException'{0x000000009036d778}> (0x000000009036d778) thrown at [src/hotspot/share/prims/jni.cpp, line 617]
Event: 9279.394 Thread 0x00000204ac225000 Exception <a 'sun/nio/fs/WindowsException'{0x000000008e795ca0}> (0x000000008e795ca0) thrown at [src/hotspot/share/prims/jni.cpp, line 617]
Event: 9279.446 Thread 0x00000204ac225000 Exception <a 'java/lang/NoClassDefFoundError'{0x000000008e39d548}: org/jetbrains/kotlin/gradle/plugin/KotlinBasePluginWrapper> (0x000000008e39d548) thrown at [src/hotspot/share/oops/constantPool.cpp, line 775]
Event: 9279.490 Thread 0x00000204ac225000 Exception <a 'sun/nio/fs/WindowsException'{0x000000008e12cc58}> (0x000000008e12cc58) thrown at [src/hotspot/share/prims/jni.cpp, line 617]
Event: 9279.498 Thread 0x00000204ac225000 Exception <a 'sun/nio/fs/WindowsException'{0x000000008e1c87b0}> (0x000000008e1c87b0) thrown at [src/hotspot/share/prims/jni.cpp, line 617]
Event: 9279.498 Thread 0x00000204ac225000 Exception <a 'sun/nio/fs/WindowsException'{0x000000008e1c99f0}> (0x000000008e1c99f0) thrown at [src/hotspot/share/prims/jni.cpp, line 617]
Event: 9279.498 Thread 0x00000204ac225000 Exception <a 'sun/nio/fs/WindowsException'{0x000000008e1cac80}> (0x000000008e1cac80) thrown at [src/hotspot/share/prims/jni.cpp, line 617]
Event: 9279.498 Thread 0x00000204ac225000 Exception <a 'sun/nio/fs/WindowsException'{0x000000008e1cbf10}> (0x000000008e1cbf10) thrown at [src/hotspot/share/prims/jni.cpp, line 617]
Event: 9281.350 Thread 0x00000204ad433800 Implicit null exception at 0x000002049517df0f to 0x000002049517e508

Events (20 events):
Event: 9281.347 Executing VM operation: RevokeBias
Event: 9281.347 Executing VM operation: RevokeBias done
Event: 9281.348 loading class org/apache/xerces/util/EntityResolver2Wrapper
Event: 9281.348 loading class org/apache/xerces/util/EntityResolver2Wrapper done
Event: 9281.349 loading class org/apache/xerces/impl/ExternalSubsetResolver
Event: 9281.349 loading class org/apache/xerces/impl/ExternalSubsetResolver done
Event: 9281.350 loading class com/android/utils/PositionXmlParser$Position
Event: 9281.350 loading class com/android/utils/PositionXmlParser$Position done
Event: 9281.385 Executing VM operation: G1CollectForAllocation
Event: 9281.398 Executing VM operation: G1CollectForAllocation done
Event: 9281.464 Thread 0x00000204a42fe800 Thread added: 0x00000204a42fe800
Event: 9282.148 Thread 0x00000204a42fe800 Thread exited: 0x00000204a42fe800
Event: 9284.106 Thread 0x00000204a42fe800 Thread added: 0x00000204a42fe800
Event: 9285.356 Thread 0x00000204a42fe800 Thread exited: 0x00000204a42fe800
Event: 9285.758 Executing VM operation: G1CollectForAllocation
Event: 9285.787 Executing VM operation: G1CollectForAllocation done
Event: 9285.972 Executing VM operation: CGC_Operation
Event: 9285.996 Executing VM operation: CGC_Operation done
Event: 9286.098 Executing VM operation: CGC_Operation
Event: 9286.099 Executing VM operation: CGC_Operation done


Dynamic libraries:
0x00007ff725730000 - 0x00007ff72573a000 	D:\Android Studio\jbr\bin\java.exe
0x00007ffd96e30000 - 0x00007ffd97044000 	C:\WINDOWS\SYSTEM32\ntdll.dll
0x00007ffd96140000 - 0x00007ffd96202000 	C:\WINDOWS\System32\KERNEL32.DLL
0x00007ffd94790000 - 0x00007ffd94b33000 	C:\WINDOWS\System32\KERNELBASE.dll
0x00007ffd94410000 - 0x00007ffd94521000 	C:\WINDOWS\System32\ucrtbase.dll
0x00007ffd72c60000 - 0x00007ffd72c77000 	D:\Android Studio\jbr\bin\jli.dll
0x00007ffd96540000 - 0x00007ffd966eb000 	C:\WINDOWS\System32\USER32.dll
0x00007ffd94530000 - 0x00007ffd94556000 	C:\WINDOWS\System32\win32u.dll
0x00007ffd966f0000 - 0x00007ffd96719000 	C:\WINDOWS\System32\GDI32.dll
0x00007ffd94250000 - 0x00007ffd94368000 	C:\WINDOWS\System32\gdi32full.dll
0x00007ffd79590000 - 0x00007ffd7981e000 	C:\WINDOWS\WinSxS\amd64_microsoft.windows.common-controls_6595b64144ccf1df_6.0.22621.1635_none_270f70857386168e\COMCTL32.dll
0x00007ffd94370000 - 0x00007ffd9440a000 	C:\WINDOWS\System32\msvcp_win.dll
0x00007ffd96720000 - 0x00007ffd967c7000 	C:\WINDOWS\System32\msvcrt.dll
0x00007ffd724c0000 - 0x00007ffd724db000 	D:\Android Studio\jbr\bin\VCRUNTIME140.dll
0x00007ffd96a90000 - 0x00007ffd96ac1000 	C:\WINDOWS\System32\IMM32.DLL
0x00007ffd5ff30000 - 0x00007ffd5ffbd000 	D:\Android Studio\jbr\bin\msvcp140.dll
0x00007ffd8e280000 - 0x00007ffd8e28c000 	C:\WINDOWS\SYSTEM32\VCRUNTIME140_1.dll
0x00007ffd17de0000 - 0x00007ffd1899c000 	D:\Android Studio\jbr\bin\server\jvm.dll
0x00007ffd94ed0000 - 0x00007ffd94f7e000 	C:\WINDOWS\System32\ADVAPI32.dll
0x00007ffd96210000 - 0x00007ffd962b4000 	C:\WINDOWS\System32\sechost.dll
0x00007ffd96020000 - 0x00007ffd96137000 	C:\WINDOWS\System32\RPCRT4.dll
0x00007ffd96a80000 - 0x00007ffd96a88000 	C:\WINDOWS\System32\PSAPI.DLL
0x00007ffd8cb90000 - 0x00007ffd8cbc4000 	C:\WINDOWS\SYSTEM32\WINMM.dll
0x00007ffd83000000 - 0x00007ffd83009000 	C:\WINDOWS\SYSTEM32\WSOCK32.dll
0x00007ffd8c190000 - 0x00007ffd8c19a000 	C:\WINDOWS\SYSTEM32\VERSION.dll
0x00007ffd94e30000 - 0x00007ffd94ea1000 	C:\WINDOWS\System32\WS2_32.dll
0x00007ffd93390000 - 0x00007ffd933a8000 	C:\WINDOWS\SYSTEM32\kernel.appcore.dll
0x00007ffd82ff0000 - 0x00007ffd83000000 	D:\Android Studio\jbr\bin\verify.dll
0x00007ffd91410000 - 0x00007ffd9163e000 	C:\WINDOWS\SYSTEM32\DBGHELP.DLL
0x00007ffd94f80000 - 0x00007ffd95309000 	C:\WINDOWS\System32\combase.dll
0x00007ffd969a0000 - 0x00007ffd96a77000 	C:\WINDOWS\System32\OLEAUT32.dll
0x00007ffd8a850000 - 0x00007ffd8a882000 	C:\WINDOWS\SYSTEM32\dbgcore.DLL
0x00007ffd94b40000 - 0x00007ffd94bbb000 	C:\WINDOWS\System32\bcryptPrimitives.dll
0x00007ffd72c90000 - 0x00007ffd72cb8000 	D:\Android Studio\jbr\bin\java.dll
0x00007ffd72c80000 - 0x00007ffd72c8a000 	D:\Android Studio\jbr\bin\jimage.dll
0x00007ffd711c0000 - 0x00007ffd711d8000 	D:\Android Studio\jbr\bin\zip.dll
0x00007ffd95310000 - 0x00007ffd95b0a000 	C:\WINDOWS\System32\SHELL32.dll
0x00007ffd92260000 - 0x00007ffd92b2e000 	C:\WINDOWS\SYSTEM32\windows.storage.dll
0x00007ffd92120000 - 0x00007ffd9225e000 	C:\WINDOWS\SYSTEM32\wintypes.dll
0x00007ffd96cf0000 - 0x00007ffd96de1000 	C:\WINDOWS\System32\SHCORE.dll
0x00007ffd96c90000 - 0x00007ffd96cee000 	C:\WINDOWS\System32\shlwapi.dll
0x00007ffd94180000 - 0x00007ffd941a1000 	C:\WINDOWS\SYSTEM32\profapi.dll
0x00007ffd6fc60000 - 0x00007ffd6fc79000 	D:\Android Studio\jbr\bin\net.dll
0x00007ffd8dc40000 - 0x00007ffd8dd77000 	C:\WINDOWS\SYSTEM32\WINHTTP.dll
0x00007ffd93800000 - 0x00007ffd93869000 	C:\WINDOWS\system32\mswsock.dll
0x00007ffd6fc40000 - 0x00007ffd6fc53000 	D:\Android Studio\jbr\bin\nio.dll
0x00007ffd713d0000 - 0x00007ffd713f7000 	C:\Users\Acer\.gradle\native\e1d6ef7f7dcc3fd88c89a11ec53ec762bb8ba0a96d01ffa2cd45eb1d1d8dd5c5\windows-amd64\native-platform.dll
0x00007ffd42980000 - 0x00007ffd42ac4000 	C:\Users\Acer\.gradle\native\0d407fdbe67a94daf76414ababcb853783967236a71b16ec16e742cd7a986fd3\windows-amd64\native-platform-file-events.dll
0x00007ffd70070000 - 0x00007ffd7007a000 	D:\Android Studio\jbr\bin\management.dll
0x00007ffd70020000 - 0x00007ffd7002b000 	D:\Android Studio\jbr\bin\management_ext.dll
0x00007ffd93a70000 - 0x00007ffd93a8b000 	C:\WINDOWS\SYSTEM32\CRYPTSP.dll
0x00007ffd93300000 - 0x00007ffd93335000 	C:\WINDOWS\system32\rsaenh.dll
0x00007ffd93900000 - 0x00007ffd93928000 	C:\WINDOWS\SYSTEM32\USERENV.dll
0x00007ffd93c20000 - 0x00007ffd93c48000 	C:\WINDOWS\SYSTEM32\bcrypt.dll
0x00007ffd93a60000 - 0x00007ffd93a6c000 	C:\WINDOWS\SYSTEM32\CRYPTBASE.dll
0x00007ffd92e00000 - 0x00007ffd92e2d000 	C:\WINDOWS\SYSTEM32\IPHLPAPI.DLL
0x00007ffd967e0000 - 0x00007ffd967e9000 	C:\WINDOWS\System32\NSI.dll
0x00007ffd8d6a0000 - 0x00007ffd8d6b9000 	C:\WINDOWS\SYSTEM32\dhcpcsvc6.DLL
0x00007ffd8d640000 - 0x00007ffd8d65f000 	C:\WINDOWS\SYSTEM32\dhcpcsvc.DLL
0x00007ffd92e30000 - 0x00007ffd92f23000 	C:\WINDOWS\SYSTEM32\DNSAPI.dll
0x00007ffd933b0000 - 0x00007ffd933e4000 	C:\WINDOWS\SYSTEM32\ntmarta.dll
0x00007ffd830b0000 - 0x00007ffd830d7000 	D:\Android Studio\jbr\bin\sunec.dll

dbghelp: loaded successfully - version: 4.0.5 - missing functions: none
symbol engine: initialized successfully - sym options: 0x614 - pdb path: .;D:\Android Studio\jbr\bin;C:\WINDOWS\SYSTEM32;C:\WINDOWS\WinSxS\amd64_microsoft.windows.common-controls_6595b64144ccf1df_6.0.22621.1635_none_270f70857386168e;D:\Android Studio\jbr\bin\server;C:\Users\Acer\.gradle\native\e1d6ef7f7dcc3fd88c89a11ec53ec762bb8ba0a96d01ffa2cd45eb1d1d8dd5c5\windows-amd64;C:\Users\Acer\.gradle\native\0d407fdbe67a94daf76414ababcb853783967236a71b16ec16e742cd7a986fd3\windows-amd64

VM Arguments:
jvm_args: --add-opens=java.base/java.util=ALL-UNNAMED --add-opens=java.base/java.lang=ALL-UNNAMED --add-opens=java.base/java.lang.invoke=ALL-UNNAMED --add-opens=java.base/java.util=ALL-UNNAMED --add-opens=java.prefs/java.util.prefs=ALL-UNNAMED --add-opens=java.prefs/java.util.prefs=ALL-UNNAMED --add-opens=java.base/java.nio.charset=ALL-UNNAMED --add-opens=java.base/java.net=ALL-UNNAMED --add-opens=java.base/java.util.concurrent.atomic=ALL-UNNAMED -Xmx2048m -Dfile.encoding=UTF-8 -Duser.country=US -Duser.language=en -Duser.variant 
java_command: org.gradle.launcher.daemon.bootstrap.GradleDaemon 7.5
java_class_path (initial): C:\Users\Acer\.gradle\wrapper\dists\gradle-7.5-bin\f1w0cc9nuo0eivz97x2xlu9sv\gradle-7.5\lib\gradle-launcher-7.5.jar
Launcher Type: SUN_STANDARD

[Global flags]
     intx CICompilerCount                          = 3                                         {product} {ergonomic}
     uint ConcGCThreads                            = 1                                         {product} {ergonomic}
     uint G1ConcRefinementThreads                  = 4                                         {product} {ergonomic}
   size_t G1HeapRegionSize                         = 1048576                                   {product} {ergonomic}
    uintx GCDrainStackTargetSize                   = 64                                        {product} {ergonomic}
   size_t InitialHeapSize                          = 199229440                                 {product} {ergonomic}
   size_t MarkStackSize                            = 4194304                                   {product} {ergonomic}
   size_t MaxHeapSize                              = 2147483648                                {product} {command line}
   size_t MaxNewSize                               = 1287651328                                {product} {ergonomic}
   size_t MinHeapDeltaBytes                        = 1048576                                   {product} {ergonomic}
    uintx NonNMethodCodeHeapSize                   = 5830732                                {pd product} {ergonomic}
    uintx NonProfiledCodeHeapSize                  = 122913754                              {pd product} {ergonomic}
    uintx ProfiledCodeHeapSize                     = 122913754                              {pd product} {ergonomic}
    uintx ReservedCodeCacheSize                    = 251658240                              {pd product} {ergonomic}
     bool SegmentedCodeCache                       = true                                      {product} {ergonomic}
     bool UseCompressedClassPointers               = true                                 {lp64_product} {ergonomic}
     bool UseCompressedOops                        = true                                 {lp64_product} {ergonomic}
     bool UseG1GC                                  = true                                      {product} {ergonomic}
     bool UseLargePagesIndividualAllocation        = false                                  {pd product} {ergonomic}

Logging:
Log output configuration:
 #0: stdout all=warning uptime,level,tags
 #1: stderr all=off uptime,level,tags

Environment Variables:
PATH=C:\Program Files (x86)\Common Files\Oracle\Java\javapath;C:\WINDOWS\system32;C:\WINDOWS;C:\WINDOWS\System32\Wbem;C:\WINDOWS\System32\WindowsPowerShell\v1.0\;C:\WINDOWS\System32\OpenSSH\;C:\Users\Acer\AppData\Local\Microsoft\WindowsApps;;C:\Users\Acer\AppData\Local\Programs\Microsoft VS Code\bin
USERNAME=Acer
OS=Windows_NT
PROCESSOR_IDENTIFIER=Intel64 Family 6 Model 126 Stepping 5, GenuineIntel



---------------  S Y S T E M  ---------------

OS: Windows 11 , 64 bit Build 22621 (10.0.22621.1635)
OS uptime: 0 days 3:04 hours

CPU:total 4 (initial active 4) (2 cores per cpu, 2 threads per core) family 6 model 126 stepping 5 microcode 0x96, cmov, cx8, fxsr, mmx, sse, sse2, sse3, ssse3, sse4.1, sse4.2, popcnt, avx, avx2, aes, clmul, erms, 3dnowpref, lzcnt, ht, tsc, tscinvbit, bmi1, bmi2, adx, evex, sha, fma

Memory: 4k page, system-wide physical 12055M (1216M free)
TotalPageFile size 14103M (AvailPageFile size 0M)
current process WorkingSet (physical memory assigned to process): 672M, peak: 694M
current process commit charge ("private bytes"): 762M, peak: 781M

vm_info: OpenJDK 64-Bit Server VM (11.0.15+0-b2043.56-8887301) for windows-amd64 JRE (11.0.15+0-b2043.56-8887301), built on Jul 29 2022 23:19:47 by "builduser" with unknown MS VC++:1929

END.
