#
# There is insufficient memory for the Java Runtime Environment to continue.
# Native memory allocation (malloc) failed to allocate 2421616 bytes for Chunk::new
# Possible reasons:
#   The system is out of physical RAM or swap space
#   The process is running with CompressedOops enabled, and the Java Heap may be blocking the growth of the native heap
# Possible solutions:
#   Reduce memory load on the system
#   Increase physical memory or swap space
#   Check if swap backing store is full
#   Decrease Java heap size (-Xmx/-Xms)
#   Decrease number of Java threads
#   Decrease Java thread stack sizes (-Xss)
#   Set larger code cache with -XX:ReservedCodeCacheSize=
#   JVM is running with Unscaled Compressed Oops mode in which the Java heap is
#     placed in the first 4GB address space. The Java Heap base address is the
#     maximum limit for the native heap growth. Please use -XX:HeapBaseMinAddress
#     to set the Java Heap base and to place the Java Heap above 4GB virtual address.
# This output file may be truncated or incomplete.
#
#  Out of Memory Error (src/hotspot/share/memory/arena.cpp:197), pid=6036, tid=12712
#
# JRE version: OpenJDK Runtime Environment (11.0.15) (build 11.0.15+0-b2043.56-8887301)
# Java VM: OpenJDK 64-Bit Server VM (11.0.15+0-b2043.56-8887301, mixed mode, tiered, compressed oops, g1 gc, windows-amd64)
# No core dump will be written. Minidumps are not enabled by default on client versions of Windows
#

---------------  S U M M A R Y ------------

Command Line: --add-opens=java.base/java.util=ALL-UNNAMED --add-opens=java.base/java.lang=ALL-UNNAMED --add-opens=java.base/java.lang.invoke=ALL-UNNAMED --add-opens=java.base/java.util=ALL-UNNAMED --add-opens=java.prefs/java.util.prefs=ALL-UNNAMED --add-opens=java.prefs/java.util.prefs=ALL-UNNAMED --add-opens=java.base/java.nio.charset=ALL-UNNAMED --add-opens=java.base/java.net=ALL-UNNAMED --add-opens=java.base/java.util.concurrent.atomic=ALL-UNNAMED -Xmx2048m -Dfile.encoding=UTF-8 -Duser.country=US -Duser.language=en -Duser.variant org.gradle.launcher.daemon.bootstrap.GradleDaemon 7.5

Host: Intel(R) Core(TM) i3-1005G1 CPU @ 1.20GHz, 4 cores, 11G,  Windows 11 , 64 bit Build 22621 (10.0.22621.1635)
Time: Sun Jun 11 12:50:03 2023 Malay Peninsula Standard Time elapsed time: 37.665372 seconds (0d 0h 0m 37s)

---------------  T H R E A D  ---------------

Current thread (0x000001906fc03000):  JavaThread "C2 CompilerThread0" daemon [_thread_in_native, id=12712, stack(0x0000005ff3700000,0x0000005ff3800000)]


Current CompileTask:
C2:  37665 8019       4       org.gradle.internal.instantiation.generator.AbstractClassGenerator::inspectType (560 bytes)

Stack: [0x0000005ff3700000,0x0000005ff3800000]
Native frames: (J=compiled Java code, j=interpreted, Vv=VM code, C=native code)
V  [jvm.dll+0x64135a]
V  [jvm.dll+0x7d39f9]
V  [jvm.dll+0x7d51b9]
V  [jvm.dll+0x7d58a3]
V  [jvm.dll+0x2691c5]
V  [jvm.dll+0xc1a5c]
V  [jvm.dll+0xc200c]
V  [jvm.dll+0x3774a7]
V  [jvm.dll+0x342495]
V  [jvm.dll+0x34186a]
V  [jvm.dll+0x2214bd]
V  [jvm.dll+0x220498]
V  [jvm.dll+0x19e851]
V  [jvm.dll+0x230479]
V  [jvm.dll+0x22e5ef]
V  [jvm.dll+0x794de1]
V  [jvm.dll+0x78dc24]
V  [jvm.dll+0x6400f6]
C  [ucrtbase.dll+0x29363]
C  [KERNEL32.DLL+0x126ad]
C  [ntdll.dll+0x5a9f8]


---------------  P R O C E S S  ---------------

Threads class SMR info:
_java_thread_list=0x0000019076090e40, length=79, elements={
0x000001905571d000, 0x000001906fb9e000, 0x000001906fb9f000, 0x000001906fbfd800,
0x000001906fc00800, 0x000001906fc01800, 0x000001906fc03000, 0x000001906fc04800,
0x000001906fc13000, 0x000001906fd7d000, 0x0000019070918800, 0x0000019070eb7000,
0x0000019071680800, 0x00000190715b8000, 0x0000019071b6f800, 0x0000019070a8b800,
0x0000019071434800, 0x0000019071b7f000, 0x000001906fcfc800, 0x000001906fcfd800,
0x0000019071576000, 0x0000019071576800, 0x0000019071577800, 0x0000019071578800,
0x0000019071579000, 0x0000019071573800, 0x0000019071574000, 0x000001907157a000,
0x0000019071575000, 0x0000019072848000, 0x0000019072849800, 0x0000019072848800,
0x000001907284c000, 0x0000019072846800, 0x0000019072847000, 0x000001907284f000,
0x0000019072850000, 0x0000019072851000, 0x0000019072851800, 0x0000019072852800,
0x000001907284d000, 0x000001907284e800, 0x0000019072853800, 0x000001907284d800,
0x0000019072854000, 0x0000019072855000, 0x0000019075d42000, 0x0000019075d3e000,
0x0000019075d3e800, 0x0000019075d3c800, 0x0000019075d3f800, 0x0000019075d40800,
0x0000019075d41000, 0x0000019075d43000, 0x0000019075d3d000, 0x0000019075d47800,
0x0000019075d46000, 0x0000019075d47000, 0x0000019075d43800, 0x0000019075d4a000,
0x0000019075d48800, 0x0000019075d49800, 0x0000019075d44800, 0x0000019075d4b000,
0x0000019075d45800, 0x0000019070aa8800, 0x0000019070aa9000, 0x0000019070aa6000,
0x0000019070aa7000, 0x0000019070aa7800, 0x0000019070aaa000, 0x0000019070aa4800,
0x0000019070aab000, 0x0000019070aa5000, 0x0000019070aaf000, 0x0000019070aac800,
0x0000019070aaf800, 0x0000019070ab1800, 0x0000019070ab0800
}

Java Threads: ( => current thread )
  0x000001905571d000 JavaThread "main" [_thread_blocked, id=6216, stack(0x0000005ff2b00000,0x0000005ff2c00000)]
  0x000001906fb9e000 JavaThread "Reference Handler" daemon [_thread_blocked, id=3636, stack(0x0000005ff3200000,0x0000005ff3300000)]
  0x000001906fb9f000 JavaThread "Finalizer" daemon [_thread_blocked, id=1660, stack(0x0000005ff3300000,0x0000005ff3400000)]
  0x000001906fbfd800 JavaThread "Signal Dispatcher" daemon [_thread_blocked, id=8064, stack(0x0000005ff3400000,0x0000005ff3500000)]
  0x000001906fc00800 JavaThread "Attach Listener" daemon [_thread_blocked, id=13280, stack(0x0000005ff3500000,0x0000005ff3600000)]
  0x000001906fc01800 JavaThread "Service Thread" daemon [_thread_blocked, id=4212, stack(0x0000005ff3600000,0x0000005ff3700000)]
=>0x000001906fc03000 JavaThread "C2 CompilerThread0" daemon [_thread_in_native, id=12712, stack(0x0000005ff3700000,0x0000005ff3800000)]
  0x000001906fc04800 JavaThread "C1 CompilerThread0" daemon [_thread_blocked, id=12772, stack(0x0000005ff3800000,0x0000005ff3900000)]
  0x000001906fc13000 JavaThread "Sweeper thread" daemon [_thread_blocked, id=15400, stack(0x0000005ff3900000,0x0000005ff3a00000)]
  0x000001906fd7d000 JavaThread "Common-Cleaner" daemon [_thread_blocked, id=7412, stack(0x0000005ff3a00000,0x0000005ff3b00000)]
  0x0000019070918800 JavaThread "Daemon health stats" [_thread_blocked, id=14404, stack(0x0000005ff3f00000,0x0000005ff4000000)]
  0x0000019070eb7000 JavaThread "Incoming local TCP Connector on port 58126" [_thread_in_native, id=4428, stack(0x0000005ff4000000,0x0000005ff4100000)]
  0x0000019071680800 JavaThread "Daemon periodic checks" [_thread_blocked, id=9596, stack(0x0000005ff4100000,0x0000005ff4200000)]
  0x00000190715b8000 JavaThread "Daemon" [_thread_blocked, id=624, stack(0x0000005ff4200000,0x0000005ff4300000)]
  0x0000019071b6f800 JavaThread "Handler for socket connection from /127.0.0.1:58126 to /127.0.0.1:58127" [_thread_in_native, id=16392, stack(0x0000005ff4300000,0x0000005ff4400000)]
  0x0000019070a8b800 JavaThread "Cancel handler" [_thread_blocked, id=11988, stack(0x0000005ff4400000,0x0000005ff4500000)]
  0x0000019071434800 JavaThread "Daemon worker" [_thread_in_vm, id=6692, stack(0x0000005ff4500000,0x0000005ff4600000)]
  0x0000019071b7f000 JavaThread "Asynchronous log dispatcher for DefaultDaemonConnection: socket connection from /127.0.0.1:58126 to /127.0.0.1:58127" [_thread_blocked, id=1800, stack(0x0000005ff4600000,0x0000005ff4700000)]
  0x000001906fcfc800 JavaThread "Stdin handler" [_thread_blocked, id=19068, stack(0x0000005ff4700000,0x0000005ff4800000)]
  0x000001906fcfd800 JavaThread "Daemon client event forwarder" [_thread_blocked, id=9644, stack(0x0000005ff4800000,0x0000005ff4900000)]
  0x0000019071576000 JavaThread "Cache worker for journal cache (C:\Users\Acer\.gradle\caches\journal-1)" [_thread_blocked, id=7820, stack(0x0000005ff4900000,0x0000005ff4a00000)]
  0x0000019071576800 JavaThread "File lock request listener" [_thread_in_native, id=13124, stack(0x0000005ff4a00000,0x0000005ff4b00000)]
  0x0000019071577800 JavaThread "Cache worker for file hash cache (C:\Users\Acer\.gradle\caches\7.5\fileHashes)" [_thread_blocked, id=9000, stack(0x0000005ff4b00000,0x0000005ff4c00000)]
  0x0000019071578800 JavaThread "File watcher server" daemon [_thread_in_native, id=17268, stack(0x0000005ff4c00000,0x0000005ff4d00000)]
  0x0000019071579000 JavaThread "File watcher consumer" daemon [_thread_blocked, id=7960, stack(0x0000005ff4d00000,0x0000005ff4e00000)]
  0x0000019071573800 JavaThread "Cache worker for checksums cache (D:\PILLDISPENSER_WIP\BottomNavigation\.gradle\7.5\checksums)" [_thread_blocked, id=5180, stack(0x0000005ff4e00000,0x0000005ff4f00000)]
  0x0000019071574000 JavaThread "Cache worker for cache directory md-rule (C:\Users\Acer\.gradle\caches\7.5\md-rule)" [_thread_blocked, id=15668, stack(0x0000005ff4f00000,0x0000005ff5000000)]
  0x000001907157a000 JavaThread "Cache worker for file content cache (C:\Users\Acer\.gradle\caches\7.5\fileContent)" [_thread_blocked, id=16992, stack(0x0000005ff5000000,0x0000005ff5100000)]
  0x0000019071575000 JavaThread "Cache worker for file hash cache (D:\PILLDISPENSER_WIP\BottomNavigation\.gradle\7.5\fileHashes)" [_thread_blocked, id=2908, stack(0x0000005ff5100000,0x0000005ff5200000)]
  0x0000019072848000 JavaThread "Cache worker for cache directory md-supplier (C:\Users\Acer\.gradle\caches\7.5\md-supplier)" [_thread_blocked, id=12188, stack(0x0000005ff5200000,0x0000005ff5300000)]
  0x0000019072849800 JavaThread "Cache worker for execution history cache (C:\Users\Acer\.gradle\caches\7.5\executionHistory)" [_thread_blocked, id=7004, stack(0x0000005ff5300000,0x0000005ff5400000)]
  0x0000019072848800 JavaThread "jar transforms" [_thread_blocked, id=9112, stack(0x0000005ff5400000,0x0000005ff5500000)]
  0x000001907284c000 JavaThread "jar transforms Thread 2" [_thread_blocked, id=17612, stack(0x0000005ff5500000,0x0000005ff5600000)]
  0x0000019072846800 JavaThread "jar transforms Thread 3" [_thread_blocked, id=12784, stack(0x0000005ff5600000,0x0000005ff5700000)]
  0x0000019072847000 JavaThread "jar transforms Thread 4" [_thread_blocked, id=13268, stack(0x0000005ff5700000,0x0000005ff5800000)]
  0x000001907284f000 JavaThread "Cache worker for dependencies-accessors (D:\PILLDISPENSER_WIP\BottomNavigation\.gradle\7.5\dependencies-accessors)" [_thread_blocked, id=18576, stack(0x0000005ff5800000,0x0000005ff5900000)]
  0x0000019072850000 JavaThread "Cache worker for Build Output Cleanup Cache (D:\PILLDISPENSER_WIP\BottomNavigation\.gradle\buildOutputCleanup)" [_thread_blocked, id=7240, stack(0x0000005ff5900000,0x0000005ff5a00000)]
  0x0000019072851000 JavaThread "Unconstrained build operations" [_thread_blocked, id=13356, stack(0x0000005ff5a00000,0x0000005ff5b00000)]
  0x0000019072851800 JavaThread "Unconstrained build operations Thread 2" [_thread_blocked, id=7812, stack(0x0000005ff5b00000,0x0000005ff5c00000)]
  0x0000019072852800 JavaThread "Unconstrained build operations Thread 3" [_thread_blocked, id=17484, stack(0x0000005ff5c00000,0x0000005ff5d00000)]
  0x000001907284d000 JavaThread "Unconstrained build operations Thread 4" [_thread_blocked, id=264, stack(0x0000005ff5d00000,0x0000005ff5e00000)]
  0x000001907284e800 JavaThread "Unconstrained build operations Thread 5" [_thread_blocked, id=14056, stack(0x0000005ff5e00000,0x0000005ff5f00000)]
  0x0000019072853800 JavaThread "Unconstrained build operations Thread 6" [_thread_blocked, id=18172, stack(0x0000005ff5f00000,0x0000005ff6000000)]
  0x000001907284d800 JavaThread "Unconstrained build operations Thread 7" [_thread_blocked, id=4832, stack(0x0000005ff6000000,0x0000005ff6100000)]
  0x0000019072854000 JavaThread "Unconstrained build operations Thread 8" [_thread_blocked, id=17988, stack(0x0000005ff6100000,0x0000005ff6200000)]
  0x0000019072855000 JavaThread "Unconstrained build operations Thread 9" [_thread_blocked, id=12340, stack(0x0000005ff6200000,0x0000005ff6300000)]
  0x0000019075d42000 JavaThread "Unconstrained build operations Thread 10" [_thread_blocked, id=15292, stack(0x0000005ff6300000,0x0000005ff6400000)]
  0x0000019075d3e000 JavaThread "Unconstrained build operations Thread 11" [_thread_blocked, id=13548, stack(0x0000005ff6400000,0x0000005ff6500000)]
  0x0000019075d3e800 JavaThread "Unconstrained build operations Thread 12" [_thread_blocked, id=3520, stack(0x0000005ff6500000,0x0000005ff6600000)]
  0x0000019075d3c800 JavaThread "Unconstrained build operations Thread 13" [_thread_blocked, id=10412, stack(0x0000005ff6600000,0x0000005ff6700000)]
  0x0000019075d3f800 JavaThread "Unconstrained build operations Thread 14" [_thread_blocked, id=17420, stack(0x0000005ff6700000,0x0000005ff6800000)]
  0x0000019075d40800 JavaThread "Unconstrained build operations Thread 15" [_thread_blocked, id=9040, stack(0x0000005ff6800000,0x0000005ff6900000)]
  0x0000019075d41000 JavaThread "Unconstrained build operations Thread 16" [_thread_blocked, id=12156, stack(0x0000005ff6900000,0x0000005ff6a00000)]
  0x0000019075d43000 JavaThread "Unconstrained build operations Thread 17" [_thread_blocked, id=14068, stack(0x0000005ff6a00000,0x0000005ff6b00000)]
  0x0000019075d3d000 JavaThread "Unconstrained build operations Thread 18" [_thread_blocked, id=7476, stack(0x0000005ff6b00000,0x0000005ff6c00000)]
  0x0000019075d47800 JavaThread "Unconstrained build operations Thread 19" [_thread_blocked, id=7796, stack(0x0000005ff6c00000,0x0000005ff6d00000)]
  0x0000019075d46000 JavaThread "Unconstrained build operations Thread 20" [_thread_blocked, id=4012, stack(0x0000005ff6d00000,0x0000005ff6e00000)]
  0x0000019075d47000 JavaThread "Unconstrained build operations Thread 21" [_thread_blocked, id=7904, stack(0x0000005ff6e00000,0x0000005ff6f00000)]
  0x0000019075d43800 JavaThread "Unconstrained build operations Thread 22" [_thread_blocked, id=5420, stack(0x0000005ff6f00000,0x0000005ff7000000)]
  0x0000019075d4a000 JavaThread "Unconstrained build operations Thread 23" [_thread_blocked, id=15432, stack(0x0000005ff7000000,0x0000005ff7100000)]
  0x0000019075d48800 JavaThread "Unconstrained build operations Thread 24" [_thread_blocked, id=728, stack(0x0000005ff7100000,0x0000005ff7200000)]
  0x0000019075d49800 JavaThread "Unconstrained build operations Thread 25" [_thread_blocked, id=19380, stack(0x0000005ff7200000,0x0000005ff7300000)]
  0x0000019075d44800 JavaThread "Unconstrained build operations Thread 26" [_thread_blocked, id=9204, stack(0x0000005ff7300000,0x0000005ff7400000)]
  0x0000019075d4b000 JavaThread "Unconstrained build operations Thread 27" [_thread_blocked, id=13016, stack(0x0000005ff7400000,0x0000005ff7500000)]
  0x0000019075d45800 JavaThread "Unconstrained build operations Thread 28" [_thread_blocked, id=8184, stack(0x0000005ff7500000,0x0000005ff7600000)]
  0x0000019070aa8800 JavaThread "Unconstrained build operations Thread 29" [_thread_blocked, id=608, stack(0x0000005ff7600000,0x0000005ff7700000)]
  0x0000019070aa9000 JavaThread "Unconstrained build operations Thread 30" [_thread_blocked, id=19452, stack(0x0000005ff7700000,0x0000005ff7800000)]
  0x0000019070aa6000 JavaThread "Unconstrained build operations Thread 31" [_thread_blocked, id=11692, stack(0x0000005ff7800000,0x0000005ff7900000)]
  0x0000019070aa7000 JavaThread "Unconstrained build operations Thread 32" [_thread_blocked, id=19340, stack(0x0000005ff7900000,0x0000005ff7a00000)]
  0x0000019070aa7800 JavaThread "Unconstrained build operations Thread 33" [_thread_blocked, id=7584, stack(0x0000005ff7a00000,0x0000005ff7b00000)]
  0x0000019070aaa000 JavaThread "Unconstrained build operations Thread 34" [_thread_blocked, id=3100, stack(0x0000005ff7b00000,0x0000005ff7c00000)]
  0x0000019070aa4800 JavaThread "Unconstrained build operations Thread 35" [_thread_blocked, id=17596, stack(0x0000005ff7c00000,0x0000005ff7d00000)]
  0x0000019070aab000 JavaThread "Unconstrained build operations Thread 36" [_thread_blocked, id=16864, stack(0x0000005ff7d00000,0x0000005ff7e00000)]
  0x0000019070aa5000 JavaThread "Unconstrained build operations Thread 37" [_thread_blocked, id=15652, stack(0x0000005ff7e00000,0x0000005ff7f00000)]
  0x0000019070aaf000 JavaThread "Unconstrained build operations Thread 38" [_thread_blocked, id=16764, stack(0x0000005ff7f00000,0x0000005ff8000000)]
  0x0000019070aac800 JavaThread "Unconstrained build operations Thread 39" [_thread_blocked, id=9648, stack(0x0000005ff8000000,0x0000005ff8100000)]
  0x0000019070aaf800 JavaThread "Unconstrained build operations Thread 40" [_thread_blocked, id=16808, stack(0x0000005ff8100000,0x0000005ff8200000)]
  0x0000019070ab1800 JavaThread "build event listener" [_thread_blocked, id=13884, stack(0x0000005ff8200000,0x0000005ff8300000)]
  0x0000019070ab0800 JavaThread "Memory manager" [_thread_blocked, id=18620, stack(0x0000005ff8300000,0x0000005ff8400000)]

Other Threads:
  0x000001906fb9c800 VMThread "VM Thread" [stack: 0x0000005ff3100000,0x0000005ff3200000] [id=7144]
  0x000001906fd88800 WatcherThread [stack: 0x0000005ff3b00000,0x0000005ff3c00000] [id=17232]
  0x0000019055736000 GCTaskThread "GC Thread#0" [stack: 0x0000005ff2c00000,0x0000005ff2d00000] [id=8384]
  0x000001907018c000 GCTaskThread "GC Thread#1" [stack: 0x0000005ff3c00000,0x0000005ff3d00000] [id=14932]
  0x0000019070413800 GCTaskThread "GC Thread#2" [stack: 0x0000005ff3d00000,0x0000005ff3e00000] [id=11824]
  0x0000019070136800 GCTaskThread "GC Thread#3" [stack: 0x0000005ff3e00000,0x0000005ff3f00000] [id=4436]
  0x0000019055769800 ConcurrentGCThread "G1 Main Marker" [stack: 0x0000005ff2d00000,0x0000005ff2e00000] [id=3380]
  0x000001905576a800 ConcurrentGCThread "G1 Conc#0" [stack: 0x0000005ff2e00000,0x0000005ff2f00000] [id=9732]
  0x000001906f1e6800 ConcurrentGCThread "G1 Refine#0" [stack: 0x0000005ff2f00000,0x0000005ff3000000] [id=10828]
  0x000001906f1e8800 ConcurrentGCThread "G1 Young RemSet Sampling" [stack: 0x0000005ff3000000,0x0000005ff3100000] [id=17204]

Threads with active compile tasks:
C2 CompilerThread0    37752 8019       4       org.gradle.internal.instantiation.generator.AbstractClassGenerator::inspectType (560 bytes)

VM state:not at safepoint (normal execution)

VM Mutex/Monitor currently owned by a thread: None

Heap address: 0x0000000080000000, size: 2048 MB, Compressed Oops mode: 32-bit
Narrow klass base: 0x0000000000000000, Narrow klass shift: 3
Compressed class space size: 1073741824 Address: 0x0000000100000000

Heap:
 garbage-first heap   total 194560K, used 92860K [0x0000000080000000, 0x0000000100000000)
  region size 1024K, 40 young (40960K), 11 survivors (11264K)
 Metaspace       used 79256K, capacity 81268K, committed 81564K, reserved 1120256K
  class space    used 10399K, capacity 11183K, committed 11244K, reserved 1048576K
Heap Regions: E=young(eden), S=young(survivor), O=old, HS=humongous(starts), HC=humongous(continues), CS=collection set, F=free, A=archive, TAMS=top-at-mark-start (previous, next)
|   0|0x0000000080000000, 0x0000000080100000, 0x0000000080100000|100%|HS|  |TAMS 0x0000000080100000, 0x0000000080000000| Complete 
|   1|0x0000000080100000, 0x0000000080200000, 0x0000000080200000|100%|HC|  |TAMS 0x0000000080200000, 0x0000000080100000| Complete 
|   2|0x0000000080200000, 0x0000000080300000, 0x0000000080300000|100%|HC|  |TAMS 0x0000000080300000, 0x0000000080200000| Complete 
|   3|0x0000000080300000, 0x0000000080400000, 0x0000000080400000|100%| O|  |TAMS 0x0000000080400000, 0x0000000080300000| Untracked 
|   4|0x0000000080400000, 0x0000000080500000, 0x0000000080500000|100%| O|  |TAMS 0x0000000080500000, 0x0000000080400000| Untracked 
|   5|0x0000000080500000, 0x0000000080600000, 0x0000000080600000|100%| O|  |TAMS 0x0000000080600000, 0x0000000080500000| Untracked 
|   6|0x0000000080600000, 0x0000000080700000, 0x0000000080700000|100%| O|  |TAMS 0x0000000080700000, 0x0000000080600000| Untracked 
|   7|0x0000000080700000, 0x0000000080800000, 0x0000000080800000|100%| O|  |TAMS 0x0000000080800000, 0x0000000080700000| Untracked 
|   8|0x0000000080800000, 0x0000000080900000, 0x0000000080900000|100%| O|  |TAMS 0x0000000080900000, 0x0000000080800000| Untracked 
|   9|0x0000000080900000, 0x0000000080a00000, 0x0000000080a00000|100%| O|  |TAMS 0x0000000080a00000, 0x0000000080900000| Untracked 
|  10|0x0000000080a00000, 0x0000000080b00000, 0x0000000080b00000|100%| O|  |TAMS 0x0000000080b00000, 0x0000000080a00000| Untracked 
|  11|0x0000000080b00000, 0x0000000080c00000, 0x0000000080c00000|100%| O|  |TAMS 0x0000000080c00000, 0x0000000080b00000| Untracked 
|  12|0x0000000080c00000, 0x0000000080d00000, 0x0000000080d00000|100%| O|  |TAMS 0x0000000080d00000, 0x0000000080c00000| Untracked 
|  13|0x0000000080d00000, 0x0000000080e00000, 0x0000000080e00000|100%| O|  |TAMS 0x0000000080e00000, 0x0000000080d00000| Untracked 
|  14|0x0000000080e00000, 0x0000000080f00000, 0x0000000080f00000|100%| O|  |TAMS 0x0000000080f00000, 0x0000000080e00000| Untracked 
|  15|0x0000000080f00000, 0x0000000081000000, 0x0000000081000000|100%| O|  |TAMS 0x0000000081000000, 0x0000000080f00000| Untracked 
|  16|0x0000000081000000, 0x0000000081100000, 0x0000000081100000|100%| O|  |TAMS 0x0000000081100000, 0x0000000081000000| Untracked 
|  17|0x0000000081100000, 0x0000000081200000, 0x0000000081200000|100%| O|  |TAMS 0x0000000081200000, 0x0000000081100000| Untracked 
|  18|0x0000000081200000, 0x0000000081300000, 0x0000000081300000|100%|HS|  |TAMS 0x0000000081300000, 0x0000000081200000| Complete 
|  19|0x0000000081300000, 0x0000000081400000, 0x0000000081400000|100%|HS|  |TAMS 0x0000000081400000, 0x0000000081300000| Complete 
|  20|0x0000000081400000, 0x0000000081500000, 0x0000000081500000|100%| O|  |TAMS 0x0000000081500000, 0x0000000081400000| Untracked 
|  21|0x0000000081500000, 0x0000000081600000, 0x0000000081600000|100%| O|  |TAMS 0x0000000081600000, 0x0000000081500000| Untracked 
|  22|0x0000000081600000, 0x0000000081700000, 0x0000000081700000|100%| O|  |TAMS 0x0000000081700000, 0x0000000081600000| Untracked 
|  23|0x0000000081700000, 0x0000000081800000, 0x0000000081800000|100%| O|  |TAMS 0x0000000081800000, 0x0000000081700000| Untracked 
|  24|0x0000000081800000, 0x0000000081900000, 0x0000000081900000|100%| O|  |TAMS 0x0000000081900000, 0x0000000081800000| Untracked 
|  25|0x0000000081900000, 0x0000000081a00000, 0x0000000081a00000|100%| O|  |TAMS 0x0000000081a00000, 0x0000000081900000| Untracked 
|  26|0x0000000081a00000, 0x0000000081b00000, 0x0000000081b00000|100%| O|  |TAMS 0x0000000081b00000, 0x0000000081a00000| Untracked 
|  27|0x0000000081b00000, 0x0000000081c00000, 0x0000000081c00000|100%| O|  |TAMS 0x0000000081c00000, 0x0000000081b00000| Untracked 
|  28|0x0000000081c00000, 0x0000000081d00000, 0x0000000081d00000|100%| O|  |TAMS 0x0000000081d00000, 0x0000000081c00000| Untracked 
|  29|0x0000000081d00000, 0x0000000081e00000, 0x0000000081e00000|100%| O|  |TAMS 0x0000000081e00000, 0x0000000081d00000| Untracked 
|  30|0x0000000081e00000, 0x0000000081f00000, 0x0000000081f00000|100%| O|  |TAMS 0x0000000081f00000, 0x0000000081e00000| Untracked 
|  31|0x0000000081f00000, 0x0000000082000000, 0x0000000082000000|100%| O|  |TAMS 0x0000000082000000, 0x0000000081f00000| Untracked 
|  32|0x0000000082000000, 0x0000000082100000, 0x0000000082100000|100%| O|  |TAMS 0x0000000082100000, 0x0000000082000000| Untracked 
|  33|0x0000000082100000, 0x0000000082200000, 0x0000000082200000|100%| O|  |TAMS 0x0000000082200000, 0x0000000082100000| Untracked 
|  34|0x0000000082200000, 0x0000000082300000, 0x0000000082300000|100%| O|  |TAMS 0x0000000082300000, 0x0000000082200000| Untracked 
|  35|0x0000000082300000, 0x0000000082400000, 0x0000000082400000|100%| O|  |TAMS 0x0000000082400000, 0x0000000082300000| Untracked 
|  36|0x0000000082400000, 0x0000000082500000, 0x0000000082500000|100%| O|  |TAMS 0x0000000082500000, 0x0000000082400000| Untracked 
|  37|0x0000000082500000, 0x0000000082600000, 0x0000000082600000|100%| O|  |TAMS 0x0000000082600000, 0x0000000082500000| Untracked 
|  38|0x0000000082600000, 0x0000000082700000, 0x0000000082700000|100%| O|  |TAMS 0x0000000082700000, 0x0000000082600000| Untracked 
|  39|0x0000000082700000, 0x0000000082800000, 0x0000000082800000|100%| O|  |TAMS 0x0000000082800000, 0x0000000082700000| Untracked 
|  40|0x0000000082800000, 0x0000000082900000, 0x0000000082900000|100%| O|  |TAMS 0x0000000082900000, 0x0000000082800000| Untracked 
|  41|0x0000000082900000, 0x0000000082a00000, 0x0000000082a00000|100%| O|  |TAMS 0x0000000082969000, 0x0000000082900000| Untracked 
|  42|0x0000000082a00000, 0x0000000082b00000, 0x0000000082b00000|100%| O|  |TAMS 0x0000000082a00000, 0x0000000082a00000| Untracked 
|  43|0x0000000082b00000, 0x0000000082c00000, 0x0000000082c00000|100%| O|  |TAMS 0x0000000082b00000, 0x0000000082b00000| Untracked 
|  44|0x0000000082c00000, 0x0000000082d00000, 0x0000000082d00000|100%| O|  |TAMS 0x0000000082c00000, 0x0000000082c00000| Untracked 
|  45|0x0000000082d00000, 0x0000000082e00000, 0x0000000082e00000|100%| O|  |TAMS 0x0000000082d00000, 0x0000000082d00000| Untracked 
|  46|0x0000000082e00000, 0x0000000082f00000, 0x0000000082f00000|100%| O|  |TAMS 0x0000000082e00000, 0x0000000082e00000| Untracked 
|  47|0x0000000082f00000, 0x0000000083000000, 0x0000000083000000|100%| O|  |TAMS 0x0000000082f00000, 0x0000000082f00000| Untracked 
|  48|0x0000000083000000, 0x0000000083100000, 0x0000000083100000|100%| O|  |TAMS 0x0000000083000000, 0x0000000083000000| Untracked 
|  49|0x0000000083100000, 0x0000000083200000, 0x0000000083200000|100%| O|  |TAMS 0x0000000083100000, 0x0000000083100000| Untracked 
|  50|0x0000000083200000, 0x0000000083300000, 0x0000000083300000|100%| O|  |TAMS 0x0000000083200000, 0x0000000083200000| Untracked 
|  51|0x0000000083300000, 0x00000000833af200, 0x0000000083400000| 68%| O|  |TAMS 0x0000000083300000, 0x0000000083300000| Untracked 
|  52|0x0000000083400000, 0x0000000083400000, 0x0000000083500000|  0%| F|  |TAMS 0x0000000083400000, 0x0000000083400000| Untracked 
|  53|0x0000000083500000, 0x0000000083500000, 0x0000000083600000|  0%| F|  |TAMS 0x0000000083500000, 0x0000000083500000| Untracked 
|  54|0x0000000083600000, 0x0000000083600000, 0x0000000083700000|  0%| F|  |TAMS 0x0000000083600000, 0x0000000083600000| Untracked 
|  55|0x0000000083700000, 0x0000000083700000, 0x0000000083800000|  0%| F|  |TAMS 0x0000000083700000, 0x0000000083700000| Untracked 
|  56|0x0000000083800000, 0x0000000083800000, 0x0000000083900000|  0%| F|  |TAMS 0x0000000083800000, 0x0000000083800000| Untracked 
|  57|0x0000000083900000, 0x0000000083900000, 0x0000000083a00000|  0%| F|  |TAMS 0x0000000083900000, 0x0000000083900000| Untracked 
|  58|0x0000000083a00000, 0x0000000083a00000, 0x0000000083b00000|  0%| F|  |TAMS 0x0000000083a00000, 0x0000000083a00000| Untracked 
|  59|0x0000000083b00000, 0x0000000083b00000, 0x0000000083c00000|  0%| F|  |TAMS 0x0000000083b00000, 0x0000000083b00000| Untracked 
|  60|0x0000000083c00000, 0x0000000083c00000, 0x0000000083d00000|  0%| F|  |TAMS 0x0000000083c00000, 0x0000000083c00000| Untracked 
|  61|0x0000000083d00000, 0x0000000083d00000, 0x0000000083e00000|  0%| F|  |TAMS 0x0000000083d00000, 0x0000000083d00000| Untracked 
|  62|0x0000000083e00000, 0x0000000083e00000, 0x0000000083f00000|  0%| F|  |TAMS 0x0000000083e00000, 0x0000000083e00000| Untracked 
|  63|0x0000000083f00000, 0x0000000083f00000, 0x0000000084000000|  0%| F|  |TAMS 0x0000000083f00000, 0x0000000083f00000| Untracked 
|  64|0x0000000084000000, 0x0000000084000000, 0x0000000084100000|  0%| F|  |TAMS 0x0000000084000000, 0x0000000084000000| Untracked 
|  65|0x0000000084100000, 0x0000000084100000, 0x0000000084200000|  0%| F|  |TAMS 0x0000000084100000, 0x0000000084100000| Untracked 
|  66|0x0000000084200000, 0x0000000084200000, 0x0000000084300000|  0%| F|  |TAMS 0x0000000084200000, 0x0000000084200000| Untracked 
|  67|0x0000000084300000, 0x0000000084300000, 0x0000000084400000|  0%| F|  |TAMS 0x0000000084300000, 0x0000000084300000| Untracked 
|  68|0x0000000084400000, 0x0000000084400000, 0x0000000084500000|  0%| F|  |TAMS 0x0000000084400000, 0x0000000084400000| Untracked 
|  69|0x0000000084500000, 0x0000000084500000, 0x0000000084600000|  0%| F|  |TAMS 0x0000000084500000, 0x0000000084500000| Untracked 
|  70|0x0000000084600000, 0x0000000084600000, 0x0000000084700000|  0%| F|  |TAMS 0x0000000084600000, 0x0000000084600000| Untracked 
|  71|0x0000000084700000, 0x0000000084700000, 0x0000000084800000|  0%| F|  |TAMS 0x0000000084700000, 0x0000000084700000| Untracked 
|  72|0x0000000084800000, 0x0000000084800000, 0x0000000084900000|  0%| F|  |TAMS 0x0000000084800000, 0x0000000084800000| Untracked 
|  73|0x0000000084900000, 0x0000000084900000, 0x0000000084a00000|  0%| F|  |TAMS 0x0000000084900000, 0x0000000084900000| Untracked 
|  74|0x0000000084a00000, 0x0000000084a00000, 0x0000000084b00000|  0%| F|  |TAMS 0x0000000084a00000, 0x0000000084a00000| Untracked 
|  75|0x0000000084b00000, 0x0000000084b00000, 0x0000000084c00000|  0%| F|  |TAMS 0x0000000084b00000, 0x0000000084b00000| Untracked 
|  76|0x0000000084c00000, 0x0000000084c00000, 0x0000000084d00000|  0%| F|  |TAMS 0x0000000084c00000, 0x0000000084c00000| Untracked 
|  77|0x0000000084d00000, 0x0000000084d00000, 0x0000000084e00000|  0%| F|  |TAMS 0x0000000084d00000, 0x0000000084d00000| Untracked 
|  78|0x0000000084e00000, 0x0000000084e00000, 0x0000000084f00000|  0%| F|  |TAMS 0x0000000084e00000, 0x0000000084e00000| Untracked 
|  79|0x0000000084f00000, 0x0000000084f00000, 0x0000000085000000|  0%| F|  |TAMS 0x0000000084f00000, 0x0000000084f00000| Untracked 
|  80|0x0000000085000000, 0x0000000085000000, 0x0000000085100000|  0%| F|  |TAMS 0x0000000085000000, 0x0000000085000000| Untracked 
|  81|0x0000000085100000, 0x0000000085100000, 0x0000000085200000|  0%| F|  |TAMS 0x0000000085100000, 0x0000000085100000| Untracked 
|  82|0x0000000085200000, 0x0000000085200000, 0x0000000085300000|  0%| F|  |TAMS 0x0000000085200000, 0x0000000085200000| Untracked 
|  83|0x0000000085300000, 0x0000000085300000, 0x0000000085400000|  0%| F|  |TAMS 0x0000000085300000, 0x0000000085300000| Untracked 
|  84|0x0000000085400000, 0x0000000085400000, 0x0000000085500000|  0%| F|  |TAMS 0x0000000085400000, 0x0000000085400000| Untracked 
|  85|0x0000000085500000, 0x0000000085500000, 0x0000000085600000|  0%| F|  |TAMS 0x0000000085500000, 0x0000000085500000| Untracked 
|  86|0x0000000085600000, 0x0000000085600000, 0x0000000085700000|  0%| F|  |TAMS 0x0000000085600000, 0x0000000085600000| Untracked 
|  87|0x0000000085700000, 0x0000000085800000, 0x0000000085800000|100%| S|CS|TAMS 0x0000000085700000, 0x0000000085700000| Complete 
|  88|0x0000000085800000, 0x0000000085900000, 0x0000000085900000|100%| S|CS|TAMS 0x0000000085800000, 0x0000000085800000| Complete 
|  89|0x0000000085900000, 0x0000000085a00000, 0x0000000085a00000|100%| S|CS|TAMS 0x0000000085900000, 0x0000000085900000| Complete 
|  90|0x0000000085a00000, 0x0000000085b00000, 0x0000000085b00000|100%| S|CS|TAMS 0x0000000085a00000, 0x0000000085a00000| Complete 
|  91|0x0000000085b00000, 0x0000000085c00000, 0x0000000085c00000|100%| S|CS|TAMS 0x0000000085b00000, 0x0000000085b00000| Complete 
|  92|0x0000000085c00000, 0x0000000085d00000, 0x0000000085d00000|100%| S|CS|TAMS 0x0000000085c00000, 0x0000000085c00000| Complete 
|  93|0x0000000085d00000, 0x0000000085e00000, 0x0000000085e00000|100%| S|CS|TAMS 0x0000000085d00000, 0x0000000085d00000| Complete 
|  94|0x0000000085e00000, 0x0000000085f00000, 0x0000000085f00000|100%| S|CS|TAMS 0x0000000085e00000, 0x0000000085e00000| Complete 
|  95|0x0000000085f00000, 0x0000000086000000, 0x0000000086000000|100%| S|CS|TAMS 0x0000000085f00000, 0x0000000085f00000| Complete 
|  96|0x0000000086000000, 0x0000000086100000, 0x0000000086100000|100%| S|CS|TAMS 0x0000000086000000, 0x0000000086000000| Complete 
|  97|0x0000000086100000, 0x0000000086100000, 0x0000000086200000|  0%| F|  |TAMS 0x0000000086100000, 0x0000000086100000| Untracked 
|  98|0x0000000086200000, 0x0000000086200000, 0x0000000086300000|  0%| F|  |TAMS 0x0000000086200000, 0x0000000086200000| Untracked 
|  99|0x0000000086300000, 0x0000000086300000, 0x0000000086400000|  0%| F|  |TAMS 0x0000000086300000, 0x0000000086300000| Untracked 
| 100|0x0000000086400000, 0x0000000086400000, 0x0000000086500000|  0%| F|  |TAMS 0x0000000086400000, 0x0000000086400000| Untracked 
| 101|0x0000000086500000, 0x0000000086500000, 0x0000000086600000|  0%| F|  |TAMS 0x0000000086500000, 0x0000000086500000| Untracked 
| 102|0x0000000086600000, 0x0000000086600000, 0x0000000086700000|  0%| F|  |TAMS 0x0000000086600000, 0x0000000086600000| Untracked 
| 103|0x0000000086700000, 0x0000000086800000, 0x0000000086800000|100%| S|CS|TAMS 0x0000000086700000, 0x0000000086700000| Complete 
| 104|0x0000000086800000, 0x0000000086800000, 0x0000000086900000|  0%| F|  |TAMS 0x0000000086800000, 0x0000000086800000| Untracked 
| 105|0x0000000086900000, 0x0000000086900000, 0x0000000086a00000|  0%| F|  |TAMS 0x0000000086900000, 0x0000000086900000| Untracked 
| 106|0x0000000086a00000, 0x0000000086a00000, 0x0000000086b00000|  0%| F|  |TAMS 0x0000000086a00000, 0x0000000086a00000| Untracked 
| 107|0x0000000086b00000, 0x0000000086b00000, 0x0000000086c00000|  0%| F|  |TAMS 0x0000000086b00000, 0x0000000086b00000| Untracked 
| 108|0x0000000086c00000, 0x0000000086c00000, 0x0000000086d00000|  0%| F|  |TAMS 0x0000000086c00000, 0x0000000086c00000| Untracked 
| 109|0x0000000086d00000, 0x0000000086d00000, 0x0000000086e00000|  0%| F|  |TAMS 0x0000000086d00000, 0x0000000086d00000| Untracked 
| 110|0x0000000086e00000, 0x0000000086e00000, 0x0000000086f00000|  0%| F|  |TAMS 0x0000000086e00000, 0x0000000086e00000| Untracked 
| 111|0x0000000086f00000, 0x0000000086f00000, 0x0000000087000000|  0%| F|  |TAMS 0x0000000086f00000, 0x0000000086f00000| Untracked 
| 112|0x0000000087000000, 0x0000000087000000, 0x0000000087100000|  0%| F|  |TAMS 0x0000000087000000, 0x0000000087000000| Untracked 
| 113|0x0000000087100000, 0x0000000087100000, 0x0000000087200000|  0%| F|  |TAMS 0x0000000087100000, 0x0000000087100000| Untracked 
| 114|0x0000000087200000, 0x0000000087200000, 0x0000000087300000|  0%| F|  |TAMS 0x0000000087200000, 0x0000000087200000| Untracked 
| 115|0x0000000087300000, 0x0000000087300000, 0x0000000087400000|  0%| F|  |TAMS 0x0000000087300000, 0x0000000087300000| Untracked 
| 116|0x0000000087400000, 0x0000000087400000, 0x0000000087500000|  0%| F|  |TAMS 0x0000000087400000, 0x0000000087400000| Untracked 
| 117|0x0000000087500000, 0x0000000087500000, 0x0000000087600000|  0%| F|  |TAMS 0x0000000087500000, 0x0000000087500000| Untracked 
| 118|0x0000000087600000, 0x0000000087600000, 0x0000000087700000|  0%| F|  |TAMS 0x0000000087600000, 0x0000000087600000| Untracked 
| 119|0x0000000087700000, 0x0000000087700000, 0x0000000087800000|  0%| F|  |TAMS 0x0000000087700000, 0x0000000087700000| Untracked 
| 120|0x0000000087800000, 0x0000000087800000, 0x0000000087900000|  0%| F|  |TAMS 0x0000000087800000, 0x0000000087800000| Untracked 
| 121|0x0000000087900000, 0x0000000087900000, 0x0000000087a00000|  0%| F|  |TAMS 0x0000000087900000, 0x0000000087900000| Untracked 
| 122|0x0000000087a00000, 0x0000000087a00000, 0x0000000087b00000|  0%| F|  |TAMS 0x0000000087a00000, 0x0000000087a00000| Untracked 
| 123|0x0000000087b00000, 0x0000000087b00000, 0x0000000087c00000|  0%| F|  |TAMS 0x0000000087b00000, 0x0000000087b00000| Untracked 
| 124|0x0000000087c00000, 0x0000000087c00000, 0x0000000087d00000|  0%| F|  |TAMS 0x0000000087c00000, 0x0000000087c00000| Untracked 
| 125|0x0000000087d00000, 0x0000000087d00000, 0x0000000087e00000|  0%| F|  |TAMS 0x0000000087d00000, 0x0000000087d00000| Untracked 
| 126|0x0000000087e00000, 0x0000000087e00000, 0x0000000087f00000|  0%| F|  |TAMS 0x0000000087e00000, 0x0000000087e00000| Untracked 
| 127|0x0000000087f00000, 0x0000000087f00000, 0x0000000088000000|  0%| F|  |TAMS 0x0000000087f00000, 0x0000000087f00000| Untracked 
| 128|0x0000000088000000, 0x0000000088000000, 0x0000000088100000|  0%| F|  |TAMS 0x0000000088000000, 0x0000000088000000| Untracked 
| 129|0x0000000088100000, 0x0000000088100000, 0x0000000088200000|  0%| F|  |TAMS 0x0000000088100000, 0x0000000088100000| Untracked 
| 130|0x0000000088200000, 0x0000000088200000, 0x0000000088300000|  0%| F|  |TAMS 0x0000000088200000, 0x0000000088200000| Untracked 
| 131|0x0000000088300000, 0x0000000088300000, 0x0000000088400000|  0%| F|  |TAMS 0x0000000088300000, 0x0000000088300000| Untracked 
| 132|0x0000000088400000, 0x0000000088400000, 0x0000000088500000|  0%| F|  |TAMS 0x0000000088400000, 0x0000000088400000| Untracked 
| 133|0x0000000088500000, 0x0000000088500000, 0x0000000088600000|  0%| F|  |TAMS 0x0000000088500000, 0x0000000088500000| Untracked 
| 134|0x0000000088600000, 0x0000000088600000, 0x0000000088700000|  0%| F|  |TAMS 0x0000000088600000, 0x0000000088600000| Untracked 
| 135|0x0000000088700000, 0x0000000088700000, 0x0000000088800000|  0%| F|  |TAMS 0x0000000088700000, 0x0000000088700000| Untracked 
| 136|0x0000000088800000, 0x0000000088800000, 0x0000000088900000|  0%| F|  |TAMS 0x0000000088800000, 0x0000000088800000| Untracked 
| 137|0x0000000088900000, 0x0000000088900000, 0x0000000088a00000|  0%| F|  |TAMS 0x0000000088900000, 0x0000000088900000| Untracked 
| 138|0x0000000088a00000, 0x0000000088a00000, 0x0000000088b00000|  0%| F|  |TAMS 0x0000000088a00000, 0x0000000088a00000| Untracked 
| 139|0x0000000088b00000, 0x0000000088b00000, 0x0000000088c00000|  0%| F|  |TAMS 0x0000000088b00000, 0x0000000088b00000| Untracked 
| 140|0x0000000088c00000, 0x0000000088c00000, 0x0000000088d00000|  0%| F|  |TAMS 0x0000000088c00000, 0x0000000088c00000| Untracked 
| 141|0x0000000088d00000, 0x0000000088d00000, 0x0000000088e00000|  0%| F|  |TAMS 0x0000000088d00000, 0x0000000088d00000| Untracked 
| 142|0x0000000088e00000, 0x0000000088e00000, 0x0000000088f00000|  0%| F|  |TAMS 0x0000000088e00000, 0x0000000088e00000| Untracked 
| 143|0x0000000088f00000, 0x0000000088f00000, 0x0000000089000000|  0%| F|  |TAMS 0x0000000088f00000, 0x0000000088f00000| Untracked 
| 144|0x0000000089000000, 0x0000000089000000, 0x0000000089100000|  0%| F|  |TAMS 0x0000000089000000, 0x0000000089000000| Untracked 
| 145|0x0000000089100000, 0x0000000089100000, 0x0000000089200000|  0%| F|  |TAMS 0x0000000089100000, 0x0000000089100000| Untracked 
| 146|0x0000000089200000, 0x0000000089200000, 0x0000000089300000|  0%| F|  |TAMS 0x0000000089200000, 0x0000000089200000| Untracked 
| 147|0x0000000089300000, 0x0000000089300000, 0x0000000089400000|  0%| F|  |TAMS 0x0000000089300000, 0x0000000089300000| Untracked 
| 148|0x0000000089400000, 0x0000000089400000, 0x0000000089500000|  0%| F|  |TAMS 0x0000000089400000, 0x0000000089400000| Untracked 
| 149|0x0000000089500000, 0x0000000089500000, 0x0000000089600000|  0%| F|  |TAMS 0x0000000089500000, 0x0000000089500000| Untracked 
| 150|0x0000000089600000, 0x0000000089600000, 0x0000000089700000|  0%| F|  |TAMS 0x0000000089600000, 0x0000000089600000| Untracked 
| 151|0x0000000089700000, 0x0000000089700000, 0x0000000089800000|  0%| F|  |TAMS 0x0000000089700000, 0x0000000089700000| Untracked 
| 152|0x0000000089800000, 0x0000000089800000, 0x0000000089900000|  0%| F|  |TAMS 0x0000000089800000, 0x0000000089800000| Untracked 
| 153|0x0000000089900000, 0x0000000089900000, 0x0000000089a00000|  0%| F|  |TAMS 0x0000000089900000, 0x0000000089900000| Untracked 
| 154|0x0000000089a00000, 0x0000000089a00000, 0x0000000089b00000|  0%| F|  |TAMS 0x0000000089a00000, 0x0000000089a00000| Untracked 
| 155|0x0000000089b00000, 0x0000000089b00000, 0x0000000089c00000|  0%| F|  |TAMS 0x0000000089b00000, 0x0000000089b00000| Untracked 
| 156|0x0000000089c00000, 0x0000000089c00000, 0x0000000089d00000|  0%| F|  |TAMS 0x0000000089c00000, 0x0000000089c00000| Untracked 
| 157|0x0000000089d00000, 0x0000000089d00000, 0x0000000089e00000|  0%| F|  |TAMS 0x0000000089d00000, 0x0000000089d00000| Untracked 
| 158|0x0000000089e00000, 0x0000000089e00000, 0x0000000089f00000|  0%| F|  |TAMS 0x0000000089e00000, 0x0000000089e00000| Untracked 
| 159|0x0000000089f00000, 0x0000000089f00000, 0x000000008a000000|  0%| F|  |TAMS 0x0000000089f00000, 0x0000000089f00000| Untracked 
| 160|0x000000008a000000, 0x000000008a000000, 0x000000008a100000|  0%| F|  |TAMS 0x000000008a000000, 0x000000008a000000| Untracked 
| 161|0x000000008a100000, 0x000000008a103038, 0x000000008a200000|  1%| E|  |TAMS 0x000000008a100000, 0x000000008a100000| Complete 
| 162|0x000000008a200000, 0x000000008a300000, 0x000000008a300000|100%| E|CS|TAMS 0x000000008a200000, 0x000000008a200000| Complete 
| 163|0x000000008a300000, 0x000000008a400000, 0x000000008a400000|100%| E|CS|TAMS 0x000000008a300000, 0x000000008a300000| Complete 
| 164|0x000000008a400000, 0x000000008a500000, 0x000000008a500000|100%| E|CS|TAMS 0x000000008a400000, 0x000000008a400000| Complete 
| 165|0x000000008a500000, 0x000000008a600000, 0x000000008a600000|100%| E|CS|TAMS 0x000000008a500000, 0x000000008a500000| Complete 
| 166|0x000000008a600000, 0x000000008a700000, 0x000000008a700000|100%| E|CS|TAMS 0x000000008a600000, 0x000000008a600000| Complete 
| 167|0x000000008a700000, 0x000000008a800000, 0x000000008a800000|100%| E|CS|TAMS 0x000000008a700000, 0x000000008a700000| Complete 
| 168|0x000000008a800000, 0x000000008a900000, 0x000000008a900000|100%| E|CS|TAMS 0x000000008a800000, 0x000000008a800000| Complete 
| 169|0x000000008a900000, 0x000000008aa00000, 0x000000008aa00000|100%| E|CS|TAMS 0x000000008a900000, 0x000000008a900000| Complete 
| 170|0x000000008aa00000, 0x000000008ab00000, 0x000000008ab00000|100%| E|CS|TAMS 0x000000008aa00000, 0x000000008aa00000| Complete 
| 171|0x000000008ab00000, 0x000000008ac00000, 0x000000008ac00000|100%| E|CS|TAMS 0x000000008ab00000, 0x000000008ab00000| Complete 
| 172|0x000000008ac00000, 0x000000008ad00000, 0x000000008ad00000|100%| E|CS|TAMS 0x000000008ac00000, 0x000000008ac00000| Complete 
| 173|0x000000008ad00000, 0x000000008ae00000, 0x000000008ae00000|100%| E|CS|TAMS 0x000000008ad00000, 0x000000008ad00000| Complete 
| 174|0x000000008ae00000, 0x000000008af00000, 0x000000008af00000|100%| E|CS|TAMS 0x000000008ae00000, 0x000000008ae00000| Complete 
| 175|0x000000008af00000, 0x000000008b000000, 0x000000008b000000|100%| E|CS|TAMS 0x000000008af00000, 0x000000008af00000| Complete 
| 176|0x000000008b000000, 0x000000008b100000, 0x000000008b100000|100%| E|CS|TAMS 0x000000008b000000, 0x000000008b000000| Complete 
| 177|0x000000008b100000, 0x000000008b200000, 0x000000008b200000|100%| E|CS|TAMS 0x000000008b100000, 0x000000008b100000| Complete 
| 178|0x000000008b200000, 0x000000008b300000, 0x000000008b300000|100%| E|CS|TAMS 0x000000008b200000, 0x000000008b200000| Complete 
| 179|0x000000008b300000, 0x000000008b400000, 0x000000008b400000|100%| E|CS|TAMS 0x000000008b300000, 0x000000008b300000| Complete 
| 180|0x000000008b400000, 0x000000008b500000, 0x000000008b500000|100%| E|CS|TAMS 0x000000008b400000, 0x000000008b400000| Complete 
| 181|0x000000008b500000, 0x000000008b600000, 0x000000008b600000|100%| E|CS|TAMS 0x000000008b500000, 0x000000008b500000| Complete 
| 182|0x000000008b600000, 0x000000008b700000, 0x000000008b700000|100%| E|CS|TAMS 0x000000008b600000, 0x000000008b600000| Complete 
| 183|0x000000008b700000, 0x000000008b800000, 0x000000008b800000|100%| E|CS|TAMS 0x000000008b700000, 0x000000008b700000| Complete 
| 184|0x000000008b800000, 0x000000008b900000, 0x000000008b900000|100%| E|CS|TAMS 0x000000008b800000, 0x000000008b800000| Complete 
| 185|0x000000008b900000, 0x000000008ba00000, 0x000000008ba00000|100%| E|CS|TAMS 0x000000008b900000, 0x000000008b900000| Complete 
| 186|0x000000008ba00000, 0x000000008bb00000, 0x000000008bb00000|100%| E|CS|TAMS 0x000000008ba00000, 0x000000008ba00000| Complete 
| 187|0x000000008bb00000, 0x000000008bc00000, 0x000000008bc00000|100%| E|CS|TAMS 0x000000008bb00000, 0x000000008bb00000| Complete 
| 188|0x000000008bc00000, 0x000000008bd00000, 0x000000008bd00000|100%| E|CS|TAMS 0x000000008bc00000, 0x000000008bc00000| Complete 
| 189|0x000000008bd00000, 0x000000008be00000, 0x000000008be00000|100%| E|CS|TAMS 0x000000008bd00000, 0x000000008bd00000| Complete 

Card table byte_map: [0x0000019068640000,0x0000019068a40000] _byte_map_base: 0x0000019068240000

Marking Bits (Prev, Next): (CMBitMap*) 0x0000019055760780, (CMBitMap*) 0x0000019055760748
 Prev Bits: [0x000001906ae40000, 0x000001906ce40000)
 Next Bits: [0x0000019068e40000, 0x000001906ae40000)

Polling page: 0x0000019054ef0000

Metaspace:

Usage:
  Non-class:     68.44 MB capacity,    67.24 MB ( 98%) used,  1008.46 KB (  1%) free+waste,   219.88 KB ( <1%) overhead. 
      Class:     10.92 MB capacity,    10.16 MB ( 93%) used,   680.02 KB (  6%) free+waste,   103.25 KB ( <1%) overhead. 
       Both:     79.36 MB capacity,    77.40 MB ( 98%) used,     1.65 MB (  2%) free+waste,   323.12 KB ( <1%) overhead. 

Virtual space:
  Non-class space:       70.00 MB reserved,      68.67 MB ( 98%) committed 
      Class space:        1.00 GB reserved,      10.98 MB (  1%) committed 
             Both:        1.07 GB reserved,      79.65 MB (  7%) committed 

Chunk freelists:
   Non-Class:  43.00 KB
       Class:  17.00 KB
        Both:  60.00 KB

MaxMetaspaceSize: 17179869184.00 GB
CompressedClassSpaceSize: 1.00 GB
Initial GC threshold: 20.80 MB
Current GC threshold: 98.59 MB
CDS: off

CodeHeap 'non-profiled nmethods': size=120064Kb used=4276Kb max_used=4276Kb free=115787Kb
 bounds [0x0000019060d00000, 0x0000019061130000, 0x0000019068240000]
CodeHeap 'profiled nmethods': size=120000Kb used=16487Kb max_used=16487Kb free=103512Kb
 bounds [0x00000190597d0000, 0x000001905a7f0000, 0x0000019060d00000]
CodeHeap 'non-nmethods': size=5696Kb used=2381Kb max_used=2424Kb free=3314Kb
 bounds [0x0000019059240000, 0x00000190594c0000, 0x00000190597d0000]
 total_blobs=8817 nmethods=7927 adapters=802
 compilation: enabled
              stopped_count=0, restarted_count=0
 full_count=0

Compilation events (20 events):
Event: 37.577 Thread 0x000001906fc04800 8041       3       org.gradle.internal.instantiation.generator.AbstractClassGenerator$PropertyMetadata::getGenericType (34 bytes)
Event: 37.578 Thread 0x000001906fc04800 nmethod 8041 0x000001905a7e1190 code [0x000001905a7e1400, 0x000001905a7e1f48]
Event: 37.584 Thread 0x000001906fc04800 8042       3       org.objectweb.asm.ByteVector::encodeUtf8 (337 bytes)
Event: 37.586 Thread 0x000001906fc04800 nmethod 8042 0x000001905a7e2290 code [0x000001905a7e25a0, 0x000001905a7e38d8]
Event: 37.586 Thread 0x000001906fc04800 8043       3       org.gradle.internal.instantiation.generator.AsmBackedClassGenerator$ClassBuilderImpl$12::<init> (80 bytes)
Event: 37.587 Thread 0x000001906fc04800 nmethod 8043 0x000001905a7e4190 code [0x000001905a7e44c0, 0x000001905a7e5848]
Event: 37.590 Thread 0x000001906fc04800 8044       3       org.gradle.internal.instantiation.generator.AsmBackedClassGenerator$ClassBuilderImpl::addServiceSupport (21 bytes)
Event: 37.591 Thread 0x000001906fc04800 nmethod 8044 0x000001905a7e5f10 code [0x000001905a7e6160, 0x000001905a7e6bd8]
Event: 37.591 Thread 0x000001906fc04800 8047       3       org.gradle.internal.instantiation.generator.AsmBackedClassGenerator$ClassBuilderImpl$$Lambda$608/0x00000001006e0440::<init> (26 bytes)
Event: 37.591 Thread 0x000001906fc04800 nmethod 8047 0x000001905a7e7010 code [0x000001905a7e71c0, 0x000001905a7e7438]
Event: 37.591 Thread 0x000001906fc04800 8048       3       org.gradle.internal.instantiation.generator.AsmBackedClassGenerator$ClassBuilderImpl$$Lambda$608/0x00000001006e0440::emit (21 bytes)
Event: 37.592 Thread 0x000001906fc04800 nmethod 8048 0x000001905a7e7510 code [0x000001905a7e76e0, 0x000001905a7e7908]
Event: 37.592 Thread 0x000001906fc04800 8049       3       org.gradle.internal.instantiation.generator.AsmBackedClassGenerator$ClassBuilderImpl::lambda$applyReadOnlyManagedStateToGetter$18 (15 bytes)
Event: 37.592 Thread 0x000001906fc04800 nmethod 8049 0x000001905a7e7a90 code [0x000001905a7e7c40, 0x000001905a7e7de8]
Event: 37.592 Thread 0x000001906fc04800 8045       3       org.gradle.internal.instantiation.generator.AsmBackedClassGenerator$ClassBuilderImpl::addServiceGetter (20 bytes)
Event: 37.592 Thread 0x000001906fc04800 nmethod 8045 0x000001905a7e7f10 code [0x000001905a7e8120, 0x000001905a7e86f8]
Event: 37.592 Thread 0x000001906fc04800 8046       3       org.gradle.internal.instantiation.generator.AsmBackedClassGenerator$ClassBuilderImpl$$Lambda$166/0x000000010032d840::emit (25 bytes)
Event: 37.592 Thread 0x000001906fc04800 nmethod 8046 0x000001905a7e8990 code [0x000001905a7e8b60, 0x000001905a7e8d88]
Event: 37.594 Thread 0x000001906fc04800 8050       3       java.util.ArrayList::addAll (76 bytes)
Event: 37.594 Thread 0x000001906fc04800 nmethod 8050 0x000001905a7e8f10 code [0x000001905a7e9120, 0x000001905a7e9718]

GC Heap History (20 events):
Event: 14.932 GC heap before
{Heap before GC invocations=1 (full 0):
 garbage-first heap   total 194560K, used 115493K [0x0000000080000000, 0x0000000100000000)
  region size 1024K, 108 young (110592K), 2 survivors (2048K)
 Metaspace       used 20814K, capacity 21187K, committed 21296K, reserved 1069056K
  class space    used 2524K, capacity 2685K, committed 2688K, reserved 1048576K
}
Event: 14.942 GC heap after
{Heap after GC invocations=2 (full 0):
 garbage-first heap   total 194560K, used 17040K [0x0000000080000000, 0x0000000100000000)
  region size 1024K, 12 young (12288K), 12 survivors (12288K)
 Metaspace       used 20814K, capacity 21187K, committed 21296K, reserved 1069056K
  class space    used 2524K, capacity 2685K, committed 2688K, reserved 1048576K
}
Event: 15.460 GC heap before
{Heap before GC invocations=3 (full 0):
 garbage-first heap   total 194560K, used 45712K [0x0000000080000000, 0x0000000100000000)
  region size 1024K, 40 young (40960K), 12 survivors (12288K)
 Metaspace       used 23777K, capacity 24323K, committed 24496K, reserved 1071104K
  class space    used 3001K, capacity 3226K, committed 3328K, reserved 1048576K
}
Event: 15.473 GC heap after
{Heap after GC invocations=4 (full 0):
 garbage-first heap   total 194560K, used 18863K [0x0000000080000000, 0x0000000100000000)
  region size 1024K, 2 young (2048K), 2 survivors (2048K)
 Metaspace       used 23777K, capacity 24323K, committed 24496K, reserved 1071104K
  class space    used 3001K, capacity 3226K, committed 3328K, reserved 1048576K
}
Event: 16.290 GC heap before
{Heap before GC invocations=4 (full 0):
 garbage-first heap   total 194560K, used 80303K [0x0000000080000000, 0x0000000100000000)
  region size 1024K, 62 young (63488K), 2 survivors (2048K)
 Metaspace       used 29677K, capacity 30362K, committed 30512K, reserved 1075200K
  class space    used 3934K, capacity 4206K, committed 4224K, reserved 1048576K
}
Event: 16.294 GC heap after
{Heap after GC invocations=5 (full 0):
 garbage-first heap   total 194560K, used 20616K [0x0000000080000000, 0x0000000100000000)
  region size 1024K, 4 young (4096K), 4 survivors (4096K)
 Metaspace       used 29677K, capacity 30362K, committed 30512K, reserved 1075200K
  class space    used 3934K, capacity 4206K, committed 4224K, reserved 1048576K
}
Event: 16.897 GC heap before
{Heap before GC invocations=5 (full 0):
 garbage-first heap   total 194560K, used 51336K [0x0000000080000000, 0x0000000100000000)
  region size 1024K, 35 young (35840K), 4 survivors (4096K)
 Metaspace       used 34912K, capacity 35734K, committed 35888K, reserved 1081344K
  class space    used 4558K, capacity 4889K, committed 4992K, reserved 1048576K
}
Event: 16.905 GC heap after
{Heap after GC invocations=6 (full 0):
 garbage-first heap   total 194560K, used 22869K [0x0000000080000000, 0x0000000100000000)
  region size 1024K, 6 young (6144K), 6 survivors (6144K)
 Metaspace       used 34912K, capacity 35734K, committed 35888K, reserved 1081344K
  class space    used 4558K, capacity 4889K, committed 4992K, reserved 1048576K
}
Event: 18.564 GC heap before
{Heap before GC invocations=7 (full 0):
 garbage-first heap   total 194560K, used 125269K [0x0000000080000000, 0x0000000100000000)
  region size 1024K, 104 young (106496K), 6 survivors (6144K)
 Metaspace       used 43875K, capacity 44968K, committed 45232K, reserved 1089536K
  class space    used 5632K, capacity 6034K, committed 6144K, reserved 1048576K
}
Event: 18.584 GC heap after
{Heap after GC invocations=8 (full 0):
 garbage-first heap   total 194560K, used 30326K [0x0000000080000000, 0x0000000100000000)
  region size 1024K, 13 young (13312K), 13 survivors (13312K)
 Metaspace       used 43875K, capacity 44968K, committed 45232K, reserved 1089536K
  class space    used 5632K, capacity 6034K, committed 6144K, reserved 1048576K
}
Event: 24.552 GC heap before
{Heap before GC invocations=8 (full 0):
 garbage-first heap   total 194560K, used 134774K [0x0000000080000000, 0x0000000100000000)
  region size 1024K, 111 young (113664K), 13 survivors (13312K)
 Metaspace       used 49944K, capacity 51390K, committed 51632K, reserved 1093632K
  class space    used 6326K, capacity 6878K, committed 6912K, reserved 1048576K
}
Event: 24.572 GC heap after
{Heap after GC invocations=9 (full 0):
 garbage-first heap   total 194560K, used 42729K [0x0000000080000000, 0x0000000100000000)
  region size 1024K, 11 young (11264K), 11 survivors (11264K)
 Metaspace       used 49944K, capacity 51390K, committed 51632K, reserved 1093632K
  class space    used 6326K, capacity 6878K, committed 6912K, reserved 1048576K
}
Event: 26.160 GC heap before
{Heap before GC invocations=9 (full 0):
 garbage-first heap   total 194560K, used 106217K [0x0000000080000000, 0x0000000100000000)
  region size 1024K, 74 young (75776K), 11 survivors (11264K)
 Metaspace       used 58602K, capacity 60178K, committed 60208K, reserved 1101824K
  class space    used 7439K, capacity 8061K, committed 8064K, reserved 1048576K
}
Event: 26.174 GC heap after
{Heap after GC invocations=10 (full 0):
 garbage-first heap   total 194560K, used 45891K [0x0000000080000000, 0x0000000100000000)
  region size 1024K, 4 young (4096K), 4 survivors (4096K)
 Metaspace       used 58602K, capacity 60178K, committed 60208K, reserved 1101824K
  class space    used 7439K, capacity 8061K, committed 8064K, reserved 1048576K
}
Event: 28.932 GC heap before
{Heap before GC invocations=11 (full 0):
 garbage-first heap   total 194560K, used 145219K [0x0000000080000000, 0x0000000100000000)
  region size 1024K, 93 young (95232K), 4 survivors (4096K)
 Metaspace       used 65290K, capacity 67037K, committed 67356K, reserved 1107968K
  class space    used 8294K, capacity 8959K, committed 9068K, reserved 1048576K
}
Event: 28.944 GC heap after
{Heap after GC invocations=12 (full 0):
 garbage-first heap   total 194560K, used 53285K [0x0000000080000000, 0x0000000100000000)
  region size 1024K, 11 young (11264K), 11 survivors (11264K)
 Metaspace       used 65290K, capacity 67037K, committed 67356K, reserved 1107968K
  class space    used 8294K, capacity 8959K, committed 9068K, reserved 1048576K
}
Event: 33.432 GC heap before
{Heap before GC invocations=12 (full 0):
 garbage-first heap   total 194560K, used 142373K [0x0000000080000000, 0x0000000100000000)
  region size 1024K, 98 young (100352K), 11 survivors (11264K)
 Metaspace       used 71275K, capacity 73099K, committed 73244K, reserved 1112064K
  class space    used 9271K, capacity 9965K, committed 10092K, reserved 1048576K
}
Event: 33.452 GC heap after
{Heap after GC invocations=13 (full 0):
 garbage-first heap   total 194560K, used 59068K [0x0000000080000000, 0x0000000100000000)
  region size 1024K, 6 young (6144K), 6 survivors (6144K)
 Metaspace       used 71275K, capacity 73099K, committed 73244K, reserved 1112064K
  class space    used 9271K, capacity 9965K, committed 10092K, reserved 1048576K
}
Event: 34.661 GC heap before
{Heap before GC invocations=13 (full 0):
 garbage-first heap   total 194560K, used 147132K [0x0000000080000000, 0x0000000100000000)
  region size 1024K, 92 young (94208K), 6 survivors (6144K)
 Metaspace       used 76049K, capacity 77930K, committed 77980K, reserved 1116160K
  class space    used 9975K, capacity 10684K, committed 10732K, reserved 1048576K
}
Event: 34.691 GC heap after
{Heap after GC invocations=14 (full 0):
 garbage-first heap   total 194560K, used 64188K [0x0000000080000000, 0x0000000100000000)
  region size 1024K, 11 young (11264K), 11 survivors (11264K)
 Metaspace       used 76049K, capacity 77930K, committed 77980K, reserved 1116160K
  class space    used 9975K, capacity 10684K, committed 10732K, reserved 1048576K
}

Deoptimization events (20 events):
Event: 34.724 Thread 0x0000019071434800 DEOPT PACKING pc=0x0000019060fc7b98 sp=0x0000005ff45f7f30
Event: 34.724 Thread 0x0000019071434800 DEOPT UNPACKING pc=0x00000190592485af sp=0x0000005ff45f7db8 mode 2
Event: 35.169 Thread 0x0000019071434800 Uncommon trap: trap_request=0xfffffff4 fr.pc=0x0000019060fc7d34 relative=0x0000000000001b34
Event: 35.169 Thread 0x0000019071434800 Uncommon trap: reason=null_check action=make_not_entrant pc=0x0000019060fc7d34 method=java.lang.Class.createAnnotationData(I)Ljava/lang/Class$AnnotationData; @ 14 c2
Event: 35.169 Thread 0x0000019071434800 DEOPT PACKING pc=0x0000019060fc7d34 sp=0x0000005ff45f7700
Event: 35.169 Thread 0x0000019071434800 DEOPT UNPACKING pc=0x00000190592485af sp=0x0000005ff45f76b0 mode 2
Event: 36.567 Thread 0x0000019071434800 DEOPT PACKING pc=0x000001905a3560cd sp=0x0000005ff45f78c0
Event: 36.567 Thread 0x0000019071434800 DEOPT UNPACKING pc=0x0000019059289d0e sp=0x0000005ff45f6e88 mode 0
Event: 37.057 Thread 0x0000019071434800 Uncommon trap: trap_request=0xffffff4d fr.pc=0x0000019060ed4104 relative=0x0000000000000704
Event: 37.057 Thread 0x0000019071434800 Uncommon trap: reason=unstable_if action=reinterpret pc=0x0000019060ed4104 method=java.util.HashMap.putVal(ILjava/lang/Object;Ljava/lang/Object;ZZ)Ljava/lang/Object; @ 109 c2
Event: 37.057 Thread 0x0000019071434800 DEOPT PACKING pc=0x0000019060ed4104 sp=0x0000005ff45f76a0
Event: 37.057 Thread 0x0000019071434800 DEOPT UNPACKING pc=0x00000190592485af sp=0x0000005ff45f75b8 mode 2
Event: 37.057 Thread 0x0000019071434800 Uncommon trap: trap_request=0xffffff4d fr.pc=0x0000019060f8ff84 relative=0x0000000000000684
Event: 37.057 Thread 0x0000019071434800 Uncommon trap: reason=unstable_if action=reinterpret pc=0x0000019060f8ff84 method=java.util.HashMap.putVal(ILjava/lang/Object;Ljava/lang/Object;ZZ)Ljava/lang/Object; @ 109 c2
Event: 37.057 Thread 0x0000019071434800 DEOPT PACKING pc=0x0000019060f8ff84 sp=0x0000005ff45f75f0
Event: 37.057 Thread 0x0000019071434800 DEOPT UNPACKING pc=0x00000190592485af sp=0x0000005ff45f75a8 mode 2
Event: 37.060 Thread 0x0000019071434800 DEOPT PACKING pc=0x000001905a355fd6 sp=0x0000005ff45f78c0
Event: 37.060 Thread 0x0000019071434800 DEOPT UNPACKING pc=0x0000019059289d0e sp=0x0000005ff45f6e88 mode 0
Event: 37.575 Thread 0x0000019071434800 DEOPT PACKING pc=0x000001905a3560cd sp=0x0000005ff45f7720
Event: 37.575 Thread 0x0000019071434800 DEOPT UNPACKING pc=0x0000019059289d0e sp=0x0000005ff45f6cc0 mode 0

Classes redefined (0 events):
No events

Internal exceptions (20 events):
Event: 34.044 Thread 0x0000019071434800 Exception <a 'java/lang/ClassNotFoundException'{0x0000000089703400}: org/gradle/api/internal/artifacts/configurations/DefaultConfigurationCustomizer> (0x0000000089703400) thrown at [src/hotspot/share/classfile/systemDictionary.cpp, line 230]
Event: 34.049 Thread 0x0000019071434800 Exception <a 'java/lang/ClassNotFoundException'{0x0000000089796f88}: org/gradle/api/internal/artifacts/configurations/DefaultConfiguration_DecoratedCustomizer> (0x0000000089796f88) thrown at [src/hotspot/share/classfile/systemDictionary.cpp, line 230]
Event: 34.060 Thread 0x0000019071434800 Exception <a 'java/lang/ClassNotFoundException'{0x000000008942baf0}: org/codehaus/groovy/runtime/MethodClosureBeanInfo> (0x000000008942baf0) thrown at [src/hotspot/share/classfile/systemDictionary.cpp, line 230]
Event: 34.062 Thread 0x0000019071434800 Exception <a 'java/lang/ClassNotFoundException'{0x0000000089206fe8}: org/codehaus/groovy/runtime/MethodClosureCustomizer> (0x0000000089206fe8) thrown at [src/hotspot/share/classfile/systemDictionary.cpp, line 230]
Event: 34.065 Thread 0x0000019071434800 Exception <a 'java/lang/ClassNotFoundException'{0x0000000089277510}: org/gradle/api/internal/artifacts/configurations/DefaultConfiguration$ConfigurationResolvableDependencies_DecoratedBeanInfo> (0x0000000089277510) thrown at [src/hotspot/share/classfile/systemDictionary.cpp, line 230]
Event: 34.066 Thread 0x0000019071434800 Exception <a 'java/lang/ClassNotFoundException'{0x00000000892b0440}: org/gradle/api/internal/artifacts/configurations/DefaultConfiguration$ConfigurationResolvableDependenciesBeanInfo> (0x00000000892b0440) thrown at [src/hotspot/share/classfile/systemDictionary.cpp, line 230]
Event: 34.067 Thread 0x0000019071434800 Exception <a 'java/lang/ClassNotFoundException'{0x00000000892ea2e8}: org/gradle/api/internal/artifacts/configurations/DefaultConfiguration$ConfigurationResolvableDependenciesCustomizer> (0x00000000892ea2e8) thrown at [src/hotspot/share/classfile/systemDictionary.cpp, line 230]
Event: 34.068 Thread 0x0000019071434800 Exception <a 'java/lang/ClassNotFoundException'{0x0000000089135520}: org/gradle/api/internal/artifacts/configurations/DefaultConfiguration$ConfigurationResolvableDependencies_DecoratedCustomizer> (0x0000000089135520) thrown at [src/hotspot/share/classfile/systemDictionary.cpp, line 230]
Event: 34.157 Thread 0x0000019071434800 Implicit null exception at 0x0000019060f2eb16 to 0x0000019060f2f1c8
Event: 34.382 Thread 0x0000019071434800 Exception <a 'java/lang/NoSuchMethodError'{0x0000000087f863b0}: 'java.lang.Object java.lang.invoke.DirectMethodHandle$Holder.invokeStatic(java.lang.Object, java.lang.Object, java.lang.Object, java.lang.Object, java.lang.Object, java.lang.Object, int)'> (0x0000000087f863b0) thrown at [src/hotspot/share/interpreter/linkResolver.cpp, line 773]
Event: 34.383 Thread 0x0000019071434800 Exception <a 'java/lang/NoSuchMethodError'{0x0000000087f9dd00}: 'java.lang.Object java.lang.invoke.DirectMethodHandle$Holder.invokeStatic(java.lang.Object, java.lang.Object, java.lang.Object, java.lang.Object, java.lang.Object, java.lang.Object, int, int)'> (0x0000000087f9dd00) thrown at [src/hotspot/share/interpreter/linkResolver.cpp, line 773]
Event: 34.384 Thread 0x0000019071434800 Exception <a 'java/lang/NoSuchMethodError'{0x0000000087fb62b8}: 'java.lang.Object java.lang.invoke.DirectMethodHandle$Holder.invokeStatic(java.lang.Object, java.lang.Object, java.lang.Object, java.lang.Object, java.lang.Object, java.lang.Object, int, int, java.lang.Object)'> (0x0000000087fb62b8) thrown at [src/hotspot/share/interpreter/linkResolver.cpp, line 773]
Event: 34.510 Thread 0x0000019071434800 Exception <a 'sun/nio/fs/WindowsException'{0x0000000087531ab0}> (0x0000000087531ab0) thrown at [src/hotspot/share/prims/jni.cpp, line 617]
Event: 34.617 Thread 0x0000019071434800 Exception <a 'java/lang/NullPointerException'{0x0000000086bbb060}> (0x0000000086bbb060) thrown at [src/hotspot/share/interpreter/linkResolver.cpp, line 1440]
Event: 35.169 Thread 0x0000019071434800 Implicit null exception at 0x0000019060fc62c7 to 0x0000019060fc7d0c
Event: 36.019 Thread 0x0000019071434800 Exception <a 'sun/nio/fs/WindowsException'{0x000000008ad2f720}> (0x000000008ad2f720) thrown at [src/hotspot/share/prims/jni.cpp, line 617]
Event: 36.020 Thread 0x0000019071434800 Exception <a 'sun/nio/fs/WindowsException'{0x000000008ad30ab0}> (0x000000008ad30ab0) thrown at [src/hotspot/share/prims/jni.cpp, line 617]
Event: 36.023 Thread 0x0000019071434800 Exception <a 'sun/nio/fs/WindowsException'{0x000000008ad31e78}> (0x000000008ad31e78) thrown at [src/hotspot/share/prims/jni.cpp, line 617]
Event: 36.023 Thread 0x0000019071434800 Exception <a 'sun/nio/fs/WindowsException'{0x000000008ad33240}> (0x000000008ad33240) thrown at [src/hotspot/share/prims/jni.cpp, line 617]
Event: 37.081 Thread 0x0000019071434800 Exception <a 'java/lang/NoSuchMethodError'{0x000000008a422260}: 'java.lang.Object java.lang.invoke.Invokers$Holder.linkToTargetMethod(java.lang.Object, int, java.lang.Object)'> (0x000000008a422260) thrown at [src/hotspot/share/interpreter/linkResolver.cpp, line 773]

Events (20 events):
Event: 37.570 loading class com/android/build/gradle/internal/lint/ProjectInputs
Event: 37.570 loading class com/android/build/gradle/internal/lint/ProjectInputs done
Event: 37.573 loading class com/android/build/gradle/internal/lint/VariantInputs
Event: 37.573 loading class com/android/build/gradle/internal/lint/VariantInputs done
Event: 37.579 loading class com/android/build/gradle/internal/lint/LintOptionsInput
Event: 37.579 loading class com/android/build/gradle/internal/lint/LintOptionsInput done
Event: 37.580 loading class com/android/tools/lint/model/LintModelModule
Event: 37.580 loading class com/android/tools/lint/model/LintModelModule done
Event: 37.581 loading class com/android/build/gradle/internal/lint/LintMode
Event: 37.581 loading class com/android/build/gradle/internal/lint/LintMode done
Event: 37.582 loading class com/android/tools/lint/model/LintModelModuleType
Event: 37.582 loading class com/android/tools/lint/model/LintModelModuleType done
Event: 37.586 loading class com/android/build/gradle/internal/lint/ProjectInputs$initializeFromProject$1
Event: 37.586 loading class com/android/build/gradle/internal/lint/ProjectInputs$initializeFromProject$1 done
Event: 37.588 loading class com/android/tools/lint/model/LintModelLintOptions
Event: 37.588 loading class com/android/tools/lint/model/LintModelLintOptions done
Event: 37.593 loading class com/android/build/gradle/internal/lint/LintOptionsInput$WhenMappings
Event: 37.593 loading class com/android/build/gradle/internal/lint/LintOptionsInput$WhenMappings done
Event: 37.594 loading class com/android/build/gradle/internal/lint/SdkVersionInput
Event: 37.594 loading class com/android/build/gradle/internal/lint/SdkVersionInput done


Dynamic libraries:
0x00007ff6642e0000 - 0x00007ff6642ea000 	D:\Android Studio\jbr\bin\java.exe
0x00007ffb5a8f0000 - 0x00007ffb5ab04000 	C:\WINDOWS\SYSTEM32\ntdll.dll
0x00007ffb587a0000 - 0x00007ffb58862000 	C:\WINDOWS\System32\KERNEL32.DLL
0x00007ffb58340000 - 0x00007ffb586e3000 	C:\WINDOWS\System32\KERNELBASE.dll
0x00007ffb58220000 - 0x00007ffb58331000 	C:\WINDOWS\System32\ucrtbase.dll
0x00007ffb3f0b0000 - 0x00007ffb3f0c7000 	D:\Android Studio\jbr\bin\jli.dll
0x00007ffb3f970000 - 0x00007ffb3f98b000 	D:\Android Studio\jbr\bin\VCRUNTIME140.dll
0x00007ffb59dc0000 - 0x00007ffb59f6b000 	C:\WINDOWS\System32\USER32.dll
0x00007ffb41510000 - 0x00007ffb4179e000 	C:\WINDOWS\WinSxS\amd64_microsoft.windows.common-controls_6595b64144ccf1df_6.0.22621.1635_none_270f70857386168e\COMCTL32.dll
0x00007ffb57e50000 - 0x00007ffb57e76000 	C:\WINDOWS\System32\win32u.dll
0x00007ffb586f0000 - 0x00007ffb58797000 	C:\WINDOWS\System32\msvcrt.dll
0x00007ffb589c0000 - 0x00007ffb589e9000 	C:\WINDOWS\System32\GDI32.dll
0x00007ffb58090000 - 0x00007ffb581a8000 	C:\WINDOWS\System32\gdi32full.dll
0x00007ffb57ff0000 - 0x00007ffb5808a000 	C:\WINDOWS\System32\msvcp_win.dll
0x00007ffb5a030000 - 0x00007ffb5a061000 	C:\WINDOWS\System32\IMM32.DLL
0x00007ffb32360000 - 0x00007ffb323ed000 	D:\Android Studio\jbr\bin\msvcp140.dll
0x00007ffb06ba0000 - 0x00007ffb06bac000 	C:\WINDOWS\SYSTEM32\VCRUNTIME140_1.dll
0x00007ffb02a30000 - 0x00007ffb035ec000 	D:\Android Studio\jbr\bin\server\jvm.dll
0x00007ffb5a5c0000 - 0x00007ffb5a66e000 	C:\WINDOWS\System32\ADVAPI32.dll
0x00007ffb59f70000 - 0x00007ffb5a014000 	C:\WINDOWS\System32\sechost.dll
0x00007ffb596c0000 - 0x00007ffb597d7000 	C:\WINDOWS\System32\RPCRT4.dll
0x00007ffb59900000 - 0x00007ffb59908000 	C:\WINDOWS\System32\PSAPI.DLL
0x00007ffb06b70000 - 0x00007ffb06b79000 	C:\WINDOWS\SYSTEM32\WSOCK32.dll
0x00007ffb51820000 - 0x00007ffb51854000 	C:\WINDOWS\SYSTEM32\WINMM.dll
0x00007ffb4f9a0000 - 0x00007ffb4f9aa000 	C:\WINDOWS\SYSTEM32\VERSION.dll
0x00007ffb594f0000 - 0x00007ffb59561000 	C:\WINDOWS\System32\WS2_32.dll
0x00007ffb56e50000 - 0x00007ffb56e68000 	C:\WINDOWS\SYSTEM32\kernel.appcore.dll
0x00007ffb06b40000 - 0x00007ffb06b50000 	D:\Android Studio\jbr\bin\verify.dll
0x00007ffb558c0000 - 0x00007ffb55aee000 	C:\WINDOWS\SYSTEM32\DBGHELP.DLL
0x00007ffb5a230000 - 0x00007ffb5a5b9000 	C:\WINDOWS\System32\combase.dll
0x00007ffb59570000 - 0x00007ffb59647000 	C:\WINDOWS\System32\OLEAUT32.dll
0x00007ffb3ed30000 - 0x00007ffb3ed62000 	C:\WINDOWS\SYSTEM32\dbgcore.DLL
0x00007ffb57dd0000 - 0x00007ffb57e4b000 	C:\WINDOWS\System32\bcryptPrimitives.dll
0x00007ffb06ae0000 - 0x00007ffb06b08000 	D:\Android Studio\jbr\bin\java.dll
0x00007ffb06ad0000 - 0x00007ffb06ada000 	D:\Android Studio\jbr\bin\jimage.dll
0x00007ffb068e0000 - 0x00007ffb068f8000 	D:\Android Studio\jbr\bin\zip.dll
0x00007ffb589f0000 - 0x00007ffb591ea000 	C:\WINDOWS\System32\SHELL32.dll
0x00007ffb55d20000 - 0x00007ffb565ee000 	C:\WINDOWS\SYSTEM32\windows.storage.dll
0x00007ffb55be0000 - 0x00007ffb55d1e000 	C:\WINDOWS\SYSTEM32\wintypes.dll
0x00007ffb58870000 - 0x00007ffb58961000 	C:\WINDOWS\System32\SHCORE.dll
0x00007ffb5a780000 - 0x00007ffb5a7de000 	C:\WINDOWS\System32\shlwapi.dll
0x00007ffb57c40000 - 0x00007ffb57c61000 	C:\WINDOWS\SYSTEM32\profapi.dll
0x00007ffb06260000 - 0x00007ffb06279000 	D:\Android Studio\jbr\bin\net.dll
0x00007ffb511b0000 - 0x00007ffb512e7000 	C:\WINDOWS\SYSTEM32\WINHTTP.dll
0x00007ffb572c0000 - 0x00007ffb57329000 	C:\WINDOWS\system32\mswsock.dll
0x00007ffb06240000 - 0x00007ffb06253000 	D:\Android Studio\jbr\bin\nio.dll
0x00007ffb318e0000 - 0x00007ffb31907000 	C:\Users\Acer\.gradle\native\e1d6ef7f7dcc3fd88c89a11ec53ec762bb8ba0a96d01ffa2cd45eb1d1d8dd5c5\windows-amd64\native-platform.dll
0x00007ffb32210000 - 0x00007ffb32354000 	C:\Users\Acer\.gradle\native\0d407fdbe67a94daf76414ababcb853783967236a71b16ec16e742cd7a986fd3\windows-amd64\native-platform-file-events.dll
0x00007ffb52780000 - 0x00007ffb5278a000 	D:\Android Studio\jbr\bin\management.dll
0x00007ffb52770000 - 0x00007ffb5277b000 	D:\Android Studio\jbr\bin\management_ext.dll
0x00007ffb57520000 - 0x00007ffb5753b000 	C:\WINDOWS\SYSTEM32\CRYPTSP.dll
0x00007ffb56dc0000 - 0x00007ffb56df5000 	C:\WINDOWS\system32\rsaenh.dll
0x00007ffb573c0000 - 0x00007ffb573e8000 	C:\WINDOWS\SYSTEM32\USERENV.dll
0x00007ffb576e0000 - 0x00007ffb57708000 	C:\WINDOWS\SYSTEM32\bcrypt.dll
0x00007ffb57540000 - 0x00007ffb5754c000 	C:\WINDOWS\SYSTEM32\CRYPTBASE.dll
0x00007ffb568c0000 - 0x00007ffb568ed000 	C:\WINDOWS\SYSTEM32\IPHLPAPI.DLL
0x00007ffb5a020000 - 0x00007ffb5a029000 	C:\WINDOWS\System32\NSI.dll
0x00007ffb50b30000 - 0x00007ffb50b49000 	C:\WINDOWS\SYSTEM32\dhcpcsvc6.DLL
0x00007ffb50b10000 - 0x00007ffb50b2f000 	C:\WINDOWS\SYSTEM32\dhcpcsvc.DLL
0x00007ffb56930000 - 0x00007ffb56a23000 	C:\WINDOWS\SYSTEM32\DNSAPI.dll

dbghelp: loaded successfully - version: 4.0.5 - missing functions: none
symbol engine: initialized successfully - sym options: 0x614 - pdb path: .;D:\Android Studio\jbr\bin;C:\WINDOWS\SYSTEM32;C:\WINDOWS\WinSxS\amd64_microsoft.windows.common-controls_6595b64144ccf1df_6.0.22621.1635_none_270f70857386168e;D:\Android Studio\jbr\bin\server;C:\Users\Acer\.gradle\native\e1d6ef7f7dcc3fd88c89a11ec53ec762bb8ba0a96d01ffa2cd45eb1d1d8dd5c5\windows-amd64;C:\Users\Acer\.gradle\native\0d407fdbe67a94daf76414ababcb853783967236a71b16ec16e742cd7a986fd3\windows-amd64

VM Arguments:
jvm_args: --add-opens=java.base/java.util=ALL-UNNAMED --add-opens=java.base/java.lang=ALL-UNNAMED --add-opens=java.base/java.lang.invoke=ALL-UNNAMED --add-opens=java.base/java.util=ALL-UNNAMED --add-opens=java.prefs/java.util.prefs=ALL-UNNAMED --add-opens=java.prefs/java.util.prefs=ALL-UNNAMED --add-opens=java.base/java.nio.charset=ALL-UNNAMED --add-opens=java.base/java.net=ALL-UNNAMED --add-opens=java.base/java.util.concurrent.atomic=ALL-UNNAMED -Xmx2048m -Dfile.encoding=UTF-8 -Duser.country=US -Duser.language=en -Duser.variant 
java_command: org.gradle.launcher.daemon.bootstrap.GradleDaemon 7.5
java_class_path (initial): C:\Users\Acer\.gradle\wrapper\dists\gradle-7.5-bin\f1w0cc9nuo0eivz97x2xlu9sv\gradle-7.5\lib\gradle-launcher-7.5.jar
Launcher Type: SUN_STANDARD

[Global flags]
     intx CICompilerCount                          = 3                                         {product} {ergonomic}
     uint ConcGCThreads                            = 1                                         {product} {ergonomic}
     uint G1ConcRefinementThreads                  = 4                                         {product} {ergonomic}
   size_t G1HeapRegionSize                         = 1048576                                   {product} {ergonomic}
    uintx GCDrainStackTargetSize                   = 64                                        {product} {ergonomic}
   size_t InitialHeapSize                          = 199229440                                 {product} {ergonomic}
   size_t MarkStackSize                            = 4194304                                   {product} {ergonomic}
   size_t MaxHeapSize                              = 2147483648                                {product} {command line}
   size_t MaxNewSize                               = 1287651328                                {product} {ergonomic}
   size_t MinHeapDeltaBytes                        = 1048576                                   {product} {ergonomic}
    uintx NonNMethodCodeHeapSize                   = 5830732                                {pd product} {ergonomic}
    uintx NonProfiledCodeHeapSize                  = 122913754                              {pd product} {ergonomic}
    uintx ProfiledCodeHeapSize                     = 122913754                              {pd product} {ergonomic}
    uintx ReservedCodeCacheSize                    = 251658240                              {pd product} {ergonomic}
     bool SegmentedCodeCache                       = true                                      {product} {ergonomic}
     bool UseCompressedClassPointers               = true                                 {lp64_product} {ergonomic}
     bool UseCompressedOops                        = true                                 {lp64_product} {ergonomic}
     bool UseG1GC                                  = true                                      {product} {ergonomic}
     bool UseLargePagesIndividualAllocation        = false                                  {pd product} {ergonomic}

Logging:
Log output configuration:
 #0: stdout all=warning uptime,level,tags
 #1: stderr all=off uptime,level,tags

Environment Variables:
PATH=C:\Program Files (x86)\Common Files\Oracle\Java\javapath;C:\WINDOWS\system32;C:\WINDOWS;C:\WINDOWS\System32\Wbem;C:\WINDOWS\System32\WindowsPowerShell\v1.0\;C:\WINDOWS\System32\OpenSSH\;C:\Users\Acer\AppData\Local\Microsoft\WindowsApps;;C:\Users\Acer\AppData\Local\Programs\Microsoft VS Code\bin
USERNAME=Acer
OS=Windows_NT
PROCESSOR_IDENTIFIER=Intel64 Family 6 Model 126 Stepping 5, GenuineIntel



---------------  S Y S T E M  ---------------

OS: Windows 11 , 64 bit Build 22621 (10.0.22621.1635)
OS uptime: 0 days 13:04 hours

CPU:total 4 (initial active 4) (2 cores per cpu, 2 threads per core) family 6 model 126 stepping 5 microcode 0x96, cmov, cx8, fxsr, mmx, sse, sse2, sse3, ssse3, sse4.1, sse4.2, popcnt, avx, avx2, aes, clmul, erms, 3dnowpref, lzcnt, ht, tsc, tscinvbit, bmi1, bmi2, adx, evex, sha, fma

Memory: 4k page, system-wide physical 12055M (241M free)
TotalPageFile size 14103M (AvailPageFile size 8M)
current process WorkingSet (physical memory assigned to process): 388M, peak: 389M
current process commit charge ("private bytes"): 437M, peak: 440M

vm_info: OpenJDK 64-Bit Server VM (11.0.15+0-b2043.56-8887301) for windows-amd64 JRE (11.0.15+0-b2043.56-8887301), built on Jul 29 2022 23:19:47 by "builduser" with unknown MS VC++:1929

END.
